#
# There is insufficient memory for the Java Runtime Environment to continue.
# Native memory allocation (malloc) failed to allocate 675456 bytes for Chunk::new
# Possible reasons:
#   The system is out of physical RAM or swap space
#   The process is running with CompressedOops enabled, and the Java Heap may be blocking the growth of the native heap
# Possible solutions:
#   Reduce memory load on the system
#   Increase physical memory or swap space
#   Check if swap backing store is full
#   Decrease Java heap size (-Xmx/-Xms)
#   Decrease number of Java threads
#   Decrease Java thread stack sizes (-Xss)
#   Set larger code cache with -XX:ReservedCodeCacheSize=
#   JVM is running with Zero Based Compressed Oops mode in which the Java heap is
#     placed in the first 32GB address space. The Java Heap base address is the
#     maximum limit for the native heap growth. Please use -XX:HeapBaseMinAddress
#     to set the Java Heap base and to place the Java Heap above 32GB virtual address.
# This output file may be truncated or incomplete.
#
#  Out of Memory Error (./src/hotspot/share/memory/arena.cpp:197), pid=22136, tid=4688
#
# JRE version: OpenJDK Runtime Environment Microsoft-7208460 (11.0.18+10) (build 11.0.18+10-LTS)
# Java VM: OpenJDK 64-Bit Server VM Microsoft-7208460 (11.0.18+10-LTS, mixed mode, tiered, compressed oops, g1 gc, windows-amd64)
# No core dump will be written. Minidumps are not enabled by default on client versions of Windows
#

---------------  S U M M A R Y ------------

Command Line: org.jetbrains.kotlin.cli.jvm.K2JVMCompiler @D:\MusinexFull\Frontend\node_modules\react-native-gesture-handler\android\build\20230716_13532045983680653913.compiler.options

Host: AMD Ryzen 7 5800H with Radeon Graphics         , 16 cores, 15G,  Windows 11 , 64 bit Build 22621 (10.0.22621.1928)
Time: Sun Jul 16 18:43:04 2023  Windows 11 , 64 bit Build 22621 (10.0.22621.1928) elapsed time: 2.670041 seconds (0d 0h 0m 2s)

---------------  T H R E A D  ---------------

Current thread (0x0000028cc3a2c800):  JavaThread "C2 CompilerThread1" daemon [_thread_in_native, id=4688, stack(0x000000976ac00000,0x000000976ad00000)]


Current CompileTask:
C2:   2670 3337       4       java.lang.ClassLoader::loadClass (7 bytes)

Stack: [0x000000976ac00000,0x000000976ad00000]
Native frames: (J=compiled Java code, j=interpreted, Vv=VM code, C=native code)
V  [jvm.dll+0x62bf8a]
V  [jvm.dll+0x7b8fb9]
V  [jvm.dll+0x7ba6a8]
V  [jvm.dll+0x7bad83]
V  [jvm.dll+0x250248]
V  [jvm.dll+0xc260c]
V  [jvm.dll+0xc2bcc]
V  [jvm.dll+0x2c4e64]
V  [jvm.dll+0x533dcc]
V  [jvm.dll+0x208c26]
V  [jvm.dll+0x20ad9f]
V  [jvm.dll+0x2083eb]
V  [jvm.dll+0x18a4b1]
V  [jvm.dll+0x217eec]
V  [jvm.dll+0x21612b]
V  [jvm.dll+0x77bac0]
V  [jvm.dll+0x7749f4]
V  [jvm.dll+0x62adf5]
C  [ucrtbase.dll+0x29363]
C  [KERNEL32.DLL+0x126ad]
C  [ntdll.dll+0x5aa68]


---------------  P R O C E S S  ---------------

Threads class SMR info:
_java_thread_list=0x0000028cc3f2fc90, length=14, elements={
0x0000028c9ec23800, 0x0000028cc2f6d000, 0x0000028cc2f63000, 0x0000028cc3865800,
0x0000028cc3866800, 0x0000028cc3868000, 0x0000028cc386a800, 0x0000028cc386c800,
0x0000028cc387b800, 0x0000028cc3a2d800, 0x0000028cc3a46800, 0x0000028cc3a2c800,
0x0000028cc3ebd000, 0x0000028cc3ee1000
}

Java Threads: ( => current thread )
  0x0000028c9ec23800 JavaThread "main" [_thread_in_vm, id=20544, stack(0x0000009769a00000,0x0000009769b00000)]
  0x0000028cc2f6d000 JavaThread "Reference Handler" daemon [_thread_blocked, id=22680, stack(0x000000976a100000,0x000000976a200000)]
  0x0000028cc2f63000 JavaThread "Finalizer" daemon [_thread_blocked, id=8240, stack(0x000000976a200000,0x000000976a300000)]
  0x0000028cc3865800 JavaThread "Signal Dispatcher" daemon [_thread_blocked, id=17640, stack(0x000000976a300000,0x000000976a400000)]
  0x0000028cc3866800 JavaThread "Attach Listener" daemon [_thread_blocked, id=23392, stack(0x000000976a400000,0x000000976a500000)]
  0x0000028cc3868000 JavaThread "Service Thread" daemon [_thread_blocked, id=7792, stack(0x000000976a500000,0x000000976a600000)]
  0x0000028cc386a800 JavaThread "C2 CompilerThread0" daemon [_thread_in_native, id=23724, stack(0x000000976a600000,0x000000976a700000)]
  0x0000028cc386c800 JavaThread "C1 CompilerThread0" daemon [_thread_blocked, id=23588, stack(0x000000976a700000,0x000000976a800000)]
  0x0000028cc387b800 JavaThread "Sweeper thread" daemon [_thread_blocked, id=25176, stack(0x000000976a800000,0x000000976a900000)]
  0x0000028cc3a2d800 JavaThread "Common-Cleaner" daemon [_thread_blocked, id=7424, stack(0x000000976aa00000,0x000000976ab00000)]
  0x0000028cc3a46800 JavaThread "C1 CompilerThread1" daemon [_thread_blocked, id=10624, stack(0x000000976ab00000,0x000000976ac00000)]
=>0x0000028cc3a2c800 JavaThread "C2 CompilerThread1" daemon [_thread_in_native, id=4688, stack(0x000000976ac00000,0x000000976ad00000)]
  0x0000028cc3ebd000 JavaThread "C1 CompilerThread2" daemon [_thread_blocked, id=6328, stack(0x000000976ae00000,0x000000976af00000)]
  0x0000028cc3ee1000 JavaThread "C1 CompilerThread3" daemon [_thread_blocked, id=3444, stack(0x000000976af00000,0x000000976b000000)]

Other Threads:
  0x0000028cc2f57000 VMThread "VM Thread" [stack: 0x000000976a000000,0x000000976a100000] [id=6092]
  0x0000028cc3a29000 WatcherThread [stack: 0x000000976a900000,0x000000976aa00000] [id=4532]
  0x0000028c9ec3c000 GCTaskThread "GC Thread#0" [stack: 0x0000009769b00000,0x0000009769c00000] [id=6540]
  0x0000028cc3f3a000 GCTaskThread "GC Thread#1" [stack: 0x000000976ad00000,0x000000976ae00000] [id=27156]
  0x0000028cc418e800 GCTaskThread "GC Thread#2" [stack: 0x000000976b000000,0x000000976b100000] [id=10196]
  0x0000028cc418f000 GCTaskThread "GC Thread#3" [stack: 0x000000976b100000,0x000000976b200000] [id=2676]
  0x0000028cc4198000 GCTaskThread "GC Thread#4" [stack: 0x000000976b200000,0x000000976b300000] [id=26636]
  0x0000028c9ec98800 ConcurrentGCThread "G1 Main Marker" [stack: 0x0000009769c00000,0x0000009769d00000] [id=25084]
  0x0000028c9ec9b800 ConcurrentGCThread "G1 Conc#0" [stack: 0x0000009769d00000,0x0000009769e00000] [id=16996]
  0x0000028cc42c0000 ConcurrentGCThread "G1 Conc#1" [stack: 0x000000976b300000,0x000000976b400000] [id=8968]
  0x0000028cc4bb9000 ConcurrentGCThread "G1 Conc#2" [stack: 0x000000976b400000,0x000000976b500000] [id=19704]
  0x0000028cc2e40800 ConcurrentGCThread "G1 Refine#0" [stack: 0x0000009769e00000,0x0000009769f00000] [id=16172]
  0x0000028cc4beb800 ConcurrentGCThread "G1 Refine#1" [stack: 0x000000976b500000,0x000000976b600000] [id=22400]
  0x0000028cc2e43800 ConcurrentGCThread "G1 Young RemSet Sampling" [stack: 0x0000009769f00000,0x000000976a000000] [id=1424]

Threads with active compile tasks:
C2 CompilerThread0     2678 3402       4       jdk.internal.ref.PhantomCleanable::clean (16 bytes)
C2 CompilerThread1     2678 3337       4       java.lang.ClassLoader::loadClass (7 bytes)

VM state:not at safepoint (normal execution)

VM Mutex/Monitor currently owned by a thread: None

Heap address: 0x000000070a600000, size: 3930 MB, Compressed Oops mode: Zero based, Oop shift amount: 3
Narrow klass base: 0x0000000800000000, Narrow klass shift: 0
Compressed class space size: 1073741824 Address: 0x0000000800000000

Heap:
 garbage-first heap   total 251904K, used 33214K [0x000000070a600000, 0x0000000800000000)
  region size 1024K, 15 young (15360K), 5 survivors (5120K)
 Metaspace       used 43416K, capacity 43879K, committed 43980K, reserved 1087488K
  class space    used 5093K, capacity 5291K, committed 5324K, reserved 1048576K
Heap Regions: E=young(eden), S=young(survivor), O=old, HS=humongous(starts), HC=humongous(continues), CS=collection set, F=free, A=archive, TAMS=top-at-mark-start (previous, next)
|   0|0x000000070a600000, 0x000000070a700000, 0x000000070a700000|100%|HS|  |TAMS 0x000000070a700000, 0x000000070a600000| Complete 
|   1|0x000000070a700000, 0x000000070a800000, 0x000000070a800000|100%|HC|  |TAMS 0x000000070a800000, 0x000000070a700000| Complete 
|   2|0x000000070a800000, 0x000000070a900000, 0x000000070a900000|100%|HC|  |TAMS 0x000000070a900000, 0x000000070a800000| Complete 
|   3|0x000000070a900000, 0x000000070aa00000, 0x000000070aa00000|100%|HS|  |TAMS 0x000000070aa00000, 0x000000070a900000| Complete 
|   4|0x000000070aa00000, 0x000000070ab00000, 0x000000070ab00000|100%|HC|  |TAMS 0x000000070ab00000, 0x000000070aa00000| Complete 
|   5|0x000000070ab00000, 0x000000070ac00000, 0x000000070ac00000|100%|HC|  |TAMS 0x000000070ac00000, 0x000000070ab00000| Complete 
|   6|0x000000070ac00000, 0x000000070ad00000, 0x000000070ad00000|100%| O|  |TAMS 0x000000070ac00000, 0x000000070ac00000| Untracked 
|   7|0x000000070ad00000, 0x000000070ae00000, 0x000000070ae00000|100%| O|  |TAMS 0x000000070ad00000, 0x000000070ad00000| Untracked 
|   8|0x000000070ae00000, 0x000000070af00000, 0x000000070af00000|100%| O|  |TAMS 0x000000070af00000, 0x000000070ae00000| Untracked 
|   9|0x000000070af00000, 0x000000070b000000, 0x000000070b000000|100%| O|  |TAMS 0x000000070b000000, 0x000000070af00000| Untracked 
|  10|0x000000070b000000, 0x000000070b100000, 0x000000070b100000|100%| O|  |TAMS 0x000000070b100000, 0x000000070b000000| Untracked 
|  11|0x000000070b100000, 0x000000070b200000, 0x000000070b200000|100%| O|  |TAMS 0x000000070b200000, 0x000000070b100000| Untracked 
|  12|0x000000070b200000, 0x000000070b300000, 0x000000070b300000|100%| O|  |TAMS 0x000000070b300000, 0x000000070b200000| Untracked 
|  13|0x000000070b300000, 0x000000070b400000, 0x000000070b400000|100%| O|  |TAMS 0x000000070b400000, 0x000000070b300000| Untracked 
|  14|0x000000070b400000, 0x000000070b500000, 0x000000070b500000|100%| O|  |TAMS 0x000000070b500000, 0x000000070b400000| Untracked 
|  15|0x000000070b500000, 0x000000070b600000, 0x000000070b600000|100%| O|  |TAMS 0x000000070b600000, 0x000000070b500000| Untracked 
|  16|0x000000070b600000, 0x000000070b700000, 0x000000070b700000|100%| O|  |TAMS 0x000000070b61e600, 0x000000070b600000| Untracked 
|  17|0x000000070b700000, 0x000000070b800000, 0x000000070b800000|100%| O|  |TAMS 0x000000070b700000, 0x000000070b700000| Untracked 
|  18|0x000000070b800000, 0x000000070b86fa00, 0x000000070b900000| 43%| O|  |TAMS 0x000000070b800000, 0x000000070b800000| Untracked 
|  19|0x000000070b900000, 0x000000070b900000, 0x000000070ba00000|  0%| F|  |TAMS 0x000000070b900000, 0x000000070b900000| Untracked 
|  20|0x000000070ba00000, 0x000000070ba00000, 0x000000070bb00000|  0%| F|  |TAMS 0x000000070ba00000, 0x000000070ba00000| Untracked 
|  21|0x000000070bb00000, 0x000000070bb00000, 0x000000070bc00000|  0%| F|  |TAMS 0x000000070bb00000, 0x000000070bb00000| Untracked 
|  22|0x000000070bc00000, 0x000000070bc00000, 0x000000070bd00000|  0%| F|  |TAMS 0x000000070bc00000, 0x000000070bc00000| Untracked 
|  23|0x000000070bd00000, 0x000000070bd00000, 0x000000070be00000|  0%| F|  |TAMS 0x000000070bd00000, 0x000000070bd00000| Untracked 
|  24|0x000000070be00000, 0x000000070be00000, 0x000000070bf00000|  0%| F|  |TAMS 0x000000070be00000, 0x000000070be00000| Untracked 
|  25|0x000000070bf00000, 0x000000070bf00000, 0x000000070c000000|  0%| F|  |TAMS 0x000000070bf00000, 0x000000070bf00000| Untracked 
|  26|0x000000070c000000, 0x000000070c000000, 0x000000070c100000|  0%| F|  |TAMS 0x000000070c000000, 0x000000070c000000| Untracked 
|  27|0x000000070c100000, 0x000000070c100000, 0x000000070c200000|  0%| F|  |TAMS 0x000000070c100000, 0x000000070c100000| Untracked 
|  28|0x000000070c200000, 0x000000070c200000, 0x000000070c300000|  0%| F|  |TAMS 0x000000070c200000, 0x000000070c200000| Untracked 
|  29|0x000000070c300000, 0x000000070c300000, 0x000000070c400000|  0%| F|  |TAMS 0x000000070c300000, 0x000000070c300000| Untracked 
|  30|0x000000070c400000, 0x000000070c400000, 0x000000070c500000|  0%| F|  |TAMS 0x000000070c400000, 0x000000070c400000| Untracked 
|  31|0x000000070c500000, 0x000000070c500000, 0x000000070c600000|  0%| F|  |TAMS 0x000000070c500000, 0x000000070c500000| Untracked 
|  32|0x000000070c600000, 0x000000070c600000, 0x000000070c700000|  0%| F|  |TAMS 0x000000070c600000, 0x000000070c600000| Untracked 
|  33|0x000000070c700000, 0x000000070c700000, 0x000000070c800000|  0%| F|  |TAMS 0x000000070c700000, 0x000000070c700000| Untracked 
|  34|0x000000070c800000, 0x000000070c800000, 0x000000070c900000|  0%| F|  |TAMS 0x000000070c800000, 0x000000070c800000| Untracked 
|  35|0x000000070c900000, 0x000000070c900000, 0x000000070ca00000|  0%| F|  |TAMS 0x000000070c900000, 0x000000070c900000| Untracked 
|  36|0x000000070ca00000, 0x000000070ca00000, 0x000000070cb00000|  0%| F|  |TAMS 0x000000070ca00000, 0x000000070ca00000| Untracked 
|  37|0x000000070cb00000, 0x000000070cb00000, 0x000000070cc00000|  0%| F|  |TAMS 0x000000070cb00000, 0x000000070cb00000| Untracked 
|  38|0x000000070cc00000, 0x000000070cc00000, 0x000000070cd00000|  0%| F|  |TAMS 0x000000070cc00000, 0x000000070cc00000| Untracked 
|  39|0x000000070cd00000, 0x000000070cd00000, 0x000000070ce00000|  0%| F|  |TAMS 0x000000070cd00000, 0x000000070cd00000| Untracked 
|  40|0x000000070ce00000, 0x000000070ce00000, 0x000000070cf00000|  0%| F|  |TAMS 0x000000070ce00000, 0x000000070ce00000| Untracked 
|  41|0x000000070cf00000, 0x000000070cf00000, 0x000000070d000000|  0%| F|  |TAMS 0x000000070cf00000, 0x000000070cf00000| Untracked 
|  42|0x000000070d000000, 0x000000070d000000, 0x000000070d100000|  0%| F|  |TAMS 0x000000070d000000, 0x000000070d000000| Untracked 
|  43|0x000000070d100000, 0x000000070d100000, 0x000000070d200000|  0%| F|  |TAMS 0x000000070d100000, 0x000000070d100000| Untracked 
|  44|0x000000070d200000, 0x000000070d200000, 0x000000070d300000|  0%| F|  |TAMS 0x000000070d200000, 0x000000070d200000| Untracked 
|  45|0x000000070d300000, 0x000000070d300000, 0x000000070d400000|  0%| F|  |TAMS 0x000000070d300000, 0x000000070d300000| Untracked 
|  46|0x000000070d400000, 0x000000070d400000, 0x000000070d500000|  0%| F|  |TAMS 0x000000070d400000, 0x000000070d400000| Untracked 
|  47|0x000000070d500000, 0x000000070d500000, 0x000000070d600000|  0%| F|  |TAMS 0x000000070d500000, 0x000000070d500000| Untracked 
|  48|0x000000070d600000, 0x000000070d600000, 0x000000070d700000|  0%| F|  |TAMS 0x000000070d600000, 0x000000070d600000| Untracked 
|  49|0x000000070d700000, 0x000000070d700000, 0x000000070d800000|  0%| F|  |TAMS 0x000000070d700000, 0x000000070d700000| Untracked 
|  50|0x000000070d800000, 0x000000070d800000, 0x000000070d900000|  0%| F|  |TAMS 0x000000070d800000, 0x000000070d800000| Untracked 
|  51|0x000000070d900000, 0x000000070d900000, 0x000000070da00000|  0%| F|  |TAMS 0x000000070d900000, 0x000000070d900000| Untracked 
|  52|0x000000070da00000, 0x000000070da00000, 0x000000070db00000|  0%| F|  |TAMS 0x000000070da00000, 0x000000070da00000| Untracked 
|  53|0x000000070db00000, 0x000000070db00000, 0x000000070dc00000|  0%| F|  |TAMS 0x000000070db00000, 0x000000070db00000| Untracked 
|  54|0x000000070dc00000, 0x000000070dc00000, 0x000000070dd00000|  0%| F|  |TAMS 0x000000070dc00000, 0x000000070dc00000| Untracked 
|  55|0x000000070dd00000, 0x000000070dd00000, 0x000000070de00000|  0%| F|  |TAMS 0x000000070dd00000, 0x000000070dd00000| Untracked 
|  56|0x000000070de00000, 0x000000070de00000, 0x000000070df00000|  0%| F|  |TAMS 0x000000070de00000, 0x000000070de00000| Untracked 
|  57|0x000000070df00000, 0x000000070df00000, 0x000000070e000000|  0%| F|  |TAMS 0x000000070df00000, 0x000000070df00000| Untracked 
|  58|0x000000070e000000, 0x000000070e000000, 0x000000070e100000|  0%| F|  |TAMS 0x000000070e000000, 0x000000070e000000| Untracked 
|  59|0x000000070e100000, 0x000000070e100000, 0x000000070e200000|  0%| F|  |TAMS 0x000000070e100000, 0x000000070e100000| Untracked 
|  60|0x000000070e200000, 0x000000070e200000, 0x000000070e300000|  0%| F|  |TAMS 0x000000070e200000, 0x000000070e200000| Untracked 
|  61|0x000000070e300000, 0x000000070e300000, 0x000000070e400000|  0%| F|  |TAMS 0x000000070e300000, 0x000000070e300000| Untracked 
|  62|0x000000070e400000, 0x000000070e400000, 0x000000070e500000|  0%| F|  |TAMS 0x000000070e400000, 0x000000070e400000| Untracked 
|  63|0x000000070e500000, 0x000000070e500000, 0x000000070e600000|  0%| F|  |TAMS 0x000000070e500000, 0x000000070e500000| Untracked 
|  64|0x000000070e600000, 0x000000070e600000, 0x000000070e700000|  0%| F|  |TAMS 0x000000070e600000, 0x000000070e600000| Untracked 
|  65|0x000000070e700000, 0x000000070e700000, 0x000000070e800000|  0%| F|  |TAMS 0x000000070e700000, 0x000000070e700000| Untracked 
|  66|0x000000070e800000, 0x000000070e800000, 0x000000070e900000|  0%| F|  |TAMS 0x000000070e800000, 0x000000070e800000| Untracked 
|  67|0x000000070e900000, 0x000000070e900000, 0x000000070ea00000|  0%| F|  |TAMS 0x000000070e900000, 0x000000070e900000| Untracked 
|  68|0x000000070ea00000, 0x000000070ea00000, 0x000000070eb00000|  0%| F|  |TAMS 0x000000070ea00000, 0x000000070ea00000| Untracked 
|  69|0x000000070eb00000, 0x000000070eb00000, 0x000000070ec00000|  0%| F|  |TAMS 0x000000070eb00000, 0x000000070eb00000| Untracked 
|  70|0x000000070ec00000, 0x000000070ec00000, 0x000000070ed00000|  0%| F|  |TAMS 0x000000070ec00000, 0x000000070ec00000| Untracked 
|  71|0x000000070ed00000, 0x000000070ed00000, 0x000000070ee00000|  0%| F|  |TAMS 0x000000070ed00000, 0x000000070ed00000| Untracked 
|  72|0x000000070ee00000, 0x000000070ee00000, 0x000000070ef00000|  0%| F|  |TAMS 0x000000070ee00000, 0x000000070ee00000| Untracked 
|  73|0x000000070ef00000, 0x000000070ef00000, 0x000000070f000000|  0%| F|  |TAMS 0x000000070ef00000, 0x000000070ef00000| Untracked 
|  74|0x000000070f000000, 0x000000070f000000, 0x000000070f100000|  0%| F|  |TAMS 0x000000070f000000, 0x000000070f000000| Untracked 
|  75|0x000000070f100000, 0x000000070f100000, 0x000000070f200000|  0%| F|  |TAMS 0x000000070f100000, 0x000000070f100000| Untracked 
|  76|0x000000070f200000, 0x000000070f200000, 0x000000070f300000|  0%| F|  |TAMS 0x000000070f200000, 0x000000070f200000| Untracked 
|  77|0x000000070f300000, 0x000000070f300000, 0x000000070f400000|  0%| F|  |TAMS 0x000000070f300000, 0x000000070f300000| Untracked 
|  78|0x000000070f400000, 0x000000070f400000, 0x000000070f500000|  0%| F|  |TAMS 0x000000070f400000, 0x000000070f400000| Untracked 
|  79|0x000000070f500000, 0x000000070f500000, 0x000000070f600000|  0%| F|  |TAMS 0x000000070f500000, 0x000000070f500000| Untracked 
|  80|0x000000070f600000, 0x000000070f600000, 0x000000070f700000|  0%| F|  |TAMS 0x000000070f600000, 0x000000070f600000| Untracked 
|  81|0x000000070f700000, 0x000000070f700000, 0x000000070f800000|  0%| F|  |TAMS 0x000000070f700000, 0x000000070f700000| Untracked 
|  82|0x000000070f800000, 0x000000070f800000, 0x000000070f900000|  0%| F|  |TAMS 0x000000070f800000, 0x000000070f800000| Untracked 
|  83|0x000000070f900000, 0x000000070f900000, 0x000000070fa00000|  0%| F|  |TAMS 0x000000070f900000, 0x000000070f900000| Untracked 
|  84|0x000000070fa00000, 0x000000070fa00000, 0x000000070fb00000|  0%| F|  |TAMS 0x000000070fa00000, 0x000000070fa00000| Untracked 
|  85|0x000000070fb00000, 0x000000070fb00000, 0x000000070fc00000|  0%| F|  |TAMS 0x000000070fb00000, 0x000000070fb00000| Untracked 
|  86|0x000000070fc00000, 0x000000070fc00000, 0x000000070fd00000|  0%| F|  |TAMS 0x000000070fc00000, 0x000000070fc00000| Untracked 
|  87|0x000000070fd00000, 0x000000070fd00000, 0x000000070fe00000|  0%| F|  |TAMS 0x000000070fd00000, 0x000000070fd00000| Untracked 
|  88|0x000000070fe00000, 0x000000070fe00000, 0x000000070ff00000|  0%| F|  |TAMS 0x000000070fe00000, 0x000000070fe00000| Untracked 
|  89|0x000000070ff00000, 0x000000070ff00000, 0x0000000710000000|  0%| F|  |TAMS 0x000000070ff00000, 0x000000070ff00000| Untracked 
|  90|0x0000000710000000, 0x0000000710000000, 0x0000000710100000|  0%| F|  |TAMS 0x0000000710000000, 0x0000000710000000| Untracked 
|  91|0x0000000710100000, 0x0000000710100000, 0x0000000710200000|  0%| F|  |TAMS 0x0000000710100000, 0x0000000710100000| Untracked 
|  92|0x0000000710200000, 0x0000000710200000, 0x0000000710300000|  0%| F|  |TAMS 0x0000000710200000, 0x0000000710200000| Untracked 
|  93|0x0000000710300000, 0x0000000710300000, 0x0000000710400000|  0%| F|  |TAMS 0x0000000710300000, 0x0000000710300000| Untracked 
|  94|0x0000000710400000, 0x0000000710400000, 0x0000000710500000|  0%| F|  |TAMS 0x0000000710400000, 0x0000000710400000| Untracked 
|  95|0x0000000710500000, 0x0000000710500000, 0x0000000710600000|  0%| F|  |TAMS 0x0000000710500000, 0x0000000710500000| Untracked 
|  96|0x0000000710600000, 0x0000000710600000, 0x0000000710700000|  0%| F|  |TAMS 0x0000000710600000, 0x0000000710600000| Untracked 
|  97|0x0000000710700000, 0x0000000710700000, 0x0000000710800000|  0%| F|  |TAMS 0x0000000710700000, 0x0000000710700000| Untracked 
|  98|0x0000000710800000, 0x0000000710800000, 0x0000000710900000|  0%| F|  |TAMS 0x0000000710800000, 0x0000000710800000| Untracked 
|  99|0x0000000710900000, 0x0000000710900000, 0x0000000710a00000|  0%| F|  |TAMS 0x0000000710900000, 0x0000000710900000| Untracked 
| 100|0x0000000710a00000, 0x0000000710a00000, 0x0000000710b00000|  0%| F|  |TAMS 0x0000000710a00000, 0x0000000710a00000| Untracked 
| 101|0x0000000710b00000, 0x0000000710b00000, 0x0000000710c00000|  0%| F|  |TAMS 0x0000000710b00000, 0x0000000710b00000| Untracked 
| 102|0x0000000710c00000, 0x0000000710c00000, 0x0000000710d00000|  0%| F|  |TAMS 0x0000000710c00000, 0x0000000710c00000| Untracked 
| 103|0x0000000710d00000, 0x0000000710d00000, 0x0000000710e00000|  0%| F|  |TAMS 0x0000000710d00000, 0x0000000710d00000| Untracked 
| 104|0x0000000710e00000, 0x0000000710e00000, 0x0000000710f00000|  0%| F|  |TAMS 0x0000000710e00000, 0x0000000710e00000| Untracked 
| 105|0x0000000710f00000, 0x0000000710f00000, 0x0000000711000000|  0%| F|  |TAMS 0x0000000710f00000, 0x0000000710f00000| Untracked 
| 106|0x0000000711000000, 0x0000000711000000, 0x0000000711100000|  0%| F|  |TAMS 0x0000000711000000, 0x0000000711000000| Untracked 
| 107|0x0000000711100000, 0x0000000711100000, 0x0000000711200000|  0%| F|  |TAMS 0x0000000711100000, 0x0000000711100000| Untracked 
| 108|0x0000000711200000, 0x0000000711200000, 0x0000000711300000|  0%| F|  |TAMS 0x0000000711200000, 0x0000000711200000| Untracked 
| 109|0x0000000711300000, 0x0000000711300000, 0x0000000711400000|  0%| F|  |TAMS 0x0000000711300000, 0x0000000711300000| Untracked 
| 110|0x0000000711400000, 0x0000000711400000, 0x0000000711500000|  0%| F|  |TAMS 0x0000000711400000, 0x0000000711400000| Untracked 
| 111|0x0000000711500000, 0x0000000711500000, 0x0000000711600000|  0%| F|  |TAMS 0x0000000711500000, 0x0000000711500000| Untracked 
| 112|0x0000000711600000, 0x0000000711600000, 0x0000000711700000|  0%| F|  |TAMS 0x0000000711600000, 0x0000000711600000| Untracked 
| 113|0x0000000711700000, 0x0000000711700000, 0x0000000711800000|  0%| F|  |TAMS 0x0000000711700000, 0x0000000711700000| Untracked 
| 114|0x0000000711800000, 0x0000000711800000, 0x0000000711900000|  0%| F|  |TAMS 0x0000000711800000, 0x0000000711800000| Untracked 
| 115|0x0000000711900000, 0x0000000711900000, 0x0000000711a00000|  0%| F|  |TAMS 0x0000000711900000, 0x0000000711900000| Untracked 
| 116|0x0000000711a00000, 0x0000000711a00000, 0x0000000711b00000|  0%| F|  |TAMS 0x0000000711a00000, 0x0000000711a00000| Untracked 
| 117|0x0000000711b00000, 0x0000000711b00000, 0x0000000711c00000|  0%| F|  |TAMS 0x0000000711b00000, 0x0000000711b00000| Untracked 
| 118|0x0000000711c00000, 0x0000000711c00000, 0x0000000711d00000|  0%| F|  |TAMS 0x0000000711c00000, 0x0000000711c00000| Untracked 
| 119|0x0000000711d00000, 0x0000000711d00000, 0x0000000711e00000|  0%| F|  |TAMS 0x0000000711d00000, 0x0000000711d00000| Untracked 
| 120|0x0000000711e00000, 0x0000000711e00000, 0x0000000711f00000|  0%| F|  |TAMS 0x0000000711e00000, 0x0000000711e00000| Untracked 
| 121|0x0000000711f00000, 0x0000000711f00000, 0x0000000712000000|  0%| F|  |TAMS 0x0000000711f00000, 0x0000000711f00000| Untracked 
| 122|0x0000000712000000, 0x0000000712000000, 0x0000000712100000|  0%| F|  |TAMS 0x0000000712000000, 0x0000000712000000| Untracked 
| 123|0x0000000712100000, 0x0000000712100000, 0x0000000712200000|  0%| F|  |TAMS 0x0000000712100000, 0x0000000712100000| Untracked 
| 124|0x0000000712200000, 0x0000000712200000, 0x0000000712300000|  0%| F|  |TAMS 0x0000000712200000, 0x0000000712200000| Untracked 
| 125|0x0000000712300000, 0x0000000712300000, 0x0000000712400000|  0%| F|  |TAMS 0x0000000712300000, 0x0000000712300000| Untracked 
| 126|0x0000000712400000, 0x0000000712400000, 0x0000000712500000|  0%| F|  |TAMS 0x0000000712400000, 0x0000000712400000| Untracked 
| 127|0x0000000712500000, 0x0000000712500000, 0x0000000712600000|  0%| F|  |TAMS 0x0000000712500000, 0x0000000712500000| Untracked 
| 128|0x0000000712600000, 0x0000000712600000, 0x0000000712700000|  0%| F|  |TAMS 0x0000000712600000, 0x0000000712600000| Untracked 
| 129|0x0000000712700000, 0x0000000712700000, 0x0000000712800000|  0%| F|  |TAMS 0x0000000712700000, 0x0000000712700000| Untracked 
| 130|0x0000000712800000, 0x0000000712800000, 0x0000000712900000|  0%| F|  |TAMS 0x0000000712800000, 0x0000000712800000| Untracked 
| 131|0x0000000712900000, 0x0000000712900000, 0x0000000712a00000|  0%| F|  |TAMS 0x0000000712900000, 0x0000000712900000| Untracked 
| 132|0x0000000712a00000, 0x0000000712a00000, 0x0000000712b00000|  0%| F|  |TAMS 0x0000000712a00000, 0x0000000712a00000| Untracked 
| 133|0x0000000712b00000, 0x0000000712b00000, 0x0000000712c00000|  0%| F|  |TAMS 0x0000000712b00000, 0x0000000712b00000| Untracked 
| 134|0x0000000712c00000, 0x0000000712c00000, 0x0000000712d00000|  0%| F|  |TAMS 0x0000000712c00000, 0x0000000712c00000| Untracked 
| 135|0x0000000712d00000, 0x0000000712d00000, 0x0000000712e00000|  0%| F|  |TAMS 0x0000000712d00000, 0x0000000712d00000| Untracked 
| 136|0x0000000712e00000, 0x0000000712e00000, 0x0000000712f00000|  0%| F|  |TAMS 0x0000000712e00000, 0x0000000712e00000| Untracked 
| 137|0x0000000712f00000, 0x0000000712f00000, 0x0000000713000000|  0%| F|  |TAMS 0x0000000712f00000, 0x0000000712f00000| Untracked 
| 138|0x0000000713000000, 0x0000000713000000, 0x0000000713100000|  0%| F|  |TAMS 0x0000000713000000, 0x0000000713000000| Untracked 
| 139|0x0000000713100000, 0x0000000713100000, 0x0000000713200000|  0%| F|  |TAMS 0x0000000713100000, 0x0000000713100000| Untracked 
| 140|0x0000000713200000, 0x0000000713200000, 0x0000000713300000|  0%| F|  |TAMS 0x0000000713200000, 0x0000000713200000| Untracked 
| 141|0x0000000713300000, 0x0000000713300000, 0x0000000713400000|  0%| F|  |TAMS 0x0000000713300000, 0x0000000713300000| Untracked 
| 142|0x0000000713400000, 0x0000000713400000, 0x0000000713500000|  0%| F|  |TAMS 0x0000000713400000, 0x0000000713400000| Untracked 
| 143|0x0000000713500000, 0x0000000713500000, 0x0000000713600000|  0%| F|  |TAMS 0x0000000713500000, 0x0000000713500000| Untracked 
| 144|0x0000000713600000, 0x0000000713600000, 0x0000000713700000|  0%| F|  |TAMS 0x0000000713600000, 0x0000000713600000| Untracked 
| 145|0x0000000713700000, 0x0000000713700000, 0x0000000713800000|  0%| F|  |TAMS 0x0000000713700000, 0x0000000713700000| Untracked 
| 146|0x0000000713800000, 0x0000000713800000, 0x0000000713900000|  0%| F|  |TAMS 0x0000000713800000, 0x0000000713800000| Untracked 
| 147|0x0000000713900000, 0x0000000713900000, 0x0000000713a00000|  0%| F|  |TAMS 0x0000000713900000, 0x0000000713900000| Untracked 
| 148|0x0000000713a00000, 0x0000000713a00000, 0x0000000713b00000|  0%| F|  |TAMS 0x0000000713a00000, 0x0000000713a00000| Untracked 
| 149|0x0000000713b00000, 0x0000000713b00000, 0x0000000713c00000|  0%| F|  |TAMS 0x0000000713b00000, 0x0000000713b00000| Untracked 
| 150|0x0000000713c00000, 0x0000000713c00000, 0x0000000713d00000|  0%| F|  |TAMS 0x0000000713c00000, 0x0000000713c00000| Untracked 
| 151|0x0000000713d00000, 0x0000000713d00000, 0x0000000713e00000|  0%| F|  |TAMS 0x0000000713d00000, 0x0000000713d00000| Untracked 
| 152|0x0000000713e00000, 0x0000000713e00000, 0x0000000713f00000|  0%| F|  |TAMS 0x0000000713e00000, 0x0000000713e00000| Untracked 
| 153|0x0000000713f00000, 0x0000000713f00000, 0x0000000714000000|  0%| F|  |TAMS 0x0000000713f00000, 0x0000000713f00000| Untracked 
| 154|0x0000000714000000, 0x0000000714000000, 0x0000000714100000|  0%| F|  |TAMS 0x0000000714000000, 0x0000000714000000| Untracked 
| 155|0x0000000714100000, 0x0000000714100000, 0x0000000714200000|  0%| F|  |TAMS 0x0000000714100000, 0x0000000714100000| Untracked 
| 156|0x0000000714200000, 0x0000000714200000, 0x0000000714300000|  0%| F|  |TAMS 0x0000000714200000, 0x0000000714200000| Untracked 
| 157|0x0000000714300000, 0x0000000714300000, 0x0000000714400000|  0%| F|  |TAMS 0x0000000714300000, 0x0000000714300000| Untracked 
| 158|0x0000000714400000, 0x0000000714400000, 0x0000000714500000|  0%| F|  |TAMS 0x0000000714400000, 0x0000000714400000| Untracked 
| 159|0x0000000714500000, 0x0000000714500000, 0x0000000714600000|  0%| F|  |TAMS 0x0000000714500000, 0x0000000714500000| Untracked 
| 160|0x0000000714600000, 0x0000000714600000, 0x0000000714700000|  0%| F|  |TAMS 0x0000000714600000, 0x0000000714600000| Untracked 
| 161|0x0000000714700000, 0x0000000714700000, 0x0000000714800000|  0%| F|  |TAMS 0x0000000714700000, 0x0000000714700000| Untracked 
| 162|0x0000000714800000, 0x0000000714800000, 0x0000000714900000|  0%| F|  |TAMS 0x0000000714800000, 0x0000000714800000| Untracked 
| 163|0x0000000714900000, 0x0000000714900000, 0x0000000714a00000|  0%| F|  |TAMS 0x0000000714900000, 0x0000000714900000| Untracked 
| 164|0x0000000714a00000, 0x0000000714a00000, 0x0000000714b00000|  0%| F|  |TAMS 0x0000000714a00000, 0x0000000714a00000| Untracked 
| 165|0x0000000714b00000, 0x0000000714b00000, 0x0000000714c00000|  0%| F|  |TAMS 0x0000000714b00000, 0x0000000714b00000| Untracked 
| 166|0x0000000714c00000, 0x0000000714c00000, 0x0000000714d00000|  0%| F|  |TAMS 0x0000000714c00000, 0x0000000714c00000| Untracked 
| 167|0x0000000714d00000, 0x0000000714d00000, 0x0000000714e00000|  0%| F|  |TAMS 0x0000000714d00000, 0x0000000714d00000| Untracked 
| 168|0x0000000714e00000, 0x0000000714e00000, 0x0000000714f00000|  0%| F|  |TAMS 0x0000000714e00000, 0x0000000714e00000| Untracked 
| 169|0x0000000714f00000, 0x0000000714f00000, 0x0000000715000000|  0%| F|  |TAMS 0x0000000714f00000, 0x0000000714f00000| Untracked 
| 170|0x0000000715000000, 0x0000000715000000, 0x0000000715100000|  0%| F|  |TAMS 0x0000000715000000, 0x0000000715000000| Untracked 
| 171|0x0000000715100000, 0x0000000715100000, 0x0000000715200000|  0%| F|  |TAMS 0x0000000715100000, 0x0000000715100000| Untracked 
| 172|0x0000000715200000, 0x0000000715200000, 0x0000000715300000|  0%| F|  |TAMS 0x0000000715200000, 0x0000000715200000| Untracked 
| 173|0x0000000715300000, 0x0000000715300000, 0x0000000715400000|  0%| F|  |TAMS 0x0000000715300000, 0x0000000715300000| Untracked 
| 174|0x0000000715400000, 0x0000000715400000, 0x0000000715500000|  0%| F|  |TAMS 0x0000000715400000, 0x0000000715400000| Untracked 
| 175|0x0000000715500000, 0x0000000715500000, 0x0000000715600000|  0%| F|  |TAMS 0x0000000715500000, 0x0000000715500000| Untracked 
| 176|0x0000000715600000, 0x0000000715600000, 0x0000000715700000|  0%| F|  |TAMS 0x0000000715600000, 0x0000000715600000| Untracked 
| 177|0x0000000715700000, 0x0000000715700000, 0x0000000715800000|  0%| F|  |TAMS 0x0000000715700000, 0x0000000715700000| Untracked 
| 178|0x0000000715800000, 0x0000000715800000, 0x0000000715900000|  0%| F|  |TAMS 0x0000000715800000, 0x0000000715800000| Untracked 
| 179|0x0000000715900000, 0x0000000715900000, 0x0000000715a00000|  0%| F|  |TAMS 0x0000000715900000, 0x0000000715900000| Untracked 
| 180|0x0000000715a00000, 0x0000000715a00000, 0x0000000715b00000|  0%| F|  |TAMS 0x0000000715a00000, 0x0000000715a00000| Untracked 
| 181|0x0000000715b00000, 0x0000000715b00000, 0x0000000715c00000|  0%| F|  |TAMS 0x0000000715b00000, 0x0000000715b00000| Untracked 
| 182|0x0000000715c00000, 0x0000000715c00000, 0x0000000715d00000|  0%| F|  |TAMS 0x0000000715c00000, 0x0000000715c00000| Untracked 
| 183|0x0000000715d00000, 0x0000000715d00000, 0x0000000715e00000|  0%| F|  |TAMS 0x0000000715d00000, 0x0000000715d00000| Untracked 
| 184|0x0000000715e00000, 0x0000000715e00000, 0x0000000715f00000|  0%| F|  |TAMS 0x0000000715e00000, 0x0000000715e00000| Untracked 
| 185|0x0000000715f00000, 0x0000000715f00000, 0x0000000716000000|  0%| F|  |TAMS 0x0000000715f00000, 0x0000000715f00000| Untracked 
| 186|0x0000000716000000, 0x0000000716000000, 0x0000000716100000|  0%| F|  |TAMS 0x0000000716000000, 0x0000000716000000| Untracked 
| 187|0x0000000716100000, 0x0000000716100000, 0x0000000716200000|  0%| F|  |TAMS 0x0000000716100000, 0x0000000716100000| Untracked 
| 188|0x0000000716200000, 0x0000000716200000, 0x0000000716300000|  0%| F|  |TAMS 0x0000000716200000, 0x0000000716200000| Untracked 
| 189|0x0000000716300000, 0x0000000716300000, 0x0000000716400000|  0%| F|  |TAMS 0x0000000716300000, 0x0000000716300000| Untracked 
| 190|0x0000000716400000, 0x0000000716400000, 0x0000000716500000|  0%| F|  |TAMS 0x0000000716400000, 0x0000000716400000| Untracked 
| 191|0x0000000716500000, 0x0000000716500000, 0x0000000716600000|  0%| F|  |TAMS 0x0000000716500000, 0x0000000716500000| Untracked 
| 192|0x0000000716600000, 0x0000000716600000, 0x0000000716700000|  0%| F|  |TAMS 0x0000000716600000, 0x0000000716600000| Untracked 
| 193|0x0000000716700000, 0x0000000716700000, 0x0000000716800000|  0%| F|  |TAMS 0x0000000716700000, 0x0000000716700000| Untracked 
| 194|0x0000000716800000, 0x0000000716800000, 0x0000000716900000|  0%| F|  |TAMS 0x0000000716800000, 0x0000000716800000| Untracked 
| 195|0x0000000716900000, 0x0000000716900000, 0x0000000716a00000|  0%| F|  |TAMS 0x0000000716900000, 0x0000000716900000| Untracked 
| 196|0x0000000716a00000, 0x0000000716a00000, 0x0000000716b00000|  0%| F|  |TAMS 0x0000000716a00000, 0x0000000716a00000| Untracked 
| 197|0x0000000716b00000, 0x0000000716b00000, 0x0000000716c00000|  0%| F|  |TAMS 0x0000000716b00000, 0x0000000716b00000| Untracked 
| 198|0x0000000716c00000, 0x0000000716c00000, 0x0000000716d00000|  0%| F|  |TAMS 0x0000000716c00000, 0x0000000716c00000| Untracked 
| 199|0x0000000716d00000, 0x0000000716d00000, 0x0000000716e00000|  0%| F|  |TAMS 0x0000000716d00000, 0x0000000716d00000| Untracked 
| 200|0x0000000716e00000, 0x0000000716e00000, 0x0000000716f00000|  0%| F|  |TAMS 0x0000000716e00000, 0x0000000716e00000| Untracked 
| 201|0x0000000716f00000, 0x0000000716f00000, 0x0000000717000000|  0%| F|  |TAMS 0x0000000716f00000, 0x0000000716f00000| Untracked 
| 202|0x0000000717000000, 0x0000000717000000, 0x0000000717100000|  0%| F|  |TAMS 0x0000000717000000, 0x0000000717000000| Untracked 
| 203|0x0000000717100000, 0x0000000717100000, 0x0000000717200000|  0%| F|  |TAMS 0x0000000717100000, 0x0000000717100000| Untracked 
| 204|0x0000000717200000, 0x0000000717200000, 0x0000000717300000|  0%| F|  |TAMS 0x0000000717200000, 0x0000000717200000| Untracked 
| 205|0x0000000717300000, 0x0000000717400000, 0x0000000717400000|100%| S|CS|TAMS 0x0000000717300000, 0x0000000717300000| Complete 
| 206|0x0000000717400000, 0x0000000717500000, 0x0000000717500000|100%| S|CS|TAMS 0x0000000717400000, 0x0000000717400000| Complete 
| 207|0x0000000717500000, 0x0000000717600000, 0x0000000717600000|100%| S|CS|TAMS 0x0000000717500000, 0x0000000717500000| Complete 
| 208|0x0000000717600000, 0x0000000717700000, 0x0000000717700000|100%| S|CS|TAMS 0x0000000717600000, 0x0000000717600000| Complete 
| 209|0x0000000717700000, 0x0000000717800000, 0x0000000717800000|100%| S|CS|TAMS 0x0000000717700000, 0x0000000717700000| Complete 
| 210|0x0000000717800000, 0x0000000717800000, 0x0000000717900000|  0%| F|  |TAMS 0x0000000717800000, 0x0000000717800000| Untracked 
| 211|0x0000000717900000, 0x0000000717900000, 0x0000000717a00000|  0%| F|  |TAMS 0x0000000717900000, 0x0000000717900000| Untracked 
| 212|0x0000000717a00000, 0x0000000717a00000, 0x0000000717b00000|  0%| F|  |TAMS 0x0000000717a00000, 0x0000000717a00000| Untracked 
| 213|0x0000000717b00000, 0x0000000717b00000, 0x0000000717c00000|  0%| F|  |TAMS 0x0000000717b00000, 0x0000000717b00000| Untracked 
| 214|0x0000000717c00000, 0x0000000717c00000, 0x0000000717d00000|  0%| F|  |TAMS 0x0000000717c00000, 0x0000000717c00000| Untracked 
| 215|0x0000000717d00000, 0x0000000717d00000, 0x0000000717e00000|  0%| F|  |TAMS 0x0000000717d00000, 0x0000000717d00000| Untracked 
| 216|0x0000000717e00000, 0x0000000717e00000, 0x0000000717f00000|  0%| F|  |TAMS 0x0000000717e00000, 0x0000000717e00000| Untracked 
| 217|0x0000000717f00000, 0x0000000717f00000, 0x0000000718000000|  0%| F|  |TAMS 0x0000000717f00000, 0x0000000717f00000| Untracked 
| 218|0x0000000718000000, 0x0000000718000000, 0x0000000718100000|  0%| F|  |TAMS 0x0000000718000000, 0x0000000718000000| Untracked 
| 219|0x0000000718100000, 0x0000000718100000, 0x0000000718200000|  0%| F|  |TAMS 0x0000000718100000, 0x0000000718100000| Untracked 
| 220|0x0000000718200000, 0x0000000718200000, 0x0000000718300000|  0%| F|  |TAMS 0x0000000718200000, 0x0000000718200000| Untracked 
| 221|0x0000000718300000, 0x0000000718300000, 0x0000000718400000|  0%| F|  |TAMS 0x0000000718300000, 0x0000000718300000| Untracked 
| 222|0x0000000718400000, 0x0000000718400000, 0x0000000718500000|  0%| F|  |TAMS 0x0000000718400000, 0x0000000718400000| Untracked 
| 223|0x0000000718500000, 0x0000000718500000, 0x0000000718600000|  0%| F|  |TAMS 0x0000000718500000, 0x0000000718500000| Untracked 
| 224|0x0000000718600000, 0x0000000718600000, 0x0000000718700000|  0%| F|  |TAMS 0x0000000718600000, 0x0000000718600000| Untracked 
| 225|0x0000000718700000, 0x0000000718700000, 0x0000000718800000|  0%| F|  |TAMS 0x0000000718700000, 0x0000000718700000| Untracked 
| 226|0x0000000718800000, 0x0000000718800000, 0x0000000718900000|  0%| F|  |TAMS 0x0000000718800000, 0x0000000718800000| Untracked 
| 227|0x0000000718900000, 0x0000000718900000, 0x0000000718a00000|  0%| F|  |TAMS 0x0000000718900000, 0x0000000718900000| Untracked 
| 228|0x0000000718a00000, 0x0000000718a00000, 0x0000000718b00000|  0%| F|  |TAMS 0x0000000718a00000, 0x0000000718a00000| Untracked 
| 229|0x0000000718b00000, 0x0000000718b00000, 0x0000000718c00000|  0%| F|  |TAMS 0x0000000718b00000, 0x0000000718b00000| Untracked 
| 230|0x0000000718c00000, 0x0000000718c00000, 0x0000000718d00000|  0%| F|  |TAMS 0x0000000718c00000, 0x0000000718c00000| Untracked 
| 231|0x0000000718d00000, 0x0000000718d00000, 0x0000000718e00000|  0%| F|  |TAMS 0x0000000718d00000, 0x0000000718d00000| Untracked 
| 232|0x0000000718e00000, 0x0000000718e00000, 0x0000000718f00000|  0%| F|  |TAMS 0x0000000718e00000, 0x0000000718e00000| Untracked 
| 233|0x0000000718f00000, 0x0000000718f00000, 0x0000000719000000|  0%| F|  |TAMS 0x0000000718f00000, 0x0000000718f00000| Untracked 
| 234|0x0000000719000000, 0x0000000719000000, 0x0000000719100000|  0%| F|  |TAMS 0x0000000719000000, 0x0000000719000000| Untracked 
| 235|0x0000000719100000, 0x0000000719100000, 0x0000000719200000|  0%| F|  |TAMS 0x0000000719100000, 0x0000000719100000| Untracked 
| 236|0x0000000719200000, 0x0000000719300000, 0x0000000719300000|100%| E|  |TAMS 0x0000000719200000, 0x0000000719200000| Complete 
| 237|0x0000000719300000, 0x0000000719400000, 0x0000000719400000|100%| E|CS|TAMS 0x0000000719300000, 0x0000000719300000| Complete 
| 238|0x0000000719400000, 0x0000000719500000, 0x0000000719500000|100%| E|CS|TAMS 0x0000000719400000, 0x0000000719400000| Complete 
| 239|0x0000000719500000, 0x0000000719600000, 0x0000000719600000|100%| E|CS|TAMS 0x0000000719500000, 0x0000000719500000| Complete 
| 240|0x0000000719600000, 0x0000000719700000, 0x0000000719700000|100%| E|CS|TAMS 0x0000000719600000, 0x0000000719600000| Complete 
| 241|0x0000000719700000, 0x0000000719800000, 0x0000000719800000|100%| E|CS|TAMS 0x0000000719700000, 0x0000000719700000| Complete 
| 242|0x0000000719800000, 0x0000000719900000, 0x0000000719900000|100%| E|CS|TAMS 0x0000000719800000, 0x0000000719800000| Complete 
| 243|0x0000000719900000, 0x0000000719a00000, 0x0000000719a00000|100%| E|CS|TAMS 0x0000000719900000, 0x0000000719900000| Complete 
| 244|0x0000000719a00000, 0x0000000719b00000, 0x0000000719b00000|100%| E|CS|TAMS 0x0000000719a00000, 0x0000000719a00000| Complete 
| 245|0x0000000719b00000, 0x0000000719c00000, 0x0000000719c00000|100%| E|CS|TAMS 0x0000000719b00000, 0x0000000719b00000| Complete 

Card table byte_map: [0x0000028cb73c0000,0x0000028cb7b70000] _byte_map_base: 0x0000028cb3b6d000

Marking Bits (Prev, Next): (CMBitMap*) 0x0000028c9ec884d8, (CMBitMap*) 0x0000028c9ec88510
 Prev Bits: [0x0000028cb8320000, 0x0000028cbc088000)
 Next Bits: [0x0000028cbc090000, 0x0000028cbfdf8000)

Polling page: 0x0000028c9cba0000

Metaspace:

Usage:
  Non-class:     37.75 MB capacity,    37.49 MB (>99%) used,   198.26 KB ( <1%) free+waste,    61.56 KB ( <1%) overhead. 
      Class:      5.17 MB capacity,     4.98 MB ( 96%) used,   164.10 KB (  3%) free+waste,    27.00 KB ( <1%) overhead. 
       Both:     42.91 MB capacity,    42.47 MB ( 99%) used,   362.36 KB ( <1%) free+waste,    88.56 KB ( <1%) overhead. 

Virtual space:
  Non-class space:       38.00 MB reserved,      38.00 MB (100%) committed 
      Class space:        1.00 GB reserved,       5.20 MB ( <1%) committed 
             Both:        1.04 GB reserved,      43.20 MB (  4%) committed 

Chunk freelists:
   Non-Class:  68.00 KB
       Class:  21.00 KB
        Both:  89.00 KB

MaxMetaspaceSize: 17179869184.00 GB
CompressedClassSpaceSize: 1.00 GB
Initial GC threshold: 20.80 MB
Current GC threshold: 58.88 MB
CDS: off

CodeHeap 'non-profiled nmethods': size=119168Kb used=1250Kb max_used=1250Kb free=117917Kb
 bounds [0x0000028caef30000, 0x0000028caf1a0000, 0x0000028cb6390000]
CodeHeap 'profiled nmethods': size=119168Kb used=7524Kb max_used=7524Kb free=111643Kb
 bounds [0x0000028ca7ad0000, 0x0000028ca8230000, 0x0000028caef30000]
CodeHeap 'non-nmethods': size=7424Kb used=2953Kb max_used=2992Kb free=4471Kb
 bounds [0x0000028ca7390000, 0x0000028ca7680000, 0x0000028ca7ad0000]
 total_blobs=3947 nmethods=3402 adapters=454
 compilation: enabled
              stopped_count=0, restarted_count=0
 full_count=0

Compilation events (20 events):
Event: 2.667 Thread 0x0000028cc3a46800 nmethod 3391 0x0000028caf066a10 code [0x0000028caf066bc0, 0x0000028caf066c78]
Event: 2.667 Thread 0x0000028cc3ee1000 nmethod 3390 0x0000028caf066d10 code [0x0000028caf066ec0, 0x0000028caf066f78]
Event: 2.668 Thread 0x0000028cc386c800 3392       3       jdk.internal.org.objectweb.asm.ClassWriter::<init> (117 bytes)
Event: 2.668 Thread 0x0000028cc3ebd000 3393       3       jdk.internal.org.objectweb.asm.ClassVisitor::<init> (7 bytes)
Event: 2.668 Thread 0x0000028cc3a46800 3395       3       jdk.internal.org.objectweb.asm.ClassWriter::visit (121 bytes)
Event: 2.668 Thread 0x0000028cc3ee1000 3394       3       jdk.internal.org.objectweb.asm.ClassVisitor::<init> (35 bytes)
Event: 2.668 Thread 0x0000028cc3ee1000 nmethod 3394 0x0000028ca8222a10 code [0x0000028ca8222be0, 0x0000028ca8222ee8]
Event: 2.668 Thread 0x0000028cc3ebd000 nmethod 3393 0x0000028ca8223010 code [0x0000028ca82231e0, 0x0000028ca8223528]
Event: 2.668 Thread 0x0000028cc386c800 nmethod 3392 0x0000028ca8223690 code [0x0000028ca8223920, 0x0000028ca82245c8]
Event: 2.668 Thread 0x0000028cc3a46800 nmethod 3395 0x0000028ca8224890 code [0x0000028ca8224ac0, 0x0000028ca8225238]
Event: 2.668 Thread 0x0000028cc3ee1000 3396       3       java.lang.invoke.LambdaForm$MH/0x000000080017b840::invoke (34 bytes)
Event: 2.668 Thread 0x0000028cc3a46800 3397       3       java.lang.invoke.MemberName::hashCode (43 bytes)
Event: 2.668 Thread 0x0000028cc3ebd000 3398       3       java.util.Objects::hash (5 bytes)
Event: 2.668 Thread 0x0000028cc386c800 3399       3       java.lang.Byte::hashCode (8 bytes)
Event: 2.669 Thread 0x0000028cc3ebd000 nmethod 3398 0x0000028ca8225590 code [0x0000028ca8225740, 0x0000028ca8225848]
Event: 2.669 Thread 0x0000028cc386c800 nmethod 3399 0x0000028ca8225910 code [0x0000028ca8225ac0, 0x0000028ca8225c18]
Event: 2.669 Thread 0x0000028cc3ebd000 3400       3       java.lang.Byte::hashCode (2 bytes)
Event: 2.669 Thread 0x0000028cc3ee1000 nmethod 3396 0x0000028ca8225d10 code [0x0000028ca8225ee0, 0x0000028ca82263f8]
Event: 2.669 Thread 0x0000028cc3ebd000 nmethod 3400 0x0000028ca8226510 code [0x0000028ca82266c0, 0x0000028ca8226798]
Event: 2.669 Thread 0x0000028cc3a46800 nmethod 3397 0x0000028ca8226810 code [0x0000028ca8226a80, 0x0000028ca8227808]

GC Heap History (10 events):
Event: 0.585 GC heap before
{Heap before GC invocations=0 (full 0):
 garbage-first heap   total 251904K, used 27648K [0x000000070a600000, 0x0000000800000000)
  region size 1024K, 24 young (24576K), 0 survivors (0K)
 Metaspace       used 12248K, capacity 12408K, committed 12544K, reserved 1060864K
  class space    used 1134K, capacity 1175K, committed 1280K, reserved 1048576K
}
Event: 0.587 GC heap after
{Heap after GC invocations=1 (full 0):
 garbage-first heap   total 251904K, used 5818K [0x000000070a600000, 0x0000000800000000)
  region size 1024K, 3 young (3072K), 3 survivors (3072K)
 Metaspace       used 12248K, capacity 12408K, committed 12544K, reserved 1060864K
  class space    used 1134K, capacity 1175K, committed 1280K, reserved 1048576K
}
Event: 1.139 GC heap before
{Heap before GC invocations=1 (full 0):
 garbage-first heap   total 251904K, used 41658K [0x000000070a600000, 0x0000000800000000)
  region size 1024K, 39 young (39936K), 3 survivors (3072K)
 Metaspace       used 20961K, capacity 21182K, committed 21248K, reserved 1069056K
  class space    used 2186K, capacity 2280K, committed 2304K, reserved 1048576K
}
Event: 1.147 GC heap after
{Heap after GC invocations=2 (full 0):
 garbage-first heap   total 251904K, used 9210K [0x000000070a600000, 0x0000000800000000)
  region size 1024K, 6 young (6144K), 6 survivors (6144K)
 Metaspace       used 20961K, capacity 21182K, committed 21248K, reserved 1069056K
  class space    used 2186K, capacity 2280K, committed 2304K, reserved 1048576K
}
Event: 1.965 GC heap before
{Heap before GC invocations=3 (full 0):
 garbage-first heap   total 251904K, used 65530K [0x000000070a600000, 0x0000000800000000)
  region size 1024K, 56 young (57344K), 6 survivors (6144K)
 Metaspace       used 32733K, capacity 33151K, committed 33408K, reserved 1079296K
  class space    used 4023K, capacity 4214K, committed 4224K, reserved 1048576K
}
Event: 1.974 GC heap after
{Heap after GC invocations=4 (full 0):
 garbage-first heap   total 251904K, used 20691K [0x000000070a600000, 0x0000000800000000)
  region size 1024K, 7 young (7168K), 7 survivors (7168K)
 Metaspace       used 32733K, capacity 33151K, committed 33408K, reserved 1079296K
  class space    used 4023K, capacity 4214K, committed 4224K, reserved 1048576K
}
Event: 2.131 GC heap before
{Heap before GC invocations=4 (full 0):
 garbage-first heap   total 251904K, used 31955K [0x000000070a600000, 0x0000000800000000)
  region size 1024K, 20 young (20480K), 7 survivors (7168K)
 Metaspace       used 35384K, capacity 35787K, committed 35840K, reserved 1081344K
  class space    used 4294K, capacity 4474K, committed 4480K, reserved 1048576K
}
Event: 2.134 GC heap after
{Heap after GC invocations=5 (full 0):
 garbage-first heap   total 251904K, used 20552K [0x000000070a600000, 0x0000000800000000)
  region size 1024K, 6 young (6144K), 6 survivors (6144K)
 Metaspace       used 35384K, capacity 35787K, committed 35840K, reserved 1081344K
  class space    used 4294K, capacity 4474K, committed 4480K, reserved 1048576K
}
Event: 2.536 GC heap before
{Heap before GC invocations=6 (full 0):
 garbage-first heap   total 251904K, used 51272K [0x000000070a600000, 0x0000000800000000)
  region size 1024K, 36 young (36864K), 6 survivors (6144K)
 Metaspace       used 40921K, capacity 41355K, committed 41420K, reserved 1085440K
  class space    used 4828K, capacity 5027K, committed 5068K, reserved 1048576K
}
Event: 2.541 GC heap after
{Heap after GC invocations=7 (full 0):
 garbage-first heap   total 251904K, used 23998K [0x000000070a600000, 0x0000000800000000)
  region size 1024K, 5 young (5120K), 5 survivors (5120K)
 Metaspace       used 40921K, capacity 41355K, committed 41420K, reserved 1085440K
  class space    used 4828K, capacity 5027K, committed 5068K, reserved 1048576K
}

Deoptimization events (20 events):
Event: 2.608 Thread 0x0000028c9ec23800 Uncommon trap: trap_request=0xffffff4d fr.pc=0x0000028caef4bcf0 relative=0x00000000000000d0
Event: 2.608 Thread 0x0000028c9ec23800 Uncommon trap: reason=unstable_if action=reinterpret pc=0x0000028caef4bcf0 method=java.lang.String.getBytes([BIB)V @ 5 c2
Event: 2.608 Thread 0x0000028c9ec23800 DEOPT PACKING pc=0x0000028caef4bcf0 sp=0x0000009769af59b0
Event: 2.608 Thread 0x0000028c9ec23800 DEOPT UNPACKING pc=0x0000028ca73da1af sp=0x0000009769af5978 mode 2
Event: 2.608 Thread 0x0000028c9ec23800 Uncommon trap: trap_request=0xffffff4d fr.pc=0x0000028caef65d84 relative=0x0000000000000c64
Event: 2.608 Thread 0x0000028c9ec23800 Uncommon trap: reason=unstable_if action=reinterpret pc=0x0000028caef65d84 method=java.lang.StringCoding.encodeUTF8(B[BZ)[B @ 2 c2
Event: 2.608 Thread 0x0000028c9ec23800 DEOPT PACKING pc=0x0000028caef65d84 sp=0x0000009769af58d0
Event: 2.608 Thread 0x0000028c9ec23800 DEOPT UNPACKING pc=0x0000028ca73da1af sp=0x0000009769af56c0 mode 2
Event: 2.608 Thread 0x0000028c9ec23800 Uncommon trap: trap_request=0xffffff4d fr.pc=0x0000028caf053480 relative=0x00000000000002a0
Event: 2.608 Thread 0x0000028c9ec23800 Uncommon trap: reason=unstable_if action=reinterpret pc=0x0000028caf053480 method=sun.net.www.ParseUtil.firstEncodeIndex(Ljava/lang/String;)I @ 27 c2
Event: 2.608 Thread 0x0000028c9ec23800 DEOPT PACKING pc=0x0000028caf053480 sp=0x0000009769af5a00
Event: 2.608 Thread 0x0000028c9ec23800 DEOPT UNPACKING pc=0x0000028ca73da1af sp=0x0000009769af5828 mode 2
Event: 2.608 Thread 0x0000028c9ec23800 Uncommon trap: trap_request=0xffffff4d fr.pc=0x0000028caf001e44 relative=0x00000000000001a4
Event: 2.608 Thread 0x0000028c9ec23800 Uncommon trap: reason=unstable_if action=reinterpret pc=0x0000028caf001e44 method=java.lang.String.indexOf(II)I @ 4 c2
Event: 2.608 Thread 0x0000028c9ec23800 DEOPT PACKING pc=0x0000028caf001e44 sp=0x0000009769af5690
Event: 2.608 Thread 0x0000028c9ec23800 DEOPT UNPACKING pc=0x0000028ca73da1af sp=0x0000009769af5640 mode 2
Event: 2.608 Thread 0x0000028c9ec23800 Uncommon trap: trap_request=0xffffff4d fr.pc=0x0000028caf005944 relative=0x00000000000001a4
Event: 2.608 Thread 0x0000028c9ec23800 Uncommon trap: reason=unstable_if action=reinterpret pc=0x0000028caf005944 method=java.lang.String.startsWith(Ljava/lang/String;I)Z @ 46 c2
Event: 2.608 Thread 0x0000028c9ec23800 DEOPT PACKING pc=0x0000028caf005944 sp=0x0000009769af5790
Event: 2.608 Thread 0x0000028c9ec23800 DEOPT UNPACKING pc=0x0000028ca73da1af sp=0x0000009769af56f8 mode 2

Classes redefined (0 events):
No events

Internal exceptions (20 events):
Event: 1.196 Thread 0x0000028c9ec23800 Exception <a 'java/lang/NoSuchMethodError'{0x00000007197187b8}: 'int java.lang.invoke.DirectMethodHandle$Holder.invokeStaticInit(java.lang.Object, java.lang.Object, java.lang.Object)'> (0x00000007197187b8) thrown at [./src/hotspot/share/interpreter/linkResolver.cpp, line 773]
Event: 1.199 Thread 0x0000028c9ec23800 Exception <a 'java/lang/NoSuchMethodError'{0x0000000719743f08}: 'int java.lang.invoke.DirectMethodHandle$Holder.invokeStaticInit(java.lang.Object, java.lang.Object)'> (0x0000000719743f08) thrown at [./src/hotspot/share/interpreter/linkResolver.cpp, line 773]
Event: 1.243 Thread 0x0000028c9ec23800 Exception <a 'java/lang/NoSuchMethodError'{0x00000007195d7eb0}: 'void java.lang.invoke.DirectMethodHandle$Holder.invokeSpecial(java.lang.Object, java.lang.Object)'> (0x00000007195d7eb0) thrown at [./src/hotspot/share/interpreter/linkResolver.cpp, line 773]
Event: 1.381 Thread 0x0000028c9ec23800 Exception <a 'java/lang/NoSuchMethodError'{0x0000000718c3e180}: 'java.lang.Object java.lang.invoke.DirectMethodHandle$Holder.invokeStatic(java.lang.Object, java.lang.Object, java.lang.Object, java.lang.Object, java.lang.Object, java.lang.Object, java.lang.Object, java.lang.Object, java.lang.Object, java.lang.Object, java.lang.Object, java.lang.Object, java.lang.Object, java.lang.Object, java.lang.Object)'> (0x0000000718c3e180) thrown at [./src/hotspot/share/interpreter/linkResolver.cpp, line 773]
Event: 1.382 Thread 0x0000028c9ec23800 Exception <a 'java/lang/NoSuchMethodError'{0x0000000718c4c188}: 'java.lang.Object java.lang.invoke.DirectMethodHandle$Holder.invokeStatic(java.lang.Object, java.lang.Object, java.lang.Object, java.lang.Object, java.lang.Object, java.lang.Object, java.lang.Object, java.lang.Object, java.lang.Object, java.lang.Object, java.lang.Object, java.lang.Object, java.lang.Object, java.lang.Object, java.lang.Object, java.lang.Object)'> (0x0000000718c4c188) thrown at [./src/hotspot/share/interpreter/linkResolver.cpp, l
Event: 1.383 Thread 0x0000028c9ec23800 Exception <a 'java/lang/NoSuchMethodError'{0x0000000718c5a0a0}: 'java.lang.Object java.lang.invoke.DirectMethodHandle$Holder.invokeSpecial(java.lang.Object, java.lang.Object, int, int, java.lang.Object, java.lang.Object, java.lang.Object)'> (0x0000000718c5a0a0) thrown at [./src/hotspot/share/interpreter/linkResolver.cpp, line 773]
Event: 1.383 Thread 0x0000028c9ec23800 Exception <a 'java/lang/NoSuchMethodError'{0x0000000718c5d8d8}: 'java.lang.Object java.lang.invoke.DelegatingMethodHandle$Holder.reinvoke_L(java.lang.Object, int, int, java.lang.Object, java.lang.Object, java.lang.Object)'> (0x0000000718c5d8d8) thrown at [./src/hotspot/share/interpreter/linkResolver.cpp, line 773]
Event: 1.383 Thread 0x0000028c9ec23800 Exception <a 'java/lang/NoSuchMethodError'{0x0000000718c61c60}: 'java.lang.Object java.lang.invoke.DirectMethodHandle$Holder.invokeStatic(java.lang.Object, java.lang.Object, java.lang.Object, java.lang.Object, int)'> (0x0000000718c61c60) thrown at [./src/hotspot/share/interpreter/linkResolver.cpp, line 773]
Event: 1.412 Thread 0x0000028c9ec23800 Exception <a 'sun/nio/fs/WindowsException'{0x0000000718ba3a48}> (0x0000000718ba3a48) thrown at [./src/hotspot/share/prims/jni.cpp, line 617]
Event: 1.412 Thread 0x0000028c9ec23800 Exception <a 'sun/nio/fs/WindowsException'{0x0000000718ba42c0}> (0x0000000718ba42c0) thrown at [./src/hotspot/share/prims/jni.cpp, line 617]
Event: 1.412 Thread 0x0000028c9ec23800 Exception <a 'sun/nio/fs/WindowsException'{0x0000000718ba4b48}> (0x0000000718ba4b48) thrown at [./src/hotspot/share/prims/jni.cpp, line 617]
Event: 1.412 Thread 0x0000028c9ec23800 Exception <a 'sun/nio/fs/WindowsException'{0x0000000718ba5540}> (0x0000000718ba5540) thrown at [./src/hotspot/share/prims/jni.cpp, line 617]
Event: 1.412 Thread 0x0000028c9ec23800 Exception <a 'sun/nio/fs/WindowsException'{0x0000000718ba5e48}> (0x0000000718ba5e48) thrown at [./src/hotspot/share/prims/jni.cpp, line 617]
Event: 1.412 Thread 0x0000028c9ec23800 Exception <a 'sun/nio/fs/WindowsException'{0x0000000718ba6780}> (0x0000000718ba6780) thrown at [./src/hotspot/share/prims/jni.cpp, line 617]
Event: 1.414 Thread 0x0000028c9ec23800 Exception <a 'java/lang/NoSuchMethodError'{0x0000000718bacf90}: 'void java.lang.invoke.DirectMethodHandle$Holder.invokeStatic(java.lang.Object, java.lang.Object, java.lang.Object, java.lang.Object)'> (0x0000000718bacf90) thrown at [./src/hotspot/share/interpreter/linkResolver.cpp, line 773]
Event: 1.475 Thread 0x0000028c9ec23800 Exception <a 'java/lang/NoSuchMethodError'{0x0000000718790768}: 'void java.lang.invoke.DirectMethodHandle$Holder.invokeStaticInit(java.lang.Object, java.lang.Object)'> (0x0000000718790768) thrown at [./src/hotspot/share/interpreter/linkResolver.cpp, line 773]
Event: 1.552 Thread 0x0000028c9ec23800 Exception <a 'java/lang/NoSuchMethodError'{0x00000007183ac978}: 'void java.lang.invoke.DirectMethodHandle$Holder.invokeVirtual(java.lang.Object, java.lang.Object)'> (0x00000007183ac978) thrown at [./src/hotspot/share/interpreter/linkResolver.cpp, line 773]
Event: 1.561 Thread 0x0000028c9ec23800 Exception <a 'java/lang/NoSuchMethodError'{0x000000071822ae58}: 'int java.lang.invoke.DirectMethodHandle$Holder.invokeVirtual(java.lang.Object, java.lang.Object)'> (0x000000071822ae58) thrown at [./src/hotspot/share/interpreter/linkResolver.cpp, line 773]
Event: 2.105 Thread 0x0000028c9ec23800 Exception <a 'java/lang/NoSuchMethodError'{0x000000071926e668}: 'java.lang.Object java.lang.invoke.DirectMethodHandle$Holder.invokeVirtual(java.lang.Object, java.lang.Object, java.lang.Object)'> (0x000000071926e668) thrown at [./src/hotspot/share/interpreter/linkResolver.cpp, line 773]
Event: 2.661 Thread 0x0000028c9ec23800 Exception <a 'java/lang/NoSuchMethodError'{0x0000000719360240}: 'java.lang.Object java.lang.invoke.Invokers$Holder.linkToTargetMethod(java.lang.Object, int, java.lang.Object)'> (0x0000000719360240) thrown at [./src/hotspot/share/interpreter/linkResolver.cpp, line 773]

Events (20 events):
Event: 2.665 loading class org/jetbrains/kotlin/com/intellij/psi/tree/ILeafElementType
Event: 2.665 loading class org/jetbrains/kotlin/com/intellij/psi/tree/ILeafElementType done
Event: 2.667 loading class org/jetbrains/kotlin/com/intellij/psi/impl/source/tree/TreeElement
Event: 2.667 loading class org/jetbrains/kotlin/com/intellij/psi/impl/source/tree/TreeElement done
Event: 2.668 loading class org/jetbrains/kotlin/com/intellij/psi/impl/source/tree/LazyParseableElement
Event: 2.668 loading class org/jetbrains/kotlin/com/intellij/psi/impl/source/tree/LazyParseableElement done
Event: 2.668 loading class org/jetbrains/kotlin/com/intellij/openapi/progress/impl/NonCancelableIndicator
Event: 2.668 loading class org/jetbrains/kotlin/com/intellij/openapi/progress/impl/NonCancelableIndicator done
Event: 2.668 loading class org/jetbrains/kotlin/com/intellij/openapi/progress/NonCancelableSection
Event: 2.668 loading class org/jetbrains/kotlin/com/intellij/openapi/progress/NonCancelableSection done
Event: 2.668 loading class org/jetbrains/kotlin/com/intellij/openapi/progress/StandardProgressIndicator
Event: 2.668 loading class org/jetbrains/kotlin/com/intellij/openapi/progress/StandardProgressIndicator done
Event: 2.668 loading class org/jetbrains/kotlin/com/intellij/openapi/progress/impl/NonCancelableIndicator$1
Event: 2.668 loading class org/jetbrains/kotlin/com/intellij/openapi/progress/impl/NonCancelableIndicator$1 done
Event: 2.668 loading class org/jetbrains/kotlin/com/intellij/openapi/progress/ProgressIndicator
Event: 2.668 loading class org/jetbrains/kotlin/com/intellij/openapi/progress/ProgressIndicator done
Event: 2.668 loading class org/jetbrains/kotlin/com/intellij/openapi/progress/ProgressIndicator
Event: 2.668 loading class org/jetbrains/kotlin/com/intellij/openapi/progress/ProgressIndicator done
Event: 2.669 loading class org/jetbrains/kotlin/com/intellij/util/containers/SmartHashSet
Event: 2.669 loading class org/jetbrains/kotlin/com/intellij/util/containers/SmartHashSet done


Dynamic libraries:
0x00007ff6694f0000 - 0x00007ff6694fd000 	C:\Program Files\Microsoft\jdk-11.0.18.10-hotspot\bin\java.exe
0x00007fff3cd30000 - 0x00007fff3cf44000 	C:\WINDOWS\SYSTEM32\ntdll.dll
0x00007fff3ad30000 - 0x00007fff3adf2000 	C:\WINDOWS\System32\KERNEL32.DLL
0x00007fff3a130000 - 0x00007fff3a4d3000 	C:\WINDOWS\System32\KERNELBASE.dll
0x00007fff3a930000 - 0x00007fff3aa41000 	C:\WINDOWS\System32\ucrtbase.dll
0x00007fff2d0f0000 - 0x00007fff2d107000 	C:\Program Files\Microsoft\jdk-11.0.18.10-hotspot\bin\jli.dll
0x00007fff2d0d0000 - 0x00007fff2d0e5000 	C:\Program Files\Microsoft\jdk-11.0.18.10-hotspot\bin\VCRUNTIME140.dll
0x00007fff3ca40000 - 0x00007fff3cbea000 	C:\WINDOWS\System32\USER32.dll
0x00007fff3a890000 - 0x00007fff3a8b6000 	C:\WINDOWS\System32\win32u.dll
0x00007fff3b920000 - 0x00007fff3b949000 	C:\WINDOWS\System32\GDI32.dll
0x00007fff3a560000 - 0x00007fff3a679000 	C:\WINDOWS\System32\gdi32full.dll
0x00007fff15d20000 - 0x00007fff15fae000 	C:\WINDOWS\WinSxS\amd64_microsoft.windows.common-controls_6595b64144ccf1df_6.0.22621.1635_none_270f70857386168e\COMCTL32.dll
0x00007fff3a680000 - 0x00007fff3a71a000 	C:\WINDOWS\System32\msvcp_win.dll
0x00007fff3b400000 - 0x00007fff3b4a7000 	C:\WINDOWS\System32\msvcrt.dll
0x00007fff3b890000 - 0x00007fff3b8c1000 	C:\WINDOWS\System32\IMM32.DLL
0x00007fff01400000 - 0x00007fff0149b000 	C:\Program Files\Microsoft\jdk-11.0.18.10-hotspot\bin\msvcp140.dll
0x00007ffeeb3a0000 - 0x00007ffeebf32000 	C:\Program Files\Microsoft\jdk-11.0.18.10-hotspot\bin\server\jvm.dll
0x00007fff3b2c0000 - 0x00007fff3b36e000 	C:\WINDOWS\System32\ADVAPI32.dll
0x00007fff3b190000 - 0x00007fff3b234000 	C:\WINDOWS\System32\sechost.dll
0x00007fff3ac10000 - 0x00007fff3ad27000 	C:\WINDOWS\System32\RPCRT4.dll
0x00007fff3c900000 - 0x00007fff3c908000 	C:\WINDOWS\System32\PSAPI.DLL
0x00007fff28590000 - 0x00007fff28599000 	C:\WINDOWS\SYSTEM32\WSOCK32.dll
0x00007fff321b0000 - 0x00007fff321ba000 	C:\WINDOWS\SYSTEM32\VERSION.dll
0x00007fff32eb0000 - 0x00007fff32ee4000 	C:\WINDOWS\SYSTEM32\WINMM.dll
0x00007fff3b240000 - 0x00007fff3b2b1000 	C:\WINDOWS\System32\WS2_32.dll
0x00007fff39170000 - 0x00007fff39188000 	C:\WINDOWS\SYSTEM32\kernel.appcore.dll
0x00007fff2dbe0000 - 0x00007fff2dbf0000 	C:\Program Files\Microsoft\jdk-11.0.18.10-hotspot\bin\verify.dll
0x00007fff297c0000 - 0x00007fff299ee000 	C:\WINDOWS\SYSTEM32\DBGHELP.DLL
0x00007fff3ae00000 - 0x00007fff3b189000 	C:\WINDOWS\System32\combase.dll
0x00007fff3b7b0000 - 0x00007fff3b887000 	C:\WINDOWS\System32\OLEAUT32.dll
0x00007fff2ce70000 - 0x00007fff2cea2000 	C:\WINDOWS\SYSTEM32\dbgcore.DLL
0x00007fff3a4e0000 - 0x00007fff3a55a000 	C:\WINDOWS\System32\bcryptPrimitives.dll
0x00007fff14b30000 - 0x00007fff14b58000 	C:\Program Files\Microsoft\jdk-11.0.18.10-hotspot\bin\java.dll
0x00007fff2ce10000 - 0x00007fff2ce1a000 	C:\Program Files\Microsoft\jdk-11.0.18.10-hotspot\bin\jimage.dll
0x00007fff292d0000 - 0x00007fff292e8000 	C:\Program Files\Microsoft\jdk-11.0.18.10-hotspot\bin\zip.dll
0x00007fff3c100000 - 0x00007fff3c8f9000 	C:\WINDOWS\System32\SHELL32.dll
0x00007fff38120000 - 0x00007fff389ee000 	C:\WINDOWS\SYSTEM32\windows.storage.dll
0x00007fff37fe0000 - 0x00007fff3811e000 	C:\WINDOWS\SYSTEM32\wintypes.dll
0x00007fff3cbf0000 - 0x00007fff3cce1000 	C:\WINDOWS\System32\SHCORE.dll
0x00007fff3c080000 - 0x00007fff3c0de000 	C:\WINDOWS\System32\shlwapi.dll
0x00007fff3a060000 - 0x00007fff3a086000 	C:\WINDOWS\SYSTEM32\profapi.dll
0x00007fff25360000 - 0x00007fff25379000 	C:\Program Files\Microsoft\jdk-11.0.18.10-hotspot\bin\net.dll
0x00007fff33a50000 - 0x00007fff33b87000 	C:\WINDOWS\SYSTEM32\WINHTTP.dll
0x00007fff395f0000 - 0x00007fff39659000 	C:\WINDOWS\system32\mswsock.dll
0x00007fff1fd40000 - 0x00007fff1fd53000 	C:\Program Files\Microsoft\jdk-11.0.18.10-hotspot\bin\nio.dll

dbghelp: loaded successfully - version: 4.0.5 - missing functions: none
symbol engine: initialized successfully - sym options: 0x614 - pdb path: .;C:\Program Files\Microsoft\jdk-11.0.18.10-hotspot\bin;C:\WINDOWS\SYSTEM32;C:\WINDOWS\WinSxS\amd64_microsoft.windows.common-controls_6595b64144ccf1df_6.0.22621.1635_none_270f70857386168e;C:\Program Files\Microsoft\jdk-11.0.18.10-hotspot\bin\server

VM Arguments:
java_command: org.jetbrains.kotlin.cli.jvm.K2JVMCompiler @D:\MusinexFull\Frontend\node_modules\react-native-gesture-handler\android\build\20230716_13532045983680653913.compiler.options
java_class_path (initial): C:\Users\Anton\.gradle\caches\modules-2\files-2.1\org.jetbrains.kotlin\kotlin-compiler-embeddable\1.6.21\97bdd5a752ce73b58ef16c17bc7f0ea2faff7a2e\kotlin-compiler-embeddable-1.6.21.jar;C:\Users\Anton\.gradle\caches\modules-2\files-2.1\org.jetbrains.kotlin\kotlin-reflect\1.6.21\5dc3574d9b7bebfcb4ec6b10ada4aaa9e140bd0b\kotlin-reflect-1.6.21.jar;C:\Users\Anton\.gradle\caches\modules-2\files-2.1\org.jetbrains.kotlin\kotlin-stdlib\1.6.21\11ef67f1900634fd951bad28c53ec957fabbe5b8\kotlin-stdlib-1.6.21.jar;C:\Users\Anton\.gradle\caches\modules-2\files-2.1\org.jetbrains.kotlin\kotlin-script-runtime\1.6.21\99c6675100da5d6d5b1c5a1032f27f28008d101b\kotlin-script-runtime-1.6.21.jar;C:\Users\Anton\.gradle\caches\modules-2\files-2.1\org.jetbrains.kotlin\kotlin-daemon-embeddable\1.6.21\46b78cf392e1c4f10854c3cadba44abb7b82250f\kotlin-daemon-embeddable-1.6.21.jar;C:\Users\Anton\.gradle\caches\modules-2\files-2.1\org.jetbrains.intellij.deps\trove4j\1.0.20200330\3afb14d5f9ceb459d724e907a21145e8ff394f02\trove4j-1.0.20200330.jar;C:\Users\Anton\.gradle\caches\modules-2\files-2.1\net.java.dev.jna\jna\5.6.0\330f2244e9030119ab3030fc3fededc86713d9cc\jna-5.6.0.jar;C:\Users\Anton\.gradle\caches\modules-2\files-2.1\org.jetbrains.kotlin\kotlin-stdlib-common\1.6.21\5e5b55c26dbc80372a920aef60eb774b714559b8\kotlin-stdlib-common-1.6.21.jar;C:\Users\Anton\.gradle\caches\modules-2\files-2.1\org.jetbrains\annotations\13.0\919f0dfe192fb4e063e7dacadee7f8bb9a2672a9\annotations-13.0.jar
Launcher Type: SUN_STANDARD

[Global flags]
     intx CICompilerCount                          = 12                                        {product} {ergonomic}
     uint ConcGCThreads                            = 3                                         {product} {ergonomic}
     uint G1ConcRefinementThreads                  = 13                                        {product} {ergonomic}
   size_t G1HeapRegionSize                         = 1048576                                   {product} {ergonomic}
    uintx GCDrainStackTargetSize                   = 64                                        {product} {ergonomic}
   size_t InitialHeapSize                          = 257949696                                 {product} {ergonomic}
   size_t MarkStackSize                            = 4194304                                   {product} {ergonomic}
   size_t MaxHeapSize                              = 4120903680                                {product} {ergonomic}
   size_t MaxNewSize                               = 2472542208                                {product} {ergonomic}
   size_t MinHeapDeltaBytes                        = 1048576                                   {product} {ergonomic}
    uintx NonNMethodCodeHeapSize                   = 7594288                                {pd product} {ergonomic}
    uintx NonProfiledCodeHeapSize                  = 122031976                              {pd product} {ergonomic}
    uintx ProfiledCodeHeapSize                     = 122031976                              {pd product} {ergonomic}
    uintx ReservedCodeCacheSize                    = 251658240                              {pd product} {ergonomic}
     bool SegmentedCodeCache                       = true                                      {product} {ergonomic}
     bool UseCompressedClassPointers               = true                                 {lp64_product} {ergonomic}
     bool UseCompressedOops                        = true                                 {lp64_product} {ergonomic}
     bool UseG1GC                                  = true                                      {product} {ergonomic}
     bool UseLargePagesIndividualAllocation        = false                                  {pd product} {ergonomic}

Logging:
Log output configuration:
 #0: stdout all=warning uptime,level,tags
 #1: stderr all=off uptime,level,tags

Environment Variables:
JAVA_HOME=C:\Program Files\Microsoft\jdk-11.0.18.10-hotspot\
CLASSPATH=D:\MusinexFull\Frontend\android\\gradle\wrapper\gradle-wrapper.jar
PATH=C:\Users\Anton\AppData\Local\Temp\yarn--1689525689865-0.392360341462783;D:\MusinexFull\Frontend\node_modules\.bin;C:\Users\Anton\AppData\Local\Yarn\Data\link\node_modules\.bin;C:\Users\Anton\AppData\Local\Yarn\bin;C:\Program Files\libexec\lib\node_modules\npm\bin\node-gyp-bin;C:\Program Files\lib\node_modules\npm\bin\node-gyp-bin;C:\Program Files\nodejs\node_modules\npm\bin\node-gyp-bin;C:\Program Files\Microsoft\jdk-11.0.18.10-hotspot\bin;C:\Program Files\Common Files\Oracle\Java\javapath;C:\Python311\Scripts\;C:\Python311\;C:\WINDOWS\system32;C:\WINDOWS;C:\WINDOWS\System32\Wbem;C:\WINDOWS\System32\WindowsPowerShell\v1.0\;C:\WINDOWS\System32\OpenSSH\;D:\Git\cmd;C:\Program Files\NVIDIA Corporation\NVIDIA NvDLISR;C:\Program Files\nodejs\;C:\ProgramData\chocolatey\bin;C:\Program Files (x86)\Yarn\bin\;C:\Program Files (x86)\NVIDIA Corporation\PhysX\Common;C:\Users\Anton\AppData\Local\Android\Sdk\platform-tools;D:\MusinexFull\Frontend\node_modules\.bin
USERNAME=Anton
OS=Windows_NT
PROCESSOR_IDENTIFIER=AMD64 Family 25 Model 80 Stepping 0, AuthenticAMD
TMP=C:\Users\Anton\AppData\Local\Temp
TEMP=C:\Users\Anton\AppData\Local\Temp



---------------  S Y S T E M  ---------------

OS: Windows 11 , 64 bit Build 22621 (10.0.22621.1928)
OS uptime: 0 days 10:16 hours

CPU:total 16 (initial active 16) (16 cores per cpu, 2 threads per core) family 25 model 80 stepping 0 microcode 0x0, cmov, cx8, fxsr, mmx, sse, sse2, sse3, ssse3, sse4.1, sse4.2, popcnt, avx, avx2, aes, clmul, erms, mmxext, 3dnowpref, lzcnt, sse4a, ht, tsc, tscinvbit, tscinv, bmi1, bmi2, adx, sha, fma

Memory: 4k page, system-wide physical 15716M (502M free)
TotalPageFile size 28457M (AvailPageFile size 4M)
current process WorkingSet (physical memory assigned to process): 210M, peak: 210M
current process commit charge ("private bytes"): 426M, peak: 426M

vm_info: OpenJDK 64-Bit Server VM (11.0.18+10-LTS) for windows-amd64 JRE (11.0.18+10-LTS), built on Jan 18 2023 15:56:47 by "MicrosoftCorporation" with MS VC++ 15.9 (VS2017)

END.
