#
# There is insufficient memory for the Java Runtime Environment to continue.
# Native memory allocation (mmap) failed to map 257949696 bytes for Failed to commit area from 0x000000070a600000 to 0x0000000719c00000 of length 257949696.
# Possible reasons:
#   The system is out of physical RAM or swap space
#   The process is running with CompressedOops enabled, and the Java Heap may be blocking the growth of the native heap
# Possible solutions:
#   Reduce memory load on the system
#   Increase physical memory or swap space
#   Check if swap backing store is full
#   Decrease Java heap size (-Xmx/-Xms)
#   Decrease number of Java threads
#   Decrease Java thread stack sizes (-Xss)
#   Set larger code cache with -XX:ReservedCodeCacheSize=
# This output file may be truncated or incomplete.
#
#  Out of Memory Error (./src/hotspot/os/windows/os_windows.cpp:3386), pid=20104, tid=26132
#
# JRE version:  (11.0.18+10) (build )
# Java VM: OpenJDK 64-Bit Server VM (11.0.18+10-LTS, mixed mode, sharing, tiered, compressed oops, g1 gc, windows-amd64)
# No core dump will be written. Minidumps are not enabled by default on client versions of Windows
#

---------------  S U M M A R Y ------------

Command Line: org.jetbrains.kotlin.cli.jvm.K2JVMCompiler @D:\MusinexFull\Frontend\node_modules\expo-modules-core\android\build\20230716_11497009532206287002.compiler.options

Host: AMD Ryzen 7 5800H with Radeon Graphics         , 16 cores, 15G,  Windows 11 , 64 bit Build 22621 (10.0.22621.1928)
Time: Sun Jul 16 18:43:02 2023  Windows 11 , 64 bit Build 22621 (10.0.22621.1928) elapsed time: 0.010750 seconds (0d 0h 0m 0s)

---------------  T H R E A D  ---------------

Current thread (0x000001ee83e25000):  JavaThread "Unknown thread" [_thread_in_vm, id=26132, stack(0x000000befc500000,0x000000befc600000)]

Stack: [0x000000befc500000,0x000000befc600000]
Native frames: (J=compiled Java code, j=interpreted, Vv=VM code, C=native code)
V  [jvm.dll+0x62bf8a]
V  [jvm.dll+0x7b8fb9]
V  [jvm.dll+0x7ba6a8]
V  [jvm.dll+0x7bad83]
V  [jvm.dll+0x250248]
V  [jvm.dll+0x62929a]
V  [jvm.dll+0x61d855]
V  [jvm.dll+0x30c32c]
V  [jvm.dll+0x30c1b2]
V  [jvm.dll+0x310ec6]
V  [jvm.dll+0x356f0f]
V  [jvm.dll+0x356940]
V  [jvm.dll+0x2e9348]
V  [jvm.dll+0x2ea4a6]
V  [jvm.dll+0x792e07]
V  [jvm.dll+0x79458f]
V  [jvm.dll+0x363c69]
V  [jvm.dll+0x775d70]
V  [jvm.dll+0x3d297f]
V  [jvm.dll+0x3d4d11]
C  [jli.dll+0x5207]
C  [ucrtbase.dll+0x29363]
C  [KERNEL32.DLL+0x126ad]
C  [ntdll.dll+0x5aa68]


---------------  P R O C E S S  ---------------

Threads class SMR info:
_java_thread_list=0x000001ee81c0b470, length=0, elements={
}

Java Threads: ( => current thread )

Other Threads:
  0x000001ee83e3d000 GCTaskThread "GC Thread#0" [stack: 0x000000befc600000,0x000000befc700000] [id=300]
  0x000001ee83e98800 ConcurrentGCThread "G1 Main Marker" [stack: 0x000000befc700000,0x000000befc800000] [id=22184]
  0x000001ee83e9b800 ConcurrentGCThread "G1 Conc#0" [stack: 0x000000befc800000,0x000000befc900000] [id=24556]

[error occurred during error reporting (printing all threads), id 0xc0000005, EXCEPTION_ACCESS_VIOLATION (0xc0000005) at pc=0x00007ffeeb698b17]

VM state:not at safepoint (not fully initialized)

VM Mutex/Monitor currently owned by a thread:  ([mutex/lock_event])
[0x000001ee83e20d80] Heap_lock - owner thread: 0x000001ee83e25000

Heap address: 0x000000070a600000, size: 3930 MB, Compressed Oops mode: Non-zero based: 0x000000070a600000
Narrow klass base: 0x0000000000000000, Narrow klass shift: 0

GC Heap History (0 events):
No events

Deoptimization events (0 events):
No events

Classes redefined (0 events):
No events

Internal exceptions (0 events):
No events

Events (1 events):
Event: 0.008 Loaded shared library C:\Program Files\Microsoft\jdk-11.0.18.10-hotspot\bin\zip.dll


Dynamic libraries:
0x00007ff6694f0000 - 0x00007ff6694fd000 	C:\Program Files\Microsoft\jdk-11.0.18.10-hotspot\bin\java.exe
0x00007fff3cd30000 - 0x00007fff3cf44000 	C:\WINDOWS\SYSTEM32\ntdll.dll
0x00007fff3ad30000 - 0x00007fff3adf2000 	C:\WINDOWS\System32\KERNEL32.DLL
0x00007fff3a130000 - 0x00007fff3a4d3000 	C:\WINDOWS\System32\KERNELBASE.dll
0x00007fff3a930000 - 0x00007fff3aa41000 	C:\WINDOWS\System32\ucrtbase.dll
0x00007fff2d0f0000 - 0x00007fff2d107000 	C:\Program Files\Microsoft\jdk-11.0.18.10-hotspot\bin\jli.dll
0x00007fff2d0d0000 - 0x00007fff2d0e5000 	C:\Program Files\Microsoft\jdk-11.0.18.10-hotspot\bin\VCRUNTIME140.dll
0x00007fff3ca40000 - 0x00007fff3cbea000 	C:\WINDOWS\System32\USER32.dll
0x00007fff3a890000 - 0x00007fff3a8b6000 	C:\WINDOWS\System32\win32u.dll
0x00007fff3b920000 - 0x00007fff3b949000 	C:\WINDOWS\System32\GDI32.dll
0x00007fff15d20000 - 0x00007fff15fae000 	C:\WINDOWS\WinSxS\amd64_microsoft.windows.common-controls_6595b64144ccf1df_6.0.22621.1635_none_270f70857386168e\COMCTL32.dll
0x00007fff3a560000 - 0x00007fff3a679000 	C:\WINDOWS\System32\gdi32full.dll
0x00007fff3b400000 - 0x00007fff3b4a7000 	C:\WINDOWS\System32\msvcrt.dll
0x00007fff3a680000 - 0x00007fff3a71a000 	C:\WINDOWS\System32\msvcp_win.dll
0x00007fff3b890000 - 0x00007fff3b8c1000 	C:\WINDOWS\System32\IMM32.DLL
0x00007fff01400000 - 0x00007fff0149b000 	C:\Program Files\Microsoft\jdk-11.0.18.10-hotspot\bin\msvcp140.dll
0x00007ffeeb3a0000 - 0x00007ffeebf32000 	C:\Program Files\Microsoft\jdk-11.0.18.10-hotspot\bin\server\jvm.dll
0x00007fff3b2c0000 - 0x00007fff3b36e000 	C:\WINDOWS\System32\ADVAPI32.dll
0x00007fff3b190000 - 0x00007fff3b234000 	C:\WINDOWS\System32\sechost.dll
0x00007fff3ac10000 - 0x00007fff3ad27000 	C:\WINDOWS\System32\RPCRT4.dll
0x00007fff3c900000 - 0x00007fff3c908000 	C:\WINDOWS\System32\PSAPI.DLL
0x00007fff32eb0000 - 0x00007fff32ee4000 	C:\WINDOWS\SYSTEM32\WINMM.dll
0x00007fff28590000 - 0x00007fff28599000 	C:\WINDOWS\SYSTEM32\WSOCK32.dll
0x00007fff321b0000 - 0x00007fff321ba000 	C:\WINDOWS\SYSTEM32\VERSION.dll
0x00007fff3b240000 - 0x00007fff3b2b1000 	C:\WINDOWS\System32\WS2_32.dll
0x00007fff39170000 - 0x00007fff39188000 	C:\WINDOWS\SYSTEM32\kernel.appcore.dll
0x00007fff2dbe0000 - 0x00007fff2dbf0000 	C:\Program Files\Microsoft\jdk-11.0.18.10-hotspot\bin\verify.dll
0x00007fff297c0000 - 0x00007fff299ee000 	C:\WINDOWS\SYSTEM32\DBGHELP.DLL
0x00007fff3ae00000 - 0x00007fff3b189000 	C:\WINDOWS\System32\combase.dll
0x00007fff3b7b0000 - 0x00007fff3b887000 	C:\WINDOWS\System32\OLEAUT32.dll
0x00007fff2ce70000 - 0x00007fff2cea2000 	C:\WINDOWS\SYSTEM32\dbgcore.DLL
0x00007fff3a4e0000 - 0x00007fff3a55a000 	C:\WINDOWS\System32\bcryptPrimitives.dll
0x00007fff14b30000 - 0x00007fff14b58000 	C:\Program Files\Microsoft\jdk-11.0.18.10-hotspot\bin\java.dll
0x00007fff2ce10000 - 0x00007fff2ce1a000 	C:\Program Files\Microsoft\jdk-11.0.18.10-hotspot\bin\jimage.dll
0x00007fff292d0000 - 0x00007fff292e8000 	C:\Program Files\Microsoft\jdk-11.0.18.10-hotspot\bin\zip.dll

dbghelp: loaded successfully - version: 4.0.5 - missing functions: none
symbol engine: initialized successfully - sym options: 0x614 - pdb path: .;C:\Program Files\Microsoft\jdk-11.0.18.10-hotspot\bin;C:\WINDOWS\SYSTEM32;C:\WINDOWS\WinSxS\amd64_microsoft.windows.common-controls_6595b64144ccf1df_6.0.22621.1635_none_270f70857386168e;C:\Program Files\Microsoft\jdk-11.0.18.10-hotspot\bin\server

VM Arguments:
java_command: org.jetbrains.kotlin.cli.jvm.K2JVMCompiler @D:\MusinexFull\Frontend\node_modules\expo-modules-core\android\build\20230716_11497009532206287002.compiler.options
java_class_path (initial): C:\Users\Anton\.gradle\caches\modules-2\files-2.1\org.jetbrains.kotlin\kotlin-compiler-embeddable\1.8.10\b0757fd774344d54ce93f5ad6c30ba1c1731c8ff\kotlin-compiler-embeddable-1.8.10.jar;C:\Users\Anton\.gradle\caches\modules-2\files-2.1\org.jetbrains.kotlin\kotlin-stdlib\1.8.10\6d5560a229477df9406943d5feda5618e98eb64c\kotlin-stdlib-1.8.10.jar;C:\Users\Anton\.gradle\caches\modules-2\files-2.1\org.jetbrains.kotlin\kotlin-script-runtime\1.8.10\b13ea9c7e46d589139e56086a878763290e20bd5\kotlin-script-runtime-1.8.10.jar;C:\Users\Anton\.gradle\caches\modules-2\files-2.1\org.jetbrains.kotlin\kotlin-reflect\1.6.10\1cbe9c92c12a94eea200d23c2bbaedaf3daf5132\kotlin-reflect-1.6.10.jar;C:\Users\Anton\.gradle\caches\modules-2\files-2.1\org.jetbrains.kotlin\kotlin-daemon-embeddable\1.8.10\ad8541d9bc1cf9e52c3204161247910c2cf601d4\kotlin-daemon-embeddable-1.8.10.jar;C:\Users\Anton\.gradle\caches\modules-2\files-2.1\org.jetbrains.intellij.deps\trove4j\1.0.20200330\3afb14d5f9ceb459d724e907a21145e8ff394f02\trove4j-1.0.20200330.jar;C:\Users\Anton\.gradle\caches\modules-2\files-2.1\net.java.dev.jna\jna\5.6.0\330f2244e9030119ab3030fc3fededc86713d9cc\jna-5.6.0.jar;C:\Users\Anton\.gradle\caches\modules-2\files-2.1\org.jetbrains.kotlin\kotlin-stdlib-common\1.8.10\a61b182458550492c12aee66157d7b524a63a5ec\kotlin-stdlib-common-1.8.10.jar;C:\Users\Anton\.gradle\caches\modules-2\files-2.1\org.jetbrains\annotations\13.0\919f0dfe192fb4e063e7dacadee7f8bb9a2672a9\annotations-13.0.jar
Launcher Type: SUN_STANDARD

[Global flags]
     intx CICompilerCount                          = 12                                        {product} {ergonomic}
     uint ConcGCThreads                            = 3                                         {product} {ergonomic}
     uint G1ConcRefinementThreads                  = 13                                        {product} {ergonomic}
   size_t G1HeapRegionSize                         = 1048576                                   {product} {ergonomic}
    uintx GCDrainStackTargetSize                   = 64                                        {product} {ergonomic}
   size_t InitialHeapSize                          = 257949696                                 {product} {ergonomic}
   size_t MarkStackSize                            = 4194304                                   {product} {ergonomic}
   size_t MaxHeapSize                              = 4120903680                                {product} {ergonomic}
   size_t MinHeapDeltaBytes                        = 1048576                                   {product} {ergonomic}
    uintx NonNMethodCodeHeapSize                   = 7594288                                {pd product} {ergonomic}
    uintx NonProfiledCodeHeapSize                  = 122031976                              {pd product} {ergonomic}
    uintx ProfiledCodeHeapSize                     = 122031976                              {pd product} {ergonomic}
    uintx ReservedCodeCacheSize                    = 251658240                              {pd product} {ergonomic}
     bool SegmentedCodeCache                       = true                                      {product} {ergonomic}
     bool UseCompressedClassPointers               = true                                 {lp64_product} {ergonomic}
     bool UseCompressedOops                        = true                                 {lp64_product} {ergonomic}
     bool UseG1GC                                  = true                                      {product} {ergonomic}
     bool UseLargePagesIndividualAllocation        = false                                  {pd product} {ergonomic}

Logging:
Log output configuration:
 #0: stdout all=warning uptime,level,tags
 #1: stderr all=off uptime,level,tags

Environment Variables:
JAVA_HOME=C:\Program Files\Microsoft\jdk-11.0.18.10-hotspot\
CLASSPATH=D:\MusinexFull\Frontend\android\\gradle\wrapper\gradle-wrapper.jar
PATH=C:\Users\Anton\AppData\Local\Temp\yarn--1689525689865-0.392360341462783;D:\MusinexFull\Frontend\node_modules\.bin;C:\Users\Anton\AppData\Local\Yarn\Data\link\node_modules\.bin;C:\Users\Anton\AppData\Local\Yarn\bin;C:\Program Files\libexec\lib\node_modules\npm\bin\node-gyp-bin;C:\Program Files\lib\node_modules\npm\bin\node-gyp-bin;C:\Program Files\nodejs\node_modules\npm\bin\node-gyp-bin;C:\Program Files\Microsoft\jdk-11.0.18.10-hotspot\bin;C:\Program Files\Common Files\Oracle\Java\javapath;C:\Python311\Scripts\;C:\Python311\;C:\WINDOWS\system32;C:\WINDOWS;C:\WINDOWS\System32\Wbem;C:\WINDOWS\System32\WindowsPowerShell\v1.0\;C:\WINDOWS\System32\OpenSSH\;D:\Git\cmd;C:\Program Files\NVIDIA Corporation\NVIDIA NvDLISR;C:\Program Files\nodejs\;C:\ProgramData\chocolatey\bin;C:\Program Files (x86)\Yarn\bin\;C:\Program Files (x86)\NVIDIA Corporation\PhysX\Common;C:\Users\Anton\AppData\Local\Android\Sdk\platform-tools;D:\MusinexFull\Frontend\node_modules\.bin
USERNAME=Anton
OS=Windows_NT
PROCESSOR_IDENTIFIER=AMD64 Family 25 Model 80 Stepping 0, AuthenticAMD
TMP=C:\Users\Anton\AppData\Local\Temp
TEMP=C:\Users\Anton\AppData\Local\Temp



---------------  S Y S T E M  ---------------

OS: Windows 11 , 64 bit Build 22621 (10.0.22621.1928)
OS uptime: 0 days 10:16 hours

CPU:total 16 (initial active 16) (16 cores per cpu, 2 threads per core) family 25 model 80 stepping 0 microcode 0x0, cmov, cx8, fxsr, mmx, sse, sse2, sse3, ssse3, sse4.1, sse4.2, popcnt, avx, avx2, aes, clmul, erms, mmxext, 3dnowpref, lzcnt, sse4a, ht, tsc, tscinvbit, tscinv, bmi1, bmi2, adx, sha, fma

Memory: 4k page, system-wide physical 15716M (683M free)
TotalPageFile size 28457M (AvailPageFile size 74M)
current process WorkingSet (physical memory assigned to process): 11M, peak: 11M
current process commit charge ("private bytes"): 71M, peak: 317M

vm_info: OpenJDK 64-Bit Server VM (11.0.18+10-LTS) for windows-amd64 JRE (11.0.18+10-LTS), built on Jan 18 2023 15:56:47 by "MicrosoftCorporation" with MS VC++ 15.9 (VS2017)

END.
