#
# There is insufficient memory for the Java Runtime Environment to continue.
# Native memory allocation (mmap) failed to map 62914560 bytes for Failed to commit area from 0x000000071ce00000 to 0x0000000720a00000 of length 62914560.
# Possible reasons:
#   The system is out of physical RAM or swap space
#   The process is running with CompressedOops enabled, and the Java Heap may be blocking the growth of the native heap
# Possible solutions:
#   Reduce memory load on the system
#   Increase physical memory or swap space
#   Check if swap backing store is full
#   Decrease Java heap size (-Xmx/-Xms)
#   Decrease number of Java threads
#   Decrease Java thread stack sizes (-Xss)
#   Set larger code cache with -XX:ReservedCodeCacheSize=
#   JVM is running with Zero Based Compressed Oops mode in which the Java heap is
#     placed in the first 32GB address space. The Java Heap base address is the
#     maximum limit for the native heap growth. Please use -XX:HeapBaseMinAddress
#     to set the Java Heap base and to place the Java Heap above 32GB virtual address.
# This output file may be truncated or incomplete.
#
#  Out of Memory Error (./src/hotspot/os/windows/os_windows.cpp:3386), pid=19612, tid=25844
#
# JRE version: OpenJDK Runtime Environment Microsoft-7208460 (11.0.18+10) (build 11.0.18+10-LTS)
# Java VM: OpenJDK 64-Bit Server VM Microsoft-7208460 (11.0.18+10-LTS, mixed mode, tiered, compressed oops, g1 gc, windows-amd64)
# No core dump will be written. Minidumps are not enabled by default on client versions of Windows
#

---------------  S U M M A R Y ------------

Command Line: org.jetbrains.kotlin.cli.jvm.K2JVMCompiler @D:\MusinexFull\Frontend\node_modules\expo-modules-core\android\build\20230716_15685416573772724949.compiler.options

Host: AMD Ryzen 7 5800H with Radeon Graphics         , 16 cores, 15G,  Windows 11 , 64 bit Build 22621 (10.0.22621.1928)
Time: Sun Jul 16 18:45:08 2023  Windows 11 , 64 bit Build 22621 (10.0.22621.1928) elapsed time: 7.129433 seconds (0d 0h 0m 7s)

---------------  T H R E A D  ---------------

Current thread (0x00000204d1a83800):  VMThread "VM Thread" [stack: 0x00000028aa800000,0x00000028aa900000] [id=25844]

Stack: [0x00000028aa800000,0x00000028aa900000]
[error occurred during error reporting (printing stack bounds), id 0xc0000005, EXCEPTION_ACCESS_VIOLATION (0xc0000005) at pc=0x00000204b5eb112d]

Native frames: (J=compiled Java code, j=interpreted, Vv=VM code, C=native code)
V  [jvm.dll+0x62bf8a]
V  [jvm.dll+0x7b8fb9]
V  [jvm.dll+0x7ba6a8]
V  [jvm.dll+0x7bace5]
V  [jvm.dll+0x7bac9b]
V  [jvm.dll+0x62b317]
V  [jvm.dll+0x62ba28]
C  [ntdll.dll+0xa3dff]
C  [ntdll.dll+0x1e456]
C  [ntdll.dll+0xa2dee]
C  0x00000204b5eb112d

VM_Operation (0x00000028aa2f0590): G1CollectForAllocation, mode: safepoint, requested by thread 0x00000204ad73e000


---------------  P R O C E S S  ---------------

Threads class SMR info:
_java_thread_list=0x00000204d42fc720, length=15, elements={
0x00000204ad73e000, 0x00000204d1a85000, 0x00000204d1a8e000, 0x00000204d2389800,
0x00000204d238a000, 0x00000204d238b000, 0x00000204d238c000, 0x00000204d2397800,
0x00000204d239e800, 0x00000204d2542800, 0x00000204d253d800, 0x00000204d2823800,
0x00000204d2a29000, 0x00000204d2ada800, 0x00000204d384d000
}

Java Threads: ( => current thread )
  0x00000204ad73e000 JavaThread "main" [_thread_blocked, id=25180, stack(0x00000028aa200000,0x00000028aa300000)]
  0x00000204d1a85000 JavaThread "Reference Handler" daemon [_thread_blocked, id=9928, stack(0x00000028aa900000,0x00000028aaa00000)]
  0x00000204d1a8e000 JavaThread "Finalizer" daemon [_thread_blocked, id=17532, stack(0x00000028aaa00000,0x00000028aab00000)]
  0x00000204d2389800 JavaThread "Signal Dispatcher" daemon [_thread_blocked, id=27076, stack(0x00000028aab00000,0x00000028aac00000)]
  0x00000204d238a000 JavaThread "Attach Listener" daemon [_thread_blocked, id=21984, stack(0x00000028aac00000,0x00000028aad00000)]
  0x00000204d238b000 JavaThread "Service Thread" daemon [_thread_blocked, id=22044, stack(0x00000028aad00000,0x00000028aae00000)]
  0x00000204d238c000 JavaThread "C2 CompilerThread0" daemon [_thread_blocked, id=2764, stack(0x00000028aae00000,0x00000028aaf00000)]
  0x00000204d2397800 JavaThread "C1 CompilerThread0" daemon [_thread_blocked, id=6472, stack(0x00000028aaf00000,0x00000028ab000000)]
  0x00000204d239e800 JavaThread "Sweeper thread" daemon [_thread_blocked, id=12568, stack(0x00000028ab000000,0x00000028ab100000)]
  0x00000204d2542800 JavaThread "Common-Cleaner" daemon [_thread_blocked, id=22844, stack(0x00000028ab200000,0x00000028ab300000)]
  0x00000204d253d800 JavaThread "C2 CompilerThread1" daemon [_thread_blocked, id=20296, stack(0x00000028ab300000,0x00000028ab400000)]
  0x00000204d2823800 JavaThread "C1 CompilerThread1" daemon [_thread_blocked, id=11028, stack(0x00000028ab600000,0x00000028ab700000)]
  0x00000204d2a29000 JavaThread "C1 CompilerThread2" daemon [_thread_blocked, id=23628, stack(0x00000028ab700000,0x00000028ab800000)]
  0x00000204d2ada800 JavaThread "C1 CompilerThread3" daemon [_thread_blocked, id=15320, stack(0x00000028ab800000,0x00000028ab900000)]
  0x00000204d384d000 JavaThread "C2 CompilerThread2" daemon [_thread_in_native, id=25264, stack(0x00000028ab400000,0x00000028ab500000)]

Other Threads:
=>0x00000204d1a83800 VMThread "VM Thread" [stack: 0x00000028aa800000,0x00000028aa900000] [id=25844]
  0x00000204d253a000 WatcherThread [stack: 0x00000028ab100000,0x00000028ab200000] [id=23620]
  0x00000204ab5fc000 GCTaskThread "GC Thread#0" [stack: 0x00000028aa300000,0x00000028aa400000] [id=22636]
  0x00000204d2daa800 GCTaskThread "GC Thread#1" [stack: 0x00000028ab900000,0x00000028aba00000] [id=27080]
  0x00000204d2ba0800 GCTaskThread "GC Thread#2" [stack: 0x00000028aba00000,0x00000028abb00000] [id=27072]
  0x00000204d2c10800 GCTaskThread "GC Thread#3" [stack: 0x00000028abb00000,0x00000028abc00000] [id=24000]
  0x00000204d2d27000 GCTaskThread "GC Thread#4" [stack: 0x00000028abc00000,0x00000028abd00000] [id=25288]
  0x00000204d9f56000 GCTaskThread "GC Thread#5" [stack: 0x00000028ac000000,0x00000028ac100000] [id=15588]
  0x00000204d712b000 GCTaskThread "GC Thread#6" [stack: 0x00000028ac100000,0x00000028ac200000] [id=26236]
  0x00000204ad7ac800 ConcurrentGCThread "G1 Main Marker" [stack: 0x00000028aa400000,0x00000028aa500000] [id=10164]
  0x00000204ad7ae800 ConcurrentGCThread "G1 Conc#0" [stack: 0x00000028aa500000,0x00000028aa600000] [id=19296]
  0x00000204d373e000 ConcurrentGCThread "G1 Conc#1" [stack: 0x00000028abd00000,0x00000028abe00000] [id=19228]
  0x00000204d36b9800 ConcurrentGCThread "G1 Conc#2" [stack: 0x00000028abe00000,0x00000028abf00000] [id=26716]
  0x00000204d196d000 ConcurrentGCThread "G1 Refine#0" [stack: 0x00000028aa600000,0x00000028aa700000] [id=10160]
  0x00000204d3c87800 ConcurrentGCThread "G1 Refine#1" [stack: 0x00000028ab500000,0x00000028ab600000] [id=7560]
  0x00000204d7235800 ConcurrentGCThread "G1 Refine#2" [stack: 0x00000028abf00000,0x00000028ac000000] [id=22596]
  0x00000204d5f96000 ConcurrentGCThread "G1 Refine#3" [stack: 0x00000028ac200000,0x00000028ac300000] [id=20132]
  0x00000204d6e31000 ConcurrentGCThread "G1 Refine#4" [stack: 0x00000028ac300000,0x00000028ac400000] [id=25892]
  0x00000204d3949000 ConcurrentGCThread "G1 Refine#5" [stack: 0x00000028ac400000,0x00000028ac500000] [id=12800]
  0x00000204d744c000 ConcurrentGCThread "G1 Refine#6" [stack: 0x00000028ac500000,0x00000028ac600000] [id=23864]
  0x00000204d1972000 ConcurrentGCThread "G1 Young RemSet Sampling" [stack: 0x00000028aa700000,0x00000028aa800000] [id=25140]

Threads with active compile tasks:
C2 CompilerThread0     7135 12612       4       org.jetbrains.kotlin.types.KotlinTypeFactory::simpleType (105 bytes)
C2 CompilerThread1     7135 12638       4       org.jetbrains.org.objectweb.asm.ClassReader::<init> (339 bytes)
C2 CompilerThread2     7135 12257       4       org.jetbrains.kotlin.resolve.OverridingUtil::generateOverridesInFunctionGroup (123 bytes)

VM state:at safepoint (normal execution)

VM Mutex/Monitor currently owned by a thread:  ([mutex/lock_event])
[0x00000204ad739fb0] Threads_lock - owner thread: 0x00000204d1a83800
[0x00000204ad73bbd0] Heap_lock - owner thread: 0x00000204ad73e000

Heap address: 0x000000070a600000, size: 3930 MB, Compressed Oops mode: Zero based, Oop shift amount: 3
Narrow klass base: 0x0000000800000000, Narrow klass shift: 0
Compressed class space size: 1073741824 Address: 0x0000000800000000

Heap:
 garbage-first heap   total 364544K, used 80170K [0x000000070a600000, 0x0000000800000000)
  region size 1024K, 10 young (10240K), 10 survivors (10240K)
 Metaspace       used 70846K, capacity 71759K, committed 71808K, reserved 1114112K
  class space    used 7663K, capacity 8039K, committed 8064K, reserved 1048576K
Heap Regions: E=young(eden), S=young(survivor), O=old, HS=humongous(starts), HC=humongous(continues), CS=collection set, F=free, A=archive, TAMS=top-at-mark-start (previous, next)
|   0|0x000000070a600000, 0x000000070a700000, 0x000000070a700000|100%|HS|  |TAMS 0x000000070a700000, 0x000000070a600000| Complete 
|   1|0x000000070a700000, 0x000000070a800000, 0x000000070a800000|100%|HC|  |TAMS 0x000000070a800000, 0x000000070a700000| Complete 
|   2|0x000000070a800000, 0x000000070a900000, 0x000000070a900000|100%|HC|  |TAMS 0x000000070a900000, 0x000000070a800000| Complete 
|   3|0x000000070a900000, 0x000000070aa00000, 0x000000070aa00000|100%|HC|  |TAMS 0x000000070aa00000, 0x000000070a900000| Complete 
|   4|0x000000070aa00000, 0x000000070ab00000, 0x000000070ab00000|100%|HS|  |TAMS 0x000000070ab00000, 0x000000070aa00000| Complete 
|   5|0x000000070ab00000, 0x000000070ac00000, 0x000000070ac00000|100%|HC|  |TAMS 0x000000070ac00000, 0x000000070ab00000| Complete 
|   6|0x000000070ac00000, 0x000000070ad00000, 0x000000070ad00000|100%|HC|  |TAMS 0x000000070ad00000, 0x000000070ac00000| Complete 
|   7|0x000000070ad00000, 0x000000070ae00000, 0x000000070ae00000|100%|HC|  |TAMS 0x000000070ae00000, 0x000000070ad00000| Complete 
|   8|0x000000070ae00000, 0x000000070af00000, 0x000000070af00000|100%|HS|  |TAMS 0x000000070af00000, 0x000000070ae00000| Complete 
|   9|0x000000070af00000, 0x000000070b000000, 0x000000070b000000|100%|HC|  |TAMS 0x000000070b000000, 0x000000070af00000| Complete 
|  10|0x000000070b000000, 0x000000070b100000, 0x000000070b100000|100%| O|  |TAMS 0x000000070b100000, 0x000000070b000000| Untracked 
|  11|0x000000070b100000, 0x000000070b200000, 0x000000070b200000|100%| O|  |TAMS 0x000000070b200000, 0x000000070b100000| Untracked 
|  12|0x000000070b200000, 0x000000070b300000, 0x000000070b300000|100%| O|  |TAMS 0x000000070b300000, 0x000000070b200000| Untracked 
|  13|0x000000070b300000, 0x000000070b400000, 0x000000070b400000|100%| O|  |TAMS 0x000000070b400000, 0x000000070b300000| Untracked 
|  14|0x000000070b400000, 0x000000070b500000, 0x000000070b500000|100%| O|  |TAMS 0x000000070b500000, 0x000000070b400000| Untracked 
|  15|0x000000070b500000, 0x000000070b600000, 0x000000070b600000|100%| O|  |TAMS 0x000000070b600000, 0x000000070b500000| Untracked 
|  16|0x000000070b600000, 0x000000070b700000, 0x000000070b700000|100%| O|  |TAMS 0x000000070b700000, 0x000000070b600000| Untracked 
|  17|0x000000070b700000, 0x000000070b800000, 0x000000070b800000|100%| O|  |TAMS 0x000000070b800000, 0x000000070b700000| Untracked 
|  18|0x000000070b800000, 0x000000070b900000, 0x000000070b900000|100%| O|  |TAMS 0x000000070b900000, 0x000000070b800000| Untracked 
|  19|0x000000070b900000, 0x000000070ba00000, 0x000000070ba00000|100%| O|  |TAMS 0x000000070ba00000, 0x000000070b900000| Untracked 
|  20|0x000000070ba00000, 0x000000070bb00000, 0x000000070bb00000|100%| O|  |TAMS 0x000000070bb00000, 0x000000070ba00000| Untracked 
|  21|0x000000070bb00000, 0x000000070bc00000, 0x000000070bc00000|100%| O|  |TAMS 0x000000070bc00000, 0x000000070bb00000| Untracked 
|  22|0x000000070bc00000, 0x000000070bd00000, 0x000000070bd00000|100%| O|  |TAMS 0x000000070bd00000, 0x000000070bc00000| Untracked 
|  23|0x000000070bd00000, 0x000000070be00000, 0x000000070be00000|100%| O|  |TAMS 0x000000070be00000, 0x000000070bd00000| Untracked 
|  24|0x000000070be00000, 0x000000070bf00000, 0x000000070bf00000|100%| O|  |TAMS 0x000000070bf00000, 0x000000070be00000| Untracked 
|  25|0x000000070bf00000, 0x000000070c000000, 0x000000070c000000|100%| O|  |TAMS 0x000000070c000000, 0x000000070bf00000| Untracked 
|  26|0x000000070c000000, 0x000000070c100000, 0x000000070c100000|100%| O|  |TAMS 0x000000070c100000, 0x000000070c000000| Untracked 
|  27|0x000000070c100000, 0x000000070c200000, 0x000000070c200000|100%| O|  |TAMS 0x000000070c200000, 0x000000070c100000| Untracked 
|  28|0x000000070c200000, 0x000000070c300000, 0x000000070c300000|100%| O|  |TAMS 0x000000070c300000, 0x000000070c200000| Untracked 
|  29|0x000000070c300000, 0x000000070c400000, 0x000000070c400000|100%| O|  |TAMS 0x000000070c400000, 0x000000070c300000| Untracked 
|  30|0x000000070c400000, 0x000000070c500000, 0x000000070c500000|100%| O|  |TAMS 0x000000070c500000, 0x000000070c400000| Untracked 
|  31|0x000000070c500000, 0x000000070c600000, 0x000000070c600000|100%| O|  |TAMS 0x000000070c600000, 0x000000070c500000| Untracked 
|  32|0x000000070c600000, 0x000000070c700000, 0x000000070c700000|100%| O|  |TAMS 0x000000070c700000, 0x000000070c600000| Untracked 
|  33|0x000000070c700000, 0x000000070c800000, 0x000000070c800000|100%| O|  |TAMS 0x000000070c800000, 0x000000070c700000| Untracked 
|  34|0x000000070c800000, 0x000000070c900000, 0x000000070c900000|100%| O|  |TAMS 0x000000070c900000, 0x000000070c800000| Untracked 
|  35|0x000000070c900000, 0x000000070ca00000, 0x000000070ca00000|100%| O|  |TAMS 0x000000070ca00000, 0x000000070c900000| Untracked 
|  36|0x000000070ca00000, 0x000000070cb00000, 0x000000070cb00000|100%| O|  |TAMS 0x000000070cb00000, 0x000000070ca00000| Untracked 
|  37|0x000000070cb00000, 0x000000070cc00000, 0x000000070cc00000|100%| O|  |TAMS 0x000000070cc00000, 0x000000070cb00000| Untracked 
|  38|0x000000070cc00000, 0x000000070cd00000, 0x000000070cd00000|100%| O|  |TAMS 0x000000070cd00000, 0x000000070cc00000| Untracked 
|  39|0x000000070cd00000, 0x000000070ce00000, 0x000000070ce00000|100%| O|  |TAMS 0x000000070ce00000, 0x000000070cd00000| Untracked 
|  40|0x000000070ce00000, 0x000000070cf00000, 0x000000070cf00000|100%| O|  |TAMS 0x000000070cf00000, 0x000000070ce00000| Untracked 
|  41|0x000000070cf00000, 0x000000070d000000, 0x000000070d000000|100%| O|  |TAMS 0x000000070d000000, 0x000000070cf00000| Untracked 
|  42|0x000000070d000000, 0x000000070d100000, 0x000000070d100000|100%| O|  |TAMS 0x000000070d100000, 0x000000070d000000| Untracked 
|  43|0x000000070d100000, 0x000000070d200000, 0x000000070d200000|100%| O|  |TAMS 0x000000070d200000, 0x000000070d100000| Untracked 
|  44|0x000000070d200000, 0x000000070d300000, 0x000000070d300000|100%| O|  |TAMS 0x000000070d300000, 0x000000070d200000| Untracked 
|  45|0x000000070d300000, 0x000000070d400000, 0x000000070d400000|100%| O|  |TAMS 0x000000070d400000, 0x000000070d300000| Untracked 
|  46|0x000000070d400000, 0x000000070d500000, 0x000000070d500000|100%| O|  |TAMS 0x000000070d500000, 0x000000070d400000| Untracked 
|  47|0x000000070d500000, 0x000000070d600000, 0x000000070d600000|100%| O|  |TAMS 0x000000070d600000, 0x000000070d500000| Untracked 
|  48|0x000000070d600000, 0x000000070d700000, 0x000000070d700000|100%| O|  |TAMS 0x000000070d681800, 0x000000070d600000| Untracked 
|  49|0x000000070d700000, 0x000000070d800000, 0x000000070d800000|100%|HS|  |TAMS 0x000000070d700000, 0x000000070d700000| Complete 
|  50|0x000000070d800000, 0x000000070d900000, 0x000000070d900000|100%|HC|  |TAMS 0x000000070d800000, 0x000000070d800000| Complete 
|  51|0x000000070d900000, 0x000000070da00000, 0x000000070da00000|100%| O|  |TAMS 0x000000070d900000, 0x000000070d900000| Untracked 
|  52|0x000000070da00000, 0x000000070db00000, 0x000000070db00000|100%| O|  |TAMS 0x000000070da00000, 0x000000070da00000| Untracked 
|  53|0x000000070db00000, 0x000000070dc00000, 0x000000070dc00000|100%| O|  |TAMS 0x000000070db00000, 0x000000070db00000| Untracked 
|  54|0x000000070dc00000, 0x000000070dd00000, 0x000000070dd00000|100%| O|  |TAMS 0x000000070dc00000, 0x000000070dc00000| Untracked 
|  55|0x000000070dd00000, 0x000000070de00000, 0x000000070de00000|100%| O|  |TAMS 0x000000070dd00000, 0x000000070dd00000| Untracked 
|  56|0x000000070de00000, 0x000000070df00000, 0x000000070df00000|100%|HS|  |TAMS 0x000000070de00000, 0x000000070de00000| Complete 
|  57|0x000000070df00000, 0x000000070e000000, 0x000000070e000000|100%| O|  |TAMS 0x000000070df00000, 0x000000070df00000| Untracked 
|  58|0x000000070e000000, 0x000000070e100000, 0x000000070e100000|100%| O|  |TAMS 0x000000070e000000, 0x000000070e000000| Untracked 
|  59|0x000000070e100000, 0x000000070e200000, 0x000000070e200000|100%| O|  |TAMS 0x000000070e100000, 0x000000070e100000| Untracked 
|  60|0x000000070e200000, 0x000000070e300000, 0x000000070e300000|100%| O|  |TAMS 0x000000070e200000, 0x000000070e200000| Untracked 
|  61|0x000000070e300000, 0x000000070e400000, 0x000000070e400000|100%| O|  |TAMS 0x000000070e300000, 0x000000070e300000| Untracked 
|  62|0x000000070e400000, 0x000000070e500000, 0x000000070e500000|100%| O|  |TAMS 0x000000070e400000, 0x000000070e400000| Untracked 
|  63|0x000000070e500000, 0x000000070e600000, 0x000000070e600000|100%| O|  |TAMS 0x000000070e500000, 0x000000070e500000| Untracked 
|  64|0x000000070e600000, 0x000000070e700000, 0x000000070e700000|100%| O|  |TAMS 0x000000070e600000, 0x000000070e600000| Untracked 
|  65|0x000000070e700000, 0x000000070e800000, 0x000000070e800000|100%| O|  |TAMS 0x000000070e700000, 0x000000070e700000| Untracked 
|  66|0x000000070e800000, 0x000000070e900000, 0x000000070e900000|100%| O|  |TAMS 0x000000070e800000, 0x000000070e800000| Untracked 
|  67|0x000000070e900000, 0x000000070ea00000, 0x000000070ea00000|100%| O|  |TAMS 0x000000070e900000, 0x000000070e900000| Untracked 
|  68|0x000000070ea00000, 0x000000070ea4aa00, 0x000000070eb00000| 29%| O|  |TAMS 0x000000070ea00000, 0x000000070ea00000| Untracked 
|  69|0x000000070eb00000, 0x000000070eb00000, 0x000000070ec00000|  0%| F|  |TAMS 0x000000070eb00000, 0x000000070eb00000| Untracked 
|  70|0x000000070ec00000, 0x000000070ec00000, 0x000000070ed00000|  0%| F|  |TAMS 0x000000070ec00000, 0x000000070ec00000| Untracked 
|  71|0x000000070ed00000, 0x000000070ed00000, 0x000000070ee00000|  0%| F|  |TAMS 0x000000070ed00000, 0x000000070ed00000| Untracked 
|  72|0x000000070ee00000, 0x000000070ee00000, 0x000000070ef00000|  0%| F|  |TAMS 0x000000070ee00000, 0x000000070ee00000| Untracked 
|  73|0x000000070ef00000, 0x000000070ef00000, 0x000000070f000000|  0%| F|  |TAMS 0x000000070ef00000, 0x000000070ef00000| Untracked 
|  74|0x000000070f000000, 0x000000070f000000, 0x000000070f100000|  0%| F|  |TAMS 0x000000070f000000, 0x000000070f000000| Untracked 
|  75|0x000000070f100000, 0x000000070f100000, 0x000000070f200000|  0%| F|  |TAMS 0x000000070f100000, 0x000000070f100000| Untracked 
|  76|0x000000070f200000, 0x000000070f200000, 0x000000070f300000|  0%| F|  |TAMS 0x000000070f200000, 0x000000070f200000| Untracked 
|  77|0x000000070f300000, 0x000000070f300000, 0x000000070f400000|  0%| F|  |TAMS 0x000000070f300000, 0x000000070f300000| Untracked 
|  78|0x000000070f400000, 0x000000070f400000, 0x000000070f500000|  0%| F|  |TAMS 0x000000070f400000, 0x000000070f400000| Untracked 
|  79|0x000000070f500000, 0x000000070f500000, 0x000000070f600000|  0%| F|  |TAMS 0x000000070f500000, 0x000000070f500000| Untracked 
|  80|0x000000070f600000, 0x000000070f600000, 0x000000070f700000|  0%| F|  |TAMS 0x000000070f600000, 0x000000070f600000| Untracked 
|  81|0x000000070f700000, 0x000000070f700000, 0x000000070f800000|  0%| F|  |TAMS 0x000000070f700000, 0x000000070f700000| Untracked 
|  82|0x000000070f800000, 0x000000070f800000, 0x000000070f900000|  0%| F|  |TAMS 0x000000070f800000, 0x000000070f800000| Untracked 
|  83|0x000000070f900000, 0x000000070f900000, 0x000000070fa00000|  0%| F|  |TAMS 0x000000070f900000, 0x000000070f900000| Untracked 
|  84|0x000000070fa00000, 0x000000070fa00000, 0x000000070fb00000|  0%| F|  |TAMS 0x000000070fa00000, 0x000000070fa00000| Untracked 
|  85|0x000000070fb00000, 0x000000070fb00000, 0x000000070fc00000|  0%| F|  |TAMS 0x000000070fb00000, 0x000000070fb00000| Untracked 
|  86|0x000000070fc00000, 0x000000070fc00000, 0x000000070fd00000|  0%| F|  |TAMS 0x000000070fc00000, 0x000000070fc00000| Untracked 
|  87|0x000000070fd00000, 0x000000070fd00000, 0x000000070fe00000|  0%| F|  |TAMS 0x000000070fd00000, 0x000000070fd00000| Untracked 
|  88|0x000000070fe00000, 0x000000070fe00000, 0x000000070ff00000|  0%| F|  |TAMS 0x000000070fe00000, 0x000000070fe00000| Untracked 
|  89|0x000000070ff00000, 0x000000070ff00000, 0x0000000710000000|  0%| F|  |TAMS 0x000000070ff00000, 0x000000070ff00000| Untracked 
|  90|0x0000000710000000, 0x0000000710000000, 0x0000000710100000|  0%| F|  |TAMS 0x0000000710000000, 0x0000000710000000| Untracked 
|  91|0x0000000710100000, 0x0000000710100000, 0x0000000710200000|  0%| F|  |TAMS 0x0000000710100000, 0x0000000710100000| Untracked 
|  92|0x0000000710200000, 0x0000000710200000, 0x0000000710300000|  0%| F|  |TAMS 0x0000000710200000, 0x0000000710200000| Untracked 
|  93|0x0000000710300000, 0x0000000710300000, 0x0000000710400000|  0%| F|  |TAMS 0x0000000710300000, 0x0000000710300000| Untracked 
|  94|0x0000000710400000, 0x0000000710400000, 0x0000000710500000|  0%| F|  |TAMS 0x0000000710400000, 0x0000000710400000| Untracked 
|  95|0x0000000710500000, 0x0000000710500000, 0x0000000710600000|  0%| F|  |TAMS 0x0000000710500000, 0x0000000710500000| Untracked 
|  96|0x0000000710600000, 0x0000000710600000, 0x0000000710700000|  0%| F|  |TAMS 0x0000000710600000, 0x0000000710600000| Untracked 
|  97|0x0000000710700000, 0x0000000710700000, 0x0000000710800000|  0%| F|  |TAMS 0x0000000710700000, 0x0000000710700000| Untracked 
|  98|0x0000000710800000, 0x0000000710800000, 0x0000000710900000|  0%| F|  |TAMS 0x0000000710800000, 0x0000000710800000| Untracked 
|  99|0x0000000710900000, 0x0000000710900000, 0x0000000710a00000|  0%| F|  |TAMS 0x0000000710900000, 0x0000000710900000| Untracked 
| 100|0x0000000710a00000, 0x0000000710a00000, 0x0000000710b00000|  0%| F|  |TAMS 0x0000000710a00000, 0x0000000710a00000| Untracked 
| 101|0x0000000710b00000, 0x0000000710b00000, 0x0000000710c00000|  0%| F|  |TAMS 0x0000000710b00000, 0x0000000710b00000| Untracked 
| 102|0x0000000710c00000, 0x0000000710c00000, 0x0000000710d00000|  0%| F|  |TAMS 0x0000000710c00000, 0x0000000710c00000| Untracked 
| 103|0x0000000710d00000, 0x0000000710d00000, 0x0000000710e00000|  0%| F|  |TAMS 0x0000000710d00000, 0x0000000710d00000| Untracked 
| 104|0x0000000710e00000, 0x0000000710e00000, 0x0000000710f00000|  0%| F|  |TAMS 0x0000000710e00000, 0x0000000710e00000| Untracked 
| 105|0x0000000710f00000, 0x0000000710f00000, 0x0000000711000000|  0%| F|  |TAMS 0x0000000710f00000, 0x0000000710f00000| Untracked 
| 106|0x0000000711000000, 0x0000000711000000, 0x0000000711100000|  0%| F|  |TAMS 0x0000000711000000, 0x0000000711000000| Untracked 
| 107|0x0000000711100000, 0x0000000711100000, 0x0000000711200000|  0%| F|  |TAMS 0x0000000711100000, 0x0000000711100000| Untracked 
| 108|0x0000000711200000, 0x0000000711200000, 0x0000000711300000|  0%| F|  |TAMS 0x0000000711200000, 0x0000000711200000| Untracked 
| 109|0x0000000711300000, 0x0000000711300000, 0x0000000711400000|  0%| F|  |TAMS 0x0000000711300000, 0x0000000711300000| Untracked 
| 110|0x0000000711400000, 0x0000000711400000, 0x0000000711500000|  0%| F|  |TAMS 0x0000000711400000, 0x0000000711400000| Untracked 
| 111|0x0000000711500000, 0x0000000711500000, 0x0000000711600000|  0%| F|  |TAMS 0x0000000711500000, 0x0000000711500000| Untracked 
| 112|0x0000000711600000, 0x0000000711600000, 0x0000000711700000|  0%| F|  |TAMS 0x0000000711600000, 0x0000000711600000| Untracked 
| 113|0x0000000711700000, 0x0000000711700000, 0x0000000711800000|  0%| F|  |TAMS 0x0000000711700000, 0x0000000711700000| Untracked 
| 114|0x0000000711800000, 0x0000000711800000, 0x0000000711900000|  0%| F|  |TAMS 0x0000000711800000, 0x0000000711800000| Untracked 
| 115|0x0000000711900000, 0x0000000711900000, 0x0000000711a00000|  0%| F|  |TAMS 0x0000000711900000, 0x0000000711900000| Untracked 
| 116|0x0000000711a00000, 0x0000000711a00000, 0x0000000711b00000|  0%| F|  |TAMS 0x0000000711a00000, 0x0000000711a00000| Untracked 
| 117|0x0000000711b00000, 0x0000000711b00000, 0x0000000711c00000|  0%| F|  |TAMS 0x0000000711b00000, 0x0000000711b00000| Untracked 
| 118|0x0000000711c00000, 0x0000000711c00000, 0x0000000711d00000|  0%| F|  |TAMS 0x0000000711c00000, 0x0000000711c00000| Untracked 
| 119|0x0000000711d00000, 0x0000000711d00000, 0x0000000711e00000|  0%| F|  |TAMS 0x0000000711d00000, 0x0000000711d00000| Untracked 
| 120|0x0000000711e00000, 0x0000000711e00000, 0x0000000711f00000|  0%| F|  |TAMS 0x0000000711e00000, 0x0000000711e00000| Untracked 
| 121|0x0000000711f00000, 0x0000000711f00000, 0x0000000712000000|  0%| F|  |TAMS 0x0000000711f00000, 0x0000000711f00000| Untracked 
| 122|0x0000000712000000, 0x0000000712000000, 0x0000000712100000|  0%| F|  |TAMS 0x0000000712000000, 0x0000000712000000| Untracked 
| 123|0x0000000712100000, 0x0000000712100000, 0x0000000712200000|  0%| F|  |TAMS 0x0000000712100000, 0x0000000712100000| Untracked 
| 124|0x0000000712200000, 0x0000000712200000, 0x0000000712300000|  0%| F|  |TAMS 0x0000000712200000, 0x0000000712200000| Untracked 
| 125|0x0000000712300000, 0x0000000712300000, 0x0000000712400000|  0%| F|  |TAMS 0x0000000712300000, 0x0000000712300000| Untracked 
| 126|0x0000000712400000, 0x0000000712400000, 0x0000000712500000|  0%| F|  |TAMS 0x0000000712400000, 0x0000000712400000| Untracked 
| 127|0x0000000712500000, 0x0000000712500000, 0x0000000712600000|  0%| F|  |TAMS 0x0000000712500000, 0x0000000712500000| Untracked 
| 128|0x0000000712600000, 0x0000000712600000, 0x0000000712700000|  0%| F|  |TAMS 0x0000000712600000, 0x0000000712600000| Untracked 
| 129|0x0000000712700000, 0x0000000712700000, 0x0000000712800000|  0%| F|  |TAMS 0x0000000712700000, 0x0000000712700000| Untracked 
| 130|0x0000000712800000, 0x0000000712800000, 0x0000000712900000|  0%| F|  |TAMS 0x0000000712800000, 0x0000000712800000| Untracked 
| 131|0x0000000712900000, 0x0000000712900000, 0x0000000712a00000|  0%| F|  |TAMS 0x0000000712900000, 0x0000000712900000| Untracked 
| 132|0x0000000712a00000, 0x0000000712a00000, 0x0000000712b00000|  0%| F|  |TAMS 0x0000000712a00000, 0x0000000712a00000| Untracked 
| 133|0x0000000712b00000, 0x0000000712b00000, 0x0000000712c00000|  0%| F|  |TAMS 0x0000000712b00000, 0x0000000712b00000| Untracked 
| 134|0x0000000712c00000, 0x0000000712c00000, 0x0000000712d00000|  0%| F|  |TAMS 0x0000000712c00000, 0x0000000712c00000| Untracked 
| 135|0x0000000712d00000, 0x0000000712d00000, 0x0000000712e00000|  0%| F|  |TAMS 0x0000000712d00000, 0x0000000712d00000| Untracked 
| 136|0x0000000712e00000, 0x0000000712e00000, 0x0000000712f00000|  0%| F|  |TAMS 0x0000000712e00000, 0x0000000712e00000| Untracked 
| 137|0x0000000712f00000, 0x0000000712f00000, 0x0000000713000000|  0%| F|  |TAMS 0x0000000712f00000, 0x0000000712f00000| Untracked 
| 138|0x0000000713000000, 0x0000000713000000, 0x0000000713100000|  0%| F|  |TAMS 0x0000000713000000, 0x0000000713000000| Untracked 
| 139|0x0000000713100000, 0x0000000713100000, 0x0000000713200000|  0%| F|  |TAMS 0x0000000713100000, 0x0000000713100000| Untracked 
| 140|0x0000000713200000, 0x0000000713200000, 0x0000000713300000|  0%| F|  |TAMS 0x0000000713200000, 0x0000000713200000| Untracked 
| 141|0x0000000713300000, 0x0000000713300000, 0x0000000713400000|  0%| F|  |TAMS 0x0000000713300000, 0x0000000713300000| Untracked 
| 142|0x0000000713400000, 0x0000000713400000, 0x0000000713500000|  0%| F|  |TAMS 0x0000000713400000, 0x0000000713400000| Untracked 
| 143|0x0000000713500000, 0x0000000713500000, 0x0000000713600000|  0%| F|  |TAMS 0x0000000713500000, 0x0000000713500000| Untracked 
| 144|0x0000000713600000, 0x0000000713600000, 0x0000000713700000|  0%| F|  |TAMS 0x0000000713600000, 0x0000000713600000| Untracked 
| 145|0x0000000713700000, 0x0000000713700000, 0x0000000713800000|  0%| F|  |TAMS 0x0000000713700000, 0x0000000713700000| Untracked 
| 146|0x0000000713800000, 0x0000000713800000, 0x0000000713900000|  0%| F|  |TAMS 0x0000000713800000, 0x0000000713800000| Untracked 
| 147|0x0000000713900000, 0x0000000713900000, 0x0000000713a00000|  0%| F|  |TAMS 0x0000000713900000, 0x0000000713900000| Untracked 
| 148|0x0000000713a00000, 0x0000000713a00000, 0x0000000713b00000|  0%| F|  |TAMS 0x0000000713a00000, 0x0000000713a00000| Untracked 
| 149|0x0000000713b00000, 0x0000000713b00000, 0x0000000713c00000|  0%| F|  |TAMS 0x0000000713b00000, 0x0000000713b00000| Untracked 
| 150|0x0000000713c00000, 0x0000000713c00000, 0x0000000713d00000|  0%| F|  |TAMS 0x0000000713c00000, 0x0000000713c00000| Untracked 
| 151|0x0000000713d00000, 0x0000000713d00000, 0x0000000713e00000|  0%| F|  |TAMS 0x0000000713d00000, 0x0000000713d00000| Untracked 
| 152|0x0000000713e00000, 0x0000000713e00000, 0x0000000713f00000|  0%| F|  |TAMS 0x0000000713e00000, 0x0000000713e00000| Untracked 
| 153|0x0000000713f00000, 0x0000000713f00000, 0x0000000714000000|  0%| F|  |TAMS 0x0000000713f00000, 0x0000000713f00000| Untracked 
| 154|0x0000000714000000, 0x0000000714000000, 0x0000000714100000|  0%| F|  |TAMS 0x0000000714000000, 0x0000000714000000| Untracked 
| 155|0x0000000714100000, 0x0000000714100000, 0x0000000714200000|  0%| F|  |TAMS 0x0000000714100000, 0x0000000714100000| Untracked 
| 156|0x0000000714200000, 0x0000000714200000, 0x0000000714300000|  0%| F|  |TAMS 0x0000000714200000, 0x0000000714200000| Untracked 
| 157|0x0000000714300000, 0x0000000714300000, 0x0000000714400000|  0%| F|  |TAMS 0x0000000714300000, 0x0000000714300000| Untracked 
| 158|0x0000000714400000, 0x0000000714400000, 0x0000000714500000|  0%| F|  |TAMS 0x0000000714400000, 0x0000000714400000| Untracked 
| 159|0x0000000714500000, 0x0000000714500000, 0x0000000714600000|  0%| F|  |TAMS 0x0000000714500000, 0x0000000714500000| Untracked 
| 160|0x0000000714600000, 0x0000000714600000, 0x0000000714700000|  0%| F|  |TAMS 0x0000000714600000, 0x0000000714600000| Untracked 
| 161|0x0000000714700000, 0x0000000714700000, 0x0000000714800000|  0%| F|  |TAMS 0x0000000714700000, 0x0000000714700000| Untracked 
| 162|0x0000000714800000, 0x0000000714800000, 0x0000000714900000|  0%| F|  |TAMS 0x0000000714800000, 0x0000000714800000| Untracked 
| 163|0x0000000714900000, 0x0000000714900000, 0x0000000714a00000|  0%| F|  |TAMS 0x0000000714900000, 0x0000000714900000| Untracked 
| 164|0x0000000714a00000, 0x0000000714a00000, 0x0000000714b00000|  0%| F|  |TAMS 0x0000000714a00000, 0x0000000714a00000| Untracked 
| 165|0x0000000714b00000, 0x0000000714b00000, 0x0000000714c00000|  0%| F|  |TAMS 0x0000000714b00000, 0x0000000714b00000| Untracked 
| 166|0x0000000714c00000, 0x0000000714c00000, 0x0000000714d00000|  0%| F|  |TAMS 0x0000000714c00000, 0x0000000714c00000| Untracked 
| 167|0x0000000714d00000, 0x0000000714d00000, 0x0000000714e00000|  0%| F|  |TAMS 0x0000000714d00000, 0x0000000714d00000| Untracked 
| 168|0x0000000714e00000, 0x0000000714e00000, 0x0000000714f00000|  0%| F|  |TAMS 0x0000000714e00000, 0x0000000714e00000| Untracked 
| 169|0x0000000714f00000, 0x0000000714f00000, 0x0000000715000000|  0%| F|  |TAMS 0x0000000714f00000, 0x0000000714f00000| Untracked 
| 170|0x0000000715000000, 0x0000000715000000, 0x0000000715100000|  0%| F|  |TAMS 0x0000000715000000, 0x0000000715000000| Untracked 
| 171|0x0000000715100000, 0x0000000715100000, 0x0000000715200000|  0%| F|  |TAMS 0x0000000715100000, 0x0000000715100000| Untracked 
| 172|0x0000000715200000, 0x0000000715200000, 0x0000000715300000|  0%| F|  |TAMS 0x0000000715200000, 0x0000000715200000| Untracked 
| 173|0x0000000715300000, 0x0000000715300000, 0x0000000715400000|  0%| F|  |TAMS 0x0000000715300000, 0x0000000715300000| Untracked 
| 174|0x0000000715400000, 0x0000000715400000, 0x0000000715500000|  0%| F|  |TAMS 0x0000000715400000, 0x0000000715400000| Untracked 
| 175|0x0000000715500000, 0x0000000715500000, 0x0000000715600000|  0%| F|  |TAMS 0x0000000715500000, 0x0000000715500000| Untracked 
| 176|0x0000000715600000, 0x0000000715600000, 0x0000000715700000|  0%| F|  |TAMS 0x0000000715600000, 0x0000000715600000| Untracked 
| 177|0x0000000715700000, 0x0000000715700000, 0x0000000715800000|  0%| F|  |TAMS 0x0000000715700000, 0x0000000715700000| Untracked 
| 178|0x0000000715800000, 0x0000000715800000, 0x0000000715900000|  0%| F|  |TAMS 0x0000000715800000, 0x0000000715800000| Untracked 
| 179|0x0000000715900000, 0x0000000715a00000, 0x0000000715a00000|100%| S|CS|TAMS 0x0000000715900000, 0x0000000715900000| Complete 
| 180|0x0000000715a00000, 0x0000000715b00000, 0x0000000715b00000|100%| S|CS|TAMS 0x0000000715a00000, 0x0000000715a00000| Complete 
| 181|0x0000000715b00000, 0x0000000715c00000, 0x0000000715c00000|100%| S|CS|TAMS 0x0000000715b00000, 0x0000000715b00000| Complete 
| 182|0x0000000715c00000, 0x0000000715d00000, 0x0000000715d00000|100%| S|CS|TAMS 0x0000000715c00000, 0x0000000715c00000| Complete 
| 183|0x0000000715d00000, 0x0000000715e00000, 0x0000000715e00000|100%| S|CS|TAMS 0x0000000715d00000, 0x0000000715d00000| Complete 
| 184|0x0000000715e00000, 0x0000000715f00000, 0x0000000715f00000|100%| S|CS|TAMS 0x0000000715e00000, 0x0000000715e00000| Complete 
| 185|0x0000000715f00000, 0x0000000716000000, 0x0000000716000000|100%| S|CS|TAMS 0x0000000715f00000, 0x0000000715f00000| Complete 
| 186|0x0000000716000000, 0x0000000716100000, 0x0000000716100000|100%| S|CS|TAMS 0x0000000716000000, 0x0000000716000000| Complete 
| 187|0x0000000716100000, 0x0000000716200000, 0x0000000716200000|100%| S|CS|TAMS 0x0000000716100000, 0x0000000716100000| Complete 
| 188|0x0000000716200000, 0x0000000716300000, 0x0000000716300000|100%| S|CS|TAMS 0x0000000716200000, 0x0000000716200000| Complete 
| 189|0x0000000716300000, 0x0000000716300000, 0x0000000716400000|  0%| F|  |TAMS 0x0000000716300000, 0x0000000716300000| Untracked 
| 190|0x0000000716400000, 0x0000000716400000, 0x0000000716500000|  0%| F|  |TAMS 0x0000000716400000, 0x0000000716400000| Untracked 
| 191|0x0000000716500000, 0x0000000716500000, 0x0000000716600000|  0%| F|  |TAMS 0x0000000716500000, 0x0000000716500000| Untracked 
| 192|0x0000000716600000, 0x0000000716600000, 0x0000000716700000|  0%| F|  |TAMS 0x0000000716600000, 0x0000000716600000| Untracked 
| 193|0x0000000716700000, 0x0000000716700000, 0x0000000716800000|  0%| F|  |TAMS 0x0000000716700000, 0x0000000716700000| Untracked 
| 194|0x0000000716800000, 0x0000000716800000, 0x0000000716900000|  0%| F|  |TAMS 0x0000000716800000, 0x0000000716800000| Untracked 
| 195|0x0000000716900000, 0x0000000716900000, 0x0000000716a00000|  0%| F|  |TAMS 0x0000000716900000, 0x0000000716900000| Untracked 
| 196|0x0000000716a00000, 0x0000000716a00000, 0x0000000716b00000|  0%| F|  |TAMS 0x0000000716a00000, 0x0000000716a00000| Untracked 
| 197|0x0000000716b00000, 0x0000000716b00000, 0x0000000716c00000|  0%| F|  |TAMS 0x0000000716b00000, 0x0000000716b00000| Untracked 
| 198|0x0000000716c00000, 0x0000000716c00000, 0x0000000716d00000|  0%| F|  |TAMS 0x0000000716c00000, 0x0000000716c00000| Untracked 
| 199|0x0000000716d00000, 0x0000000716d00000, 0x0000000716e00000|  0%| F|  |TAMS 0x0000000716d00000, 0x0000000716d00000| Untracked 
| 200|0x0000000716e00000, 0x0000000716e00000, 0x0000000716f00000|  0%| F|  |TAMS 0x0000000716e00000, 0x0000000716e00000| Untracked 
| 201|0x0000000716f00000, 0x0000000716f00000, 0x0000000717000000|  0%| F|  |TAMS 0x0000000716f00000, 0x0000000716f00000| Untracked 
| 202|0x0000000717000000, 0x0000000717000000, 0x0000000717100000|  0%| F|  |TAMS 0x0000000717000000, 0x0000000717000000| Untracked 
| 203|0x0000000717100000, 0x0000000717100000, 0x0000000717200000|  0%| F|  |TAMS 0x0000000717100000, 0x0000000717100000| Untracked 
| 204|0x0000000717200000, 0x0000000717200000, 0x0000000717300000|  0%| F|  |TAMS 0x0000000717200000, 0x0000000717200000| Untracked 
| 205|0x0000000717300000, 0x0000000717300000, 0x0000000717400000|  0%| F|  |TAMS 0x0000000717300000, 0x0000000717300000| Untracked 
| 206|0x0000000717400000, 0x0000000717400000, 0x0000000717500000|  0%| F|  |TAMS 0x0000000717400000, 0x0000000717400000| Untracked 
| 207|0x0000000717500000, 0x0000000717500000, 0x0000000717600000|  0%| F|  |TAMS 0x0000000717500000, 0x0000000717500000| Untracked 
| 208|0x0000000717600000, 0x0000000717600000, 0x0000000717700000|  0%| F|  |TAMS 0x0000000717600000, 0x0000000717600000| Untracked 
| 209|0x0000000717700000, 0x0000000717700000, 0x0000000717800000|  0%| F|  |TAMS 0x0000000717700000, 0x0000000717700000| Untracked 
| 210|0x0000000717800000, 0x0000000717800000, 0x0000000717900000|  0%| F|  |TAMS 0x0000000717800000, 0x0000000717800000| Untracked 
| 211|0x0000000717900000, 0x0000000717900000, 0x0000000717a00000|  0%| F|  |TAMS 0x0000000717900000, 0x0000000717900000| Untracked 
| 212|0x0000000717a00000, 0x0000000717a00000, 0x0000000717b00000|  0%| F|  |TAMS 0x0000000717a00000, 0x0000000717a00000| Untracked 
| 213|0x0000000717b00000, 0x0000000717b00000, 0x0000000717c00000|  0%| F|  |TAMS 0x0000000717b00000, 0x0000000717b00000| Untracked 
| 214|0x0000000717c00000, 0x0000000717c00000, 0x0000000717d00000|  0%| F|  |TAMS 0x0000000717c00000, 0x0000000717c00000| Untracked 
| 215|0x0000000717d00000, 0x0000000717d00000, 0x0000000717e00000|  0%| F|  |TAMS 0x0000000717d00000, 0x0000000717d00000| Untracked 
| 216|0x0000000717e00000, 0x0000000717e00000, 0x0000000717f00000|  0%| F|  |TAMS 0x0000000717e00000, 0x0000000717e00000| Untracked 
| 217|0x0000000717f00000, 0x0000000717f00000, 0x0000000718000000|  0%| F|  |TAMS 0x0000000717f00000, 0x0000000717f00000| Untracked 
| 218|0x0000000718000000, 0x0000000718000000, 0x0000000718100000|  0%| F|  |TAMS 0x0000000718000000, 0x0000000718000000| Untracked 
| 219|0x0000000718100000, 0x0000000718100000, 0x0000000718200000|  0%| F|  |TAMS 0x0000000718100000, 0x0000000718100000| Untracked 
| 220|0x0000000718200000, 0x0000000718200000, 0x0000000718300000|  0%| F|  |TAMS 0x0000000718200000, 0x0000000718200000| Untracked 
| 221|0x0000000718300000, 0x0000000718300000, 0x0000000718400000|  0%| F|  |TAMS 0x0000000718300000, 0x0000000718300000| Untracked 
| 222|0x0000000718400000, 0x0000000718400000, 0x0000000718500000|  0%| F|  |TAMS 0x0000000718400000, 0x0000000718400000| Untracked 
| 223|0x0000000718500000, 0x0000000718500000, 0x0000000718600000|  0%| F|  |TAMS 0x0000000718500000, 0x0000000718500000| Untracked 
| 224|0x0000000718600000, 0x0000000718600000, 0x0000000718700000|  0%| F|  |TAMS 0x0000000718600000, 0x0000000718600000| Untracked 
| 225|0x0000000718700000, 0x0000000718700000, 0x0000000718800000|  0%| F|  |TAMS 0x0000000718700000, 0x0000000718700000| Untracked 
| 226|0x0000000718800000, 0x0000000718800000, 0x0000000718900000|  0%| F|  |TAMS 0x0000000718800000, 0x0000000718800000| Untracked 
| 227|0x0000000718900000, 0x0000000718900000, 0x0000000718a00000|  0%| F|  |TAMS 0x0000000718900000, 0x0000000718900000| Untracked 
| 228|0x0000000718a00000, 0x0000000718a00000, 0x0000000718b00000|  0%| F|  |TAMS 0x0000000718a00000, 0x0000000718a00000| Untracked 
| 229|0x0000000718b00000, 0x0000000718b00000, 0x0000000718c00000|  0%| F|  |TAMS 0x0000000718b00000, 0x0000000718b00000| Untracked 
| 230|0x0000000718c00000, 0x0000000718c00000, 0x0000000718d00000|  0%| F|  |TAMS 0x0000000718c00000, 0x0000000718c00000| Untracked 
| 231|0x0000000718d00000, 0x0000000718d00000, 0x0000000718e00000|  0%| F|  |TAMS 0x0000000718d00000, 0x0000000718d00000| Untracked 
| 232|0x0000000718e00000, 0x0000000718e00000, 0x0000000718f00000|  0%| F|  |TAMS 0x0000000718e00000, 0x0000000718e00000| Untracked 
| 233|0x0000000718f00000, 0x0000000718f00000, 0x0000000719000000|  0%| F|  |TAMS 0x0000000718f00000, 0x0000000718f00000| Untracked 
| 234|0x0000000719000000, 0x0000000719000000, 0x0000000719100000|  0%| F|  |TAMS 0x0000000719000000, 0x0000000719000000| Untracked 
| 235|0x0000000719100000, 0x0000000719100000, 0x0000000719200000|  0%| F|  |TAMS 0x0000000719100000, 0x0000000719100000| Untracked 
| 236|0x0000000719200000, 0x0000000719200000, 0x0000000719300000|  0%| F|  |TAMS 0x0000000719200000, 0x0000000719200000| Untracked 
| 237|0x0000000719300000, 0x0000000719300000, 0x0000000719400000|  0%| F|  |TAMS 0x0000000719300000, 0x0000000719300000| Untracked 
| 238|0x0000000719400000, 0x0000000719400000, 0x0000000719500000|  0%| F|  |TAMS 0x0000000719400000, 0x0000000719400000| Untracked 
| 239|0x0000000719500000, 0x0000000719500000, 0x0000000719600000|  0%| F|  |TAMS 0x0000000719500000, 0x0000000719500000| Untracked 
| 240|0x0000000719600000, 0x0000000719600000, 0x0000000719700000|  0%| F|  |TAMS 0x0000000719600000, 0x0000000719600000| Untracked 
| 241|0x0000000719700000, 0x0000000719700000, 0x0000000719800000|  0%| F|  |TAMS 0x0000000719700000, 0x0000000719700000| Untracked 
| 242|0x0000000719800000, 0x0000000719800000, 0x0000000719900000|  0%| F|  |TAMS 0x0000000719800000, 0x0000000719800000| Untracked 
| 243|0x0000000719900000, 0x0000000719900000, 0x0000000719a00000|  0%| F|  |TAMS 0x0000000719900000, 0x0000000719900000| Untracked 
| 244|0x0000000719a00000, 0x0000000719a00000, 0x0000000719b00000|  0%| F|  |TAMS 0x0000000719a00000, 0x0000000719a00000| Untracked 
| 245|0x0000000719b00000, 0x0000000719b00000, 0x0000000719c00000|  0%| F|  |TAMS 0x0000000719b00000, 0x0000000719b00000| Untracked 
| 246|0x0000000719c00000, 0x0000000719c00000, 0x0000000719d00000|  0%| F|  |TAMS 0x0000000719c00000, 0x0000000719c00000| Untracked 
| 247|0x0000000719d00000, 0x0000000719d00000, 0x0000000719e00000|  0%| F|  |TAMS 0x0000000719d00000, 0x0000000719d00000| Untracked 
| 248|0x0000000719e00000, 0x0000000719e00000, 0x0000000719f00000|  0%| F|  |TAMS 0x0000000719e00000, 0x0000000719e00000| Untracked 
| 249|0x0000000719f00000, 0x0000000719f00000, 0x000000071a000000|  0%| F|  |TAMS 0x0000000719f00000, 0x0000000719f00000| Untracked 
| 250|0x000000071a000000, 0x000000071a000000, 0x000000071a100000|  0%| F|  |TAMS 0x000000071a000000, 0x000000071a000000| Untracked 
| 251|0x000000071a100000, 0x000000071a100000, 0x000000071a200000|  0%| F|  |TAMS 0x000000071a100000, 0x000000071a100000| Untracked 
| 252|0x000000071a200000, 0x000000071a200000, 0x000000071a300000|  0%| F|  |TAMS 0x000000071a200000, 0x000000071a200000| Untracked 
| 253|0x000000071a300000, 0x000000071a300000, 0x000000071a400000|  0%| F|  |TAMS 0x000000071a300000, 0x000000071a300000| Untracked 
| 254|0x000000071a400000, 0x000000071a400000, 0x000000071a500000|  0%| F|  |TAMS 0x000000071a400000, 0x000000071a400000| Untracked 
| 255|0x000000071a500000, 0x000000071a500000, 0x000000071a600000|  0%| F|  |TAMS 0x000000071a500000, 0x000000071a500000| Untracked 
| 256|0x000000071a600000, 0x000000071a600000, 0x000000071a700000|  0%| F|  |TAMS 0x000000071a600000, 0x000000071a600000| Untracked 
| 257|0x000000071a700000, 0x000000071a700000, 0x000000071a800000|  0%| F|  |TAMS 0x000000071a700000, 0x000000071a700000| Untracked 
| 258|0x000000071a800000, 0x000000071a800000, 0x000000071a900000|  0%| F|  |TAMS 0x000000071a800000, 0x000000071a800000| Untracked 
| 259|0x000000071a900000, 0x000000071a900000, 0x000000071aa00000|  0%| F|  |TAMS 0x000000071a900000, 0x000000071a900000| Untracked 
| 260|0x000000071aa00000, 0x000000071aa00000, 0x000000071ab00000|  0%| F|  |TAMS 0x000000071aa00000, 0x000000071aa00000| Untracked 
| 261|0x000000071ab00000, 0x000000071ab00000, 0x000000071ac00000|  0%| F|  |TAMS 0x000000071ab00000, 0x000000071ab00000| Untracked 
| 262|0x000000071ac00000, 0x000000071ac00000, 0x000000071ad00000|  0%| F|  |TAMS 0x000000071ac00000, 0x000000071ac00000| Untracked 
| 263|0x000000071ad00000, 0x000000071ad00000, 0x000000071ae00000|  0%| F|  |TAMS 0x000000071ad00000, 0x000000071ad00000| Untracked 
| 264|0x000000071ae00000, 0x000000071ae00000, 0x000000071af00000|  0%| F|  |TAMS 0x000000071ae00000, 0x000000071ae00000| Untracked 
| 265|0x000000071af00000, 0x000000071af00000, 0x000000071b000000|  0%| F|  |TAMS 0x000000071af00000, 0x000000071af00000| Untracked 
| 266|0x000000071b000000, 0x000000071b000000, 0x000000071b100000|  0%| F|  |TAMS 0x000000071b000000, 0x000000071b000000| Untracked 
| 267|0x000000071b100000, 0x000000071b100000, 0x000000071b200000|  0%| F|  |TAMS 0x000000071b100000, 0x000000071b100000| Untracked 
| 268|0x000000071b200000, 0x000000071b200000, 0x000000071b300000|  0%| F|  |TAMS 0x000000071b200000, 0x000000071b200000| Untracked 
| 269|0x000000071b300000, 0x000000071b300000, 0x000000071b400000|  0%| F|  |TAMS 0x000000071b300000, 0x000000071b300000| Untracked 
| 270|0x000000071b400000, 0x000000071b400000, 0x000000071b500000|  0%| F|  |TAMS 0x000000071b400000, 0x000000071b400000| Untracked 
| 271|0x000000071b500000, 0x000000071b500000, 0x000000071b600000|  0%| F|  |TAMS 0x000000071b500000, 0x000000071b500000| Untracked 
| 272|0x000000071b600000, 0x000000071b600000, 0x000000071b700000|  0%| F|  |TAMS 0x000000071b600000, 0x000000071b600000| Untracked 
| 273|0x000000071b700000, 0x000000071b700000, 0x000000071b800000|  0%| F|  |TAMS 0x000000071b700000, 0x000000071b700000| Untracked 
| 274|0x000000071b800000, 0x000000071b800000, 0x000000071b900000|  0%| F|  |TAMS 0x000000071b800000, 0x000000071b800000| Untracked 
| 275|0x000000071b900000, 0x000000071b900000, 0x000000071ba00000|  0%| F|  |TAMS 0x000000071b900000, 0x000000071b900000| Untracked 
| 276|0x000000071ba00000, 0x000000071ba00000, 0x000000071bb00000|  0%| F|  |TAMS 0x000000071ba00000, 0x000000071ba00000| Untracked 
| 277|0x000000071bb00000, 0x000000071bb00000, 0x000000071bc00000|  0%| F|  |TAMS 0x000000071bb00000, 0x000000071bb00000| Untracked 
| 278|0x000000071bc00000, 0x000000071bc00000, 0x000000071bd00000|  0%| F|  |TAMS 0x000000071bc00000, 0x000000071bc00000| Untracked 
| 279|0x000000071bd00000, 0x000000071bd00000, 0x000000071be00000|  0%| F|  |TAMS 0x000000071bd00000, 0x000000071bd00000| Untracked 
| 280|0x000000071be00000, 0x000000071be00000, 0x000000071bf00000|  0%| F|  |TAMS 0x000000071be00000, 0x000000071be00000| Untracked 
| 281|0x000000071bf00000, 0x000000071bf00000, 0x000000071c000000|  0%| F|  |TAMS 0x000000071bf00000, 0x000000071bf00000| Untracked 
| 282|0x000000071c000000, 0x000000071c000000, 0x000000071c100000|  0%| F|  |TAMS 0x000000071c000000, 0x000000071c000000| Untracked 
| 283|0x000000071c100000, 0x000000071c100000, 0x000000071c200000|  0%| F|  |TAMS 0x000000071c100000, 0x000000071c100000| Untracked 
| 284|0x000000071c200000, 0x000000071c200000, 0x000000071c300000|  0%| F|  |TAMS 0x000000071c200000, 0x000000071c200000| Untracked 
| 285|0x000000071c300000, 0x000000071c300000, 0x000000071c400000|  0%| F|  |TAMS 0x000000071c300000, 0x000000071c300000| Untracked 
| 286|0x000000071c400000, 0x000000071c400000, 0x000000071c500000|  0%| F|  |TAMS 0x000000071c400000, 0x000000071c400000| Untracked 
| 287|0x000000071c500000, 0x000000071c500000, 0x000000071c600000|  0%| F|  |TAMS 0x000000071c500000, 0x000000071c500000| Untracked 
| 288|0x000000071c600000, 0x000000071c600000, 0x000000071c700000|  0%| F|  |TAMS 0x000000071c600000, 0x000000071c600000| Untracked 
| 289|0x000000071c700000, 0x000000071c700000, 0x000000071c800000|  0%| F|  |TAMS 0x000000071c700000, 0x000000071c700000| Untracked 
| 290|0x000000071c800000, 0x000000071c800000, 0x000000071c900000|  0%| F|  |TAMS 0x000000071c800000, 0x000000071c800000| Untracked 
| 291|0x000000071c900000, 0x000000071c900000, 0x000000071ca00000|  0%| F|  |TAMS 0x000000071c900000, 0x000000071c900000| Untracked 
| 292|0x000000071ca00000, 0x000000071ca00000, 0x000000071cb00000|  0%| F|  |TAMS 0x000000071ca00000, 0x000000071ca00000| Untracked 
| 293|0x000000071cb00000, 0x000000071cb00000, 0x000000071cc00000|  0%| F|  |TAMS 0x000000071cb00000, 0x000000071cb00000| Untracked 
| 294|0x000000071cc00000, 0x000000071cc00000, 0x000000071cd00000|  0%| F|  |TAMS 0x000000071cc00000, 0x000000071cc00000| Untracked 
| 295|0x000000071cd00000, 0x000000071cd00000, 0x000000071ce00000|  0%| F|  |TAMS 0x000000071cd00000, 0x000000071cd00000| Untracked 

Card table byte_map: [0x00000204c5ef0000,0x00000204c66a0000] _byte_map_base: 0x00000204c269d000

Marking Bits (Prev, Next): (CMBitMap*) 0x00000204ad79c3a0, (CMBitMap*) 0x00000204ad79c368
 Prev Bits: [0x00000204cabc0000, 0x00000204ce928000)
 Next Bits: [0x00000204c6e50000, 0x00000204cabb8000)

Polling page: 0x00000204ab6d0000

Metaspace:

Usage:
  Non-class:     62.23 MB capacity,    61.70 MB (>99%) used,   409.52 KB ( <1%) free+waste,   127.56 KB ( <1%) overhead. 
      Class:      7.85 MB capacity,     7.48 MB ( 95%) used,   322.16 KB (  4%) free+waste,    53.44 KB ( <1%) overhead. 
       Both:     70.08 MB capacity,    69.19 MB ( 99%) used,   731.69 KB (  1%) free+waste,   181.00 KB ( <1%) overhead. 

Virtual space:
  Non-class space:       64.00 MB reserved,      62.25 MB ( 97%) committed 
      Class space:        1.00 GB reserved,       7.88 MB ( <1%) committed 
             Both:        1.06 GB reserved,      70.13 MB (  6%) committed 

Chunk freelists:
   Non-Class:  24.00 KB
       Class:  25.00 KB
        Both:  49.00 KB

MaxMetaspaceSize: 17179869184.00 GB
CompressedClassSpaceSize: 1.00 GB
Initial GC threshold: 20.80 MB
Current GC threshold: 98.34 MB
CDS: off

CodeHeap 'non-profiled nmethods': size=119168Kb used=6199Kb max_used=6199Kb free=112969Kb
 bounds [0x00000204bda50000, 0x00000204be060000, 0x00000204c4eb0000]
CodeHeap 'profiled nmethods': size=119168Kb used=41613Kb max_used=41613Kb free=77554Kb
 bounds [0x00000204b65f0000, 0x00000204b8ea0000, 0x00000204bda50000]
CodeHeap 'non-nmethods': size=7424Kb used=3005Kb max_used=3067Kb free=4418Kb
 bounds [0x00000204b5eb0000, 0x00000204b61c0000, 0x00000204b65f0000]
 total_blobs=13113 nmethods=12513 adapters=507
 compilation: enabled
              stopped_count=0, restarted_count=0
 full_count=0

Compilation events (20 events):
Event: 7.100 Thread 0x00000204d2397800 12633       3       org.jetbrains.kotlin.resolve.calls.inference.components.VariableFixationFinder::areAllProperConstraintsSelfTypeBased (164 bytes)
Event: 7.100 Thread 0x00000204d2a29000 12634       3       org.jetbrains.kotlin.resolve.calls.inference.components.VariableFixationFinder::variableHasProperArgumentConstraints (237 bytes)
Event: 7.100 Thread 0x00000204d2823800 12632       3       org.jetbrains.kotlin.resolve.calls.inference.components.VariableFixationFinder::isTypeInferenceForSelfTypesSupported (13 bytes)
Event: 7.100 Thread 0x00000204d2823800 nmethod 12632 0x00000204b8e79d10 code [0x00000204b8e79ec0, 0x00000204b8e7a0a8]
Event: 7.101 Thread 0x00000204d238c000 nmethod 12527 0x00000204be05b510 code [0x00000204be05b6e0, 0x00000204be05b938]
Event: 7.101 Thread 0x00000204d238c000 12631       4       org.jetbrains.kotlin.resolve.calls.inference.model.NewConstraintSystemImpl::typeConstructor (18 bytes)
Event: 7.101 Thread 0x00000204d2397800 nmethod 12633 0x00000204b8e7a190 code [0x00000204b8e7a4a0, 0x00000204b8e7b958]
Event: 7.101 Thread 0x00000204d2a29000 nmethod 12634 0x00000204b8e7bf90 code [0x00000204b8e7c340, 0x00000204b8e7e048]
Event: 7.103 Thread 0x00000204d238c000 nmethod 12631 0x00000204be05bc90 code [0x00000204be05be60, 0x00000204be05c188]
Event: 7.104 Thread 0x00000204d238c000 12612       4       org.jetbrains.kotlin.types.KotlinTypeFactory::simpleType (105 bytes)
Event: 7.105 Thread 0x00000204d2ada800 12635       3       org.jetbrains.kotlin.util.capitalizeDecapitalize.CapitalizeDecapitalizeKt::isLowerCaseCharAt (39 bytes)
Event: 7.105 Thread 0x00000204d2823800 12636       3       java.lang.StringBuilder::append (8 bytes)
Event: 7.105 Thread 0x00000204d2823800 nmethod 12636 0x00000204b8e7e810 code [0x00000204b8e7e9c0, 0x00000204b8e7eb08]
Event: 7.105 Thread 0x00000204d2ada800 nmethod 12635 0x00000204b8e7eb90 code [0x00000204b8e7ee00, 0x00000204b8e7f7d8]
Event: 7.106 Thread 0x00000204d2397800 12637       3       org.jetbrains.kotlin.serialization.deserialization.MemberDeserializer::valueParameters (492 bytes)
Event: 7.109 Thread 0x00000204d2a29000 12640       3       org.jetbrains.org.objectweb.asm.ClassReader::readMethod (1061 bytes)
Event: 7.109 Thread 0x00000204d253d800 nmethod 12613 0x00000204be05c590 code [0x00000204be05c7e0, 0x00000204be05d768]
Event: 7.109 Thread 0x00000204d253d800 12638       4       org.jetbrains.org.objectweb.asm.ClassReader::<init> (339 bytes)
Event: 7.111 Thread 0x00000204d2397800 nmethod 12637 0x00000204b8e7fb90 code [0x00000204b8e80820, 0x00000204b8e884d8]
Event: 7.112 Thread 0x00000204d2a29000 nmethod 12640 0x00000204b8e8b590 code [0x00000204b8e8bd00, 0x00000204b8e91008]

GC Heap History (19 events):
Event: 0.481 GC heap before
{Heap before GC invocations=0 (full 0):
 garbage-first heap   total 251904K, used 28672K [0x000000070a600000, 0x0000000800000000)
  region size 1024K, 24 young (24576K), 0 survivors (0K)
 Metaspace       used 11792K, capacity 11890K, committed 12160K, reserved 1060864K
  class space    used 1074K, capacity 1109K, committed 1152K, reserved 1048576K
}
Event: 0.484 GC heap after
{Heap after GC invocations=1 (full 0):
 garbage-first heap   total 251904K, used 6784K [0x000000070a600000, 0x0000000800000000)
  region size 1024K, 3 young (3072K), 3 survivors (3072K)
 Metaspace       used 11792K, capacity 11890K, committed 12160K, reserved 1060864K
  class space    used 1074K, capacity 1109K, committed 1152K, reserved 1048576K
}
Event: 1.130 GC heap before
{Heap before GC invocations=1 (full 0):
 garbage-first heap   total 251904K, used 50816K [0x000000070a600000, 0x0000000800000000)
  region size 1024K, 47 young (48128K), 3 survivors (3072K)
 Metaspace       used 20980K, capacity 21153K, committed 21248K, reserved 1069056K
  class space    used 2185K, capacity 2270K, committed 2304K, reserved 1048576K
}
Event: 1.139 GC heap after
{Heap after GC invocations=2 (full 0):
 garbage-first heap   total 251904K, used 10570K [0x000000070a600000, 0x0000000800000000)
  region size 1024K, 7 young (7168K), 7 survivors (7168K)
 Metaspace       used 20980K, capacity 21153K, committed 21248K, reserved 1069056K
  class space    used 2185K, capacity 2270K, committed 2304K, reserved 1048576K
}
Event: 2.043 GC heap before
{Heap before GC invocations=3 (full 0):
 garbage-first heap   total 251904K, used 74058K [0x000000070a600000, 0x0000000800000000)
  region size 1024K, 63 young (64512K), 7 survivors (7168K)
 Metaspace       used 33865K, capacity 34281K, committed 34560K, reserved 1079296K
  class space    used 4100K, capacity 4273K, committed 4352K, reserved 1048576K
}
Event: 2.053 GC heap after
{Heap after GC invocations=4 (full 0):
 garbage-first heap   total 251904K, used 23915K [0x000000070a600000, 0x0000000800000000)
  region size 1024K, 8 young (8192K), 8 survivors (8192K)
 Metaspace       used 33865K, capacity 34281K, committed 34560K, reserved 1079296K
  class space    used 4100K, capacity 4273K, committed 4352K, reserved 1048576K
}
Event: 2.145 GC heap before
{Heap before GC invocations=4 (full 0):
 garbage-first heap   total 251904K, used 30059K [0x000000070a600000, 0x0000000800000000)
  region size 1024K, 15 young (15360K), 8 survivors (8192K)
 Metaspace       used 35329K, capacity 35721K, committed 35840K, reserved 1081344K
  class space    used 4239K, capacity 4433K, committed 4480K, reserved 1048576K
}
Event: 2.150 GC heap after
{Heap after GC invocations=5 (full 0):
 garbage-first heap   total 251904K, used 25345K [0x000000070a600000, 0x0000000800000000)
  region size 1024K, 7 young (7168K), 7 survivors (7168K)
 Metaspace       used 35329K, capacity 35721K, committed 35840K, reserved 1081344K
  class space    used 4239K, capacity 4433K, committed 4480K, reserved 1048576K
}
Event: 2.423 GC heap before
{Heap before GC invocations=6 (full 0):
 garbage-first heap   total 251904K, used 51969K [0x000000070a600000, 0x0000000800000000)
  region size 1024K, 33 young (33792K), 7 survivors (7168K)
 Metaspace       used 40105K, capacity 40562K, committed 40832K, reserved 1085440K
  class space    used 4716K, capacity 4892K, committed 4992K, reserved 1048576K
}
Event: 2.429 GC heap after
{Heap after GC invocations=7 (full 0):
 garbage-first heap   total 251904K, used 26864K [0x000000070a600000, 0x0000000800000000)
  region size 1024K, 5 young (5120K), 5 survivors (5120K)
 Metaspace       used 40105K, capacity 40562K, committed 40832K, reserved 1085440K
  class space    used 4716K, capacity 4892K, committed 4992K, reserved 1048576K
}
Event: 3.565 GC heap before
{Heap before GC invocations=7 (full 0):
 garbage-first heap   total 251904K, used 107760K [0x000000070a600000, 0x0000000800000000)
  region size 1024K, 81 young (82944K), 5 survivors (5120K)
 Metaspace       used 54416K, capacity 55102K, committed 55296K, reserved 1097728K
  class space    used 6300K, capacity 6572K, committed 6656K, reserved 1048576K
}
Event: 3.576 GC heap after
{Heap after GC invocations=8 (full 0):
 garbage-first heap   total 303104K, used 40314K [0x000000070a600000, 0x0000000800000000)
  region size 1024K, 11 young (11264K), 11 survivors (11264K)
 Metaspace       used 54416K, capacity 55102K, committed 55296K, reserved 1097728K
  class space    used 6300K, capacity 6572K, committed 6656K, reserved 1048576K
}
Event: 4.192 GC heap before
{Heap before GC invocations=8 (full 0):
 garbage-first heap   total 303104K, used 94586K [0x000000070a600000, 0x0000000800000000)
  region size 1024K, 64 young (65536K), 11 survivors (11264K)
 Metaspace       used 58399K, capacity 59139K, committed 59264K, reserved 1101824K
  class space    used 6663K, capacity 6956K, committed 7040K, reserved 1048576K
}
Event: 4.202 GC heap after
{Heap after GC invocations=9 (full 0):
 garbage-first heap   total 303104K, used 49076K [0x000000070a600000, 0x0000000800000000)
  region size 1024K, 8 young (8192K), 8 survivors (8192K)
 Metaspace       used 58399K, capacity 59139K, committed 59264K, reserved 1101824K
  class space    used 6663K, capacity 6956K, committed 7040K, reserved 1048576K
}
Event: 4.258 GC heap before
{Heap before GC invocations=9 (full 0):
 garbage-first heap   total 303104K, used 53172K [0x000000070a600000, 0x0000000800000000)
  region size 1024K, 13 young (13312K), 8 survivors (8192K)
 Metaspace       used 59289K, capacity 60006K, committed 60160K, reserved 1101824K
  class space    used 6750K, capacity 7053K, committed 7168K, reserved 1048576K
}
Event: 4.265 GC heap after
{Heap after GC invocations=10 (full 0):
 garbage-first heap   total 303104K, used 51388K [0x000000070a600000, 0x0000000800000000)
  region size 1024K, 2 young (2048K), 2 survivors (2048K)
 Metaspace       used 59289K, capacity 60006K, committed 60160K, reserved 1101824K
  class space    used 6750K, capacity 7053K, committed 7168K, reserved 1048576K
}
Event: 5.655 GC heap before
{Heap before GC invocations=11 (full 0):
 garbage-first heap   total 303104K, used 139452K [0x000000070a600000, 0x0000000800000000)
  region size 1024K, 86 young (88064K), 2 survivors (2048K)
 Metaspace       used 65212K, capacity 65979K, committed 66304K, reserved 1107968K
  class space    used 7246K, capacity 7574K, committed 7680K, reserved 1048576K
}
Event: 5.666 GC heap after
{Heap after GC invocations=12 (full 0):
 garbage-first heap   total 303104K, used 68267K [0x000000070a600000, 0x0000000800000000)
  region size 1024K, 11 young (11264K), 11 survivors (11264K)
 Metaspace       used 65212K, capacity 65979K, committed 66304K, reserved 1107968K
  class space    used 7246K, capacity 7574K, committed 7680K, reserved 1048576K
}
Event: 7.113 GC heap before
{Heap before GC invocations=12 (full 0):
 garbage-first heap   total 303104K, used 167595K [0x000000070a600000, 0x0000000800000000)
  region size 1024K, 107 young (109568K), 11 survivors (11264K)
 Metaspace       used 70846K, capacity 71759K, committed 71808K, reserved 1114112K
  class space    used 7663K, capacity 8039K, committed 8064K, reserved 1048576K
}

Deoptimization events (20 events):
Event: 7.101 Thread 0x00000204ad73e000 DEOPT PACKING pc=0x00000204bdf0ded4 sp=0x00000028aa2f4770
Event: 7.101 Thread 0x00000204ad73e000 DEOPT UNPACKING pc=0x00000204b5efa1af sp=0x00000028aa2f4720 mode 2
Event: 7.102 Thread 0x00000204ad73e000 Uncommon trap: trap_request=0xffffff4d fr.pc=0x00000204bda6ed0c relative=0x000000000000054c
Event: 7.102 Thread 0x00000204ad73e000 Uncommon trap: reason=unstable_if action=reinterpret pc=0x00000204bda6ed0c method=java.lang.AbstractStringBuilder.append(Ljava/lang/String;)Ljava/lang/AbstractStringBuilder; @ 1 c2
Event: 7.102 Thread 0x00000204ad73e000 DEOPT PACKING pc=0x00000204bda6ed0c sp=0x00000028aa2f40b0
Event: 7.102 Thread 0x00000204ad73e000 DEOPT UNPACKING pc=0x00000204b5efa1af sp=0x00000028aa2f4020 mode 2
Event: 7.102 Thread 0x00000204ad73e000 Uncommon trap: trap_request=0xffffff4d fr.pc=0x00000204bdc4f590 relative=0x0000000000000490
Event: 7.102 Thread 0x00000204ad73e000 Uncommon trap: reason=unstable_if action=reinterpret pc=0x00000204bdc4f590 method=org.jetbrains.kotlin.com.intellij.lang.impl.PsiBuilderImpl.createComposite(Lorg/jetbrains/kotlin/com/intellij/lang/impl/PsiBuilderImpl$StartMarker;Lorg/jetbrains/kotlin/com/
Event: 7.102 Thread 0x00000204ad73e000 DEOPT PACKING pc=0x00000204bdc4f590 sp=0x00000028aa2f38d0
Event: 7.102 Thread 0x00000204ad73e000 DEOPT UNPACKING pc=0x00000204b5efa1af sp=0x00000028aa2f3888 mode 2
Event: 7.104 Thread 0x00000204ad73e000 Uncommon trap: trap_request=0xffffffde fr.pc=0x00000204bdec1a0c relative=0x000000000000022c
Event: 7.104 Thread 0x00000204ad73e000 Uncommon trap: reason=class_check action=maybe_recompile pc=0x00000204bdec1a0c method=org.jetbrains.kotlin.resolve.scopes.LazyScopeAdapter.getWorkerScope()Lorg/jetbrains/kotlin/resolve/scopes/MemberScope; @ 9 c2
Event: 7.104 Thread 0x00000204ad73e000 DEOPT PACKING pc=0x00000204bdec1a0c sp=0x00000028aa2f2710
Event: 7.104 Thread 0x00000204ad73e000 DEOPT UNPACKING pc=0x00000204b5efa1af sp=0x00000028aa2f2658 mode 2
Event: 7.108 Thread 0x00000204ad73e000 DEOPT PACKING pc=0x00000204b720f443 sp=0x00000028aa2f2240
Event: 7.108 Thread 0x00000204ad73e000 DEOPT UNPACKING pc=0x00000204b5efa95e sp=0x00000028aa2f16e0 mode 0
Event: 7.108 Thread 0x00000204ad73e000 Uncommon trap: trap_request=0xffffff4d fr.pc=0x00000204be052b44 relative=0x00000000000026a4
Event: 7.108 Thread 0x00000204ad73e000 Uncommon trap: reason=unstable_if action=reinterpret pc=0x00000204be052b44 method=org.jetbrains.org.objectweb.asm.ClassReader.readMethod(Lorg/jetbrains/org/objectweb/asm/ClassVisitor;Lorg/jetbrains/org/objectweb/asm/Context;I)I @ 895 c2
Event: 7.108 Thread 0x00000204ad73e000 DEOPT PACKING pc=0x00000204be052b44 sp=0x00000028aa2f1fb0
Event: 7.108 Thread 0x00000204ad73e000 DEOPT UNPACKING pc=0x00000204b5efa1af sp=0x00000028aa2f1f18 mode 2

Classes redefined (0 events):
No events

Internal exceptions (20 events):
Event: 4.152 Thread 0x00000204ad73e000 Implicit null exception at 0x00000204bdccb833 to 0x00000204bdccbc08
Event: 4.189 Thread 0x00000204ad73e000 Implicit null exception at 0x00000204bdb00375 to 0x00000204bdb0054c
Event: 4.315 Thread 0x00000204ad73e000 Exception <a 'java/lang/NoSuchMethodError'{0x000000071cb6ff00}: 'void java.lang.invoke.DirectMethodHandle$Holder.invokeInterface(java.lang.Object, java.lang.Object)'> (0x000000071cb6ff00) thrown at [./src/hotspot/share/interpreter/linkResolver.cpp, line 773]
Event: 4.445 Thread 0x00000204ad73e000 Exception <a 'java/lang/NoSuchMethodError'{0x000000071c265ff8}: 'java.lang.Object java.lang.invoke.DirectMethodHandle$Holder.invokeStaticInit(java.lang.Object, java.lang.Object, java.lang.Object)'> (0x000000071c265ff8) thrown at [./src/hotspot/share/interpreter/linkResolver.cpp, line 773]
Event: 4.471 Thread 0x00000204ad73e000 Exception <a 'java/lang/NoSuchMethodError'{0x000000071c180ac0}: 'java.lang.Object java.lang.invoke.DirectMethodHandle$Holder.invokeSpecial(java.lang.Object, java.lang.Object, java.lang.Object, java.lang.Object, java.lang.Object, java.lang.Object, java.lang.Object, java.lang.Object, java.lang.Object)'> (0x000000071c180ac0) thrown at [./src/hotspot/share/interpreter/linkResolver.cpp, line 773]
Event: 4.471 Thread 0x00000204ad73e000 Exception <a 'java/lang/NoSuchMethodError'{0x000000071c184cb8}: 'java.lang.Object java.lang.invoke.Invokers$Holder.linkToTargetMethod(java.lang.Object, java.lang.Object, java.lang.Object, java.lang.Object, java.lang.Object, java.lang.Object, java.lang.Object, java.lang.Object)'> (0x000000071c184cb8) thrown at [./src/hotspot/share/interpreter/linkResolver.cpp, line 773]
Event: 4.526 Thread 0x00000204ad73e000 Exception <a 'java/lang/NoSuchMethodError'{0x000000071be99d88}: 'int java.lang.invoke.DirectMethodHandle$Holder.invokeInterface(java.lang.Object, java.lang.Object)'> (0x000000071be99d88) thrown at [./src/hotspot/share/interpreter/linkResolver.cpp, line 773]
Event: 4.745 Thread 0x00000204ad73e000 Exception <a 'java/lang/IncompatibleClassChangeError'{0x000000071b6c26c0}: Found class java.lang.Object, but interface was expected> (0x000000071b6c26c0) thrown at [./src/hotspot/share/interpreter/linkResolver.cpp, line 839]
Event: 4.940 Thread 0x00000204ad73e000 Exception <a 'java/lang/NoSuchMethodError'{0x000000071ae951d0}: 'java.lang.Object java.lang.invoke.DirectMethodHandle$Holder.invokeStatic(java.lang.Object, int, java.lang.Object)'> (0x000000071ae951d0) thrown at [./src/hotspot/share/interpreter/linkResolver.cpp, line 773]
Event: 4.974 Thread 0x00000204ad73e000 Implicit null exception at 0x00000204bdab08de to 0x00000204bdab10be
Event: 4.974 Thread 0x00000204ad73e000 Implicit null exception at 0x00000204bdae522f to 0x00000204bdae52a9
Event: 4.996 Thread 0x00000204ad73e000 Exception <a 'java/lang/NoSuchMethodError'{0x000000071ab2ab78}: 'java.lang.Object java.lang.invoke.DirectMethodHandle$Holder.invokeInterface(java.lang.Object, java.lang.Object, java.lang.Object)'> (0x000000071ab2ab78) thrown at [./src/hotspot/share/interpreter/linkResolver.cpp, line 773]
Event: 4.996 Thread 0x00000204ad73e000 Exception <a 'java/lang/IncompatibleClassChangeError'{0x000000071ab2dda8}: Found class java.lang.Object, but interface was expected> (0x000000071ab2dda8) thrown at [./src/hotspot/share/interpreter/linkResolver.cpp, line 839]
Event: 5.273 Thread 0x00000204ad73e000 Exception <a 'java/lang/NoSuchMethodError'{0x0000000719b6f8a0}: 'java.lang.Object java.lang.invoke.DirectMethodHandle$Holder.invokeStatic(java.lang.Object, int, java.lang.Object, java.lang.Object)'> (0x0000000719b6f8a0) thrown at [./src/hotspot/share/interpreter/linkResolver.cpp, line 773]
Event: 5.720 Thread 0x00000204ad73e000 Implicit null exception at 0x00000204bde9c899 to 0x00000204bde9cc87
Event: 5.862 Thread 0x00000204ad73e000 Exception <a 'java/lang/NoSuchMethodError'{0x000000071c063c18}: 'java.lang.Object java.lang.invoke.Invokers$Holder.linkToTargetMethod(java.lang.Object, java.lang.Object, java.lang.Object, java.lang.Object, java.lang.Object, java.lang.Object, java.lang.Object)'> (0x000000071c063c18) thrown at [./src/hotspot/share/interpreter/linkResolver.cpp, line 773]
Event: 6.098 Thread 0x00000204ad73e000 Exception <a 'java/lang/NoSuchMethodError'{0x000000071b4e88b8}: 'int java.lang.invoke.DirectMethodHandle$Holder.invokeStaticInit(java.lang.Object, int)'> (0x000000071b4e88b8) thrown at [./src/hotspot/share/interpreter/linkResolver.cpp, line 773]
Event: 6.249 Thread 0x00000204ad73e000 Exception <a 'java/lang/NoSuchMethodError'{0x000000071a8409e8}: 'java.lang.Object java.lang.invoke.Invokers$Holder.linkToTargetMethod(java.lang.Object, java.lang.Object, java.lang.Object, int, int, java.lang.Object)'> (0x000000071a8409e8) thrown at [./src/hotspot/share/interpreter/linkResolver.cpp, line 773]
Event: 6.796 Thread 0x00000204ad73e000 Exception <a 'java/lang/NoSuchMethodError'{0x000000071834e5f0}: 'java.lang.Object java.lang.invoke.DirectMethodHandle$Holder.invokeSpecial(java.lang.Object, java.lang.Object, int, java.lang.Object, java.lang.Object)'> (0x000000071834e5f0) thrown at [./src/hotspot/share/interpreter/linkResolver.cpp, line 773]
Event: 7.102 Thread 0x00000204ad73e000 Implicit null exception at 0x00000204bda6e7f4 to 0x00000204bda6ecf4

Events (20 events):
Event: 7.088 loading class org/jetbrains/kotlin/resolve/FunctionDescriptorResolver$resolveValueParameters$containsErrorType$1 done
Event: 7.099 loading class org/jetbrains/kotlin/types/model/TypeSystemContext$iterator$1
Event: 7.099 loading class org/jetbrains/kotlin/types/model/TypeSystemContext$iterator$1 done
Event: 7.100 loading class org/jetbrains/kotlin/descriptors/FunctionDescriptor
Event: 7.100 loading class org/jetbrains/kotlin/descriptors/FunctionDescriptor done
Event: 7.100 loading class org/jetbrains/kotlin/resolve/DescriptorResolver
Event: 7.100 loading class org/jetbrains/kotlin/resolve/DescriptorResolver done
Event: 7.101 loading class org/jetbrains/kotlin/types/expressions/FakeCallResolver$resolveFakeCall$result$1
Event: 7.101 loading class org/jetbrains/kotlin/types/expressions/FakeCallResolver$resolveFakeCall$result$1 done
Event: 7.102 loading class org/jetbrains/kotlin/com/intellij/psi/impl/source/tree/Factory
Event: 7.102 loading class org/jetbrains/kotlin/com/intellij/psi/impl/source/tree/Factory done
Event: 7.102 loading class org/jetbrains/kotlin/com/intellij/psi/impl/source/tree/PsiErrorElementImpl
Event: 7.102 loading class org/jetbrains/kotlin/com/intellij/psi/impl/source/tree/PsiErrorElementImpl done
Event: 7.103 loading class org/jetbrains/kotlin/types/expressions/FakeCallResolver$WhenMappings
Event: 7.103 loading class org/jetbrains/kotlin/types/expressions/FakeCallResolver$WhenMappings done
Event: 7.103 loading class org/jetbrains/kotlin/types/expressions/FakeCallResolver$TracingStrategyForComponentCall
Event: 7.103 loading class org/jetbrains/kotlin/types/expressions/FakeCallResolver$TracingStrategyForComponentCall done
Event: 7.104 loading class java/util/Map/Entry
Event: 7.104 loading class java/util/Map/Entry done
Event: 7.113 Executing VM operation: G1CollectForAllocation


Dynamic libraries:
0x00007ff6694f0000 - 0x00007ff6694fd000 	C:\Program Files\Microsoft\jdk-11.0.18.10-hotspot\bin\java.exe
0x00007fff3cd30000 - 0x00007fff3cf44000 	C:\WINDOWS\SYSTEM32\ntdll.dll
0x00007fff3ad30000 - 0x00007fff3adf2000 	C:\WINDOWS\System32\KERNEL32.DLL
0x00007fff3a130000 - 0x00007fff3a4d3000 	C:\WINDOWS\System32\KERNELBASE.dll
0x00007fff3a930000 - 0x00007fff3aa41000 	C:\WINDOWS\System32\ucrtbase.dll
0x00007fff2d0f0000 - 0x00007fff2d107000 	C:\Program Files\Microsoft\jdk-11.0.18.10-hotspot\bin\jli.dll
0x00007fff2d0d0000 - 0x00007fff2d0e5000 	C:\Program Files\Microsoft\jdk-11.0.18.10-hotspot\bin\VCRUNTIME140.dll
0x00007fff3ca40000 - 0x00007fff3cbea000 	C:\WINDOWS\System32\USER32.dll
0x00007fff3a890000 - 0x00007fff3a8b6000 	C:\WINDOWS\System32\win32u.dll
0x00007fff3b920000 - 0x00007fff3b949000 	C:\WINDOWS\System32\GDI32.dll
0x00007fff3a560000 - 0x00007fff3a679000 	C:\WINDOWS\System32\gdi32full.dll
0x00007fff3a680000 - 0x00007fff3a71a000 	C:\WINDOWS\System32\msvcp_win.dll
0x00007fff15d20000 - 0x00007fff15fae000 	C:\WINDOWS\WinSxS\amd64_microsoft.windows.common-controls_6595b64144ccf1df_6.0.22621.1635_none_270f70857386168e\COMCTL32.dll
0x00007fff3b400000 - 0x00007fff3b4a7000 	C:\WINDOWS\System32\msvcrt.dll
0x00007fff3b890000 - 0x00007fff3b8c1000 	C:\WINDOWS\System32\IMM32.DLL
0x00007fff01400000 - 0x00007fff0149b000 	C:\Program Files\Microsoft\jdk-11.0.18.10-hotspot\bin\msvcp140.dll
0x00007ffeeb3a0000 - 0x00007ffeebf32000 	C:\Program Files\Microsoft\jdk-11.0.18.10-hotspot\bin\server\jvm.dll
0x00007fff3b2c0000 - 0x00007fff3b36e000 	C:\WINDOWS\System32\ADVAPI32.dll
0x00007fff3b190000 - 0x00007fff3b234000 	C:\WINDOWS\System32\sechost.dll
0x00007fff3ac10000 - 0x00007fff3ad27000 	C:\WINDOWS\System32\RPCRT4.dll
0x00007fff3c900000 - 0x00007fff3c908000 	C:\WINDOWS\System32\PSAPI.DLL
0x00007fff32eb0000 - 0x00007fff32ee4000 	C:\WINDOWS\SYSTEM32\WINMM.dll
0x00007fff28590000 - 0x00007fff28599000 	C:\WINDOWS\SYSTEM32\WSOCK32.dll
0x00007fff321b0000 - 0x00007fff321ba000 	C:\WINDOWS\SYSTEM32\VERSION.dll
0x00007fff3b240000 - 0x00007fff3b2b1000 	C:\WINDOWS\System32\WS2_32.dll
0x00007fff39170000 - 0x00007fff39188000 	C:\WINDOWS\SYSTEM32\kernel.appcore.dll
0x00007fff2dbe0000 - 0x00007fff2dbf0000 	C:\Program Files\Microsoft\jdk-11.0.18.10-hotspot\bin\verify.dll
0x00007fff297c0000 - 0x00007fff299ee000 	C:\WINDOWS\SYSTEM32\DBGHELP.DLL
0x00007fff3ae00000 - 0x00007fff3b189000 	C:\WINDOWS\System32\combase.dll
0x00007fff3b7b0000 - 0x00007fff3b887000 	C:\WINDOWS\System32\OLEAUT32.dll
0x00007fff2ce70000 - 0x00007fff2cea2000 	C:\WINDOWS\SYSTEM32\dbgcore.DLL
0x00007fff3a4e0000 - 0x00007fff3a55a000 	C:\WINDOWS\System32\bcryptPrimitives.dll
0x00007fff14b30000 - 0x00007fff14b58000 	C:\Program Files\Microsoft\jdk-11.0.18.10-hotspot\bin\java.dll
0x00007fff2ce10000 - 0x00007fff2ce1a000 	C:\Program Files\Microsoft\jdk-11.0.18.10-hotspot\bin\jimage.dll
0x00007fff292d0000 - 0x00007fff292e8000 	C:\Program Files\Microsoft\jdk-11.0.18.10-hotspot\bin\zip.dll
0x00007fff3c100000 - 0x00007fff3c8f9000 	C:\WINDOWS\System32\SHELL32.dll
0x00007fff38120000 - 0x00007fff389ee000 	C:\WINDOWS\SYSTEM32\windows.storage.dll
0x00007fff37fe0000 - 0x00007fff3811e000 	C:\WINDOWS\SYSTEM32\wintypes.dll
0x00007fff3cbf0000 - 0x00007fff3cce1000 	C:\WINDOWS\System32\SHCORE.dll
0x00007fff3c080000 - 0x00007fff3c0de000 	C:\WINDOWS\System32\shlwapi.dll
0x00007fff3a060000 - 0x00007fff3a086000 	C:\WINDOWS\SYSTEM32\profapi.dll
0x00007fff25360000 - 0x00007fff25379000 	C:\Program Files\Microsoft\jdk-11.0.18.10-hotspot\bin\net.dll
0x00007fff33a50000 - 0x00007fff33b87000 	C:\WINDOWS\SYSTEM32\WINHTTP.dll
0x00007fff395f0000 - 0x00007fff39659000 	C:\WINDOWS\system32\mswsock.dll
0x00007fff1fd40000 - 0x00007fff1fd53000 	C:\Program Files\Microsoft\jdk-11.0.18.10-hotspot\bin\nio.dll

dbghelp: loaded successfully - version: 4.0.5 - missing functions: none
symbol engine: initialized successfully - sym options: 0x614 - pdb path: .;C:\Program Files\Microsoft\jdk-11.0.18.10-hotspot\bin;C:\WINDOWS\SYSTEM32;C:\WINDOWS\WinSxS\amd64_microsoft.windows.common-controls_6595b64144ccf1df_6.0.22621.1635_none_270f70857386168e;C:\Program Files\Microsoft\jdk-11.0.18.10-hotspot\bin\server

VM Arguments:
java_command: org.jetbrains.kotlin.cli.jvm.K2JVMCompiler @D:\MusinexFull\Frontend\node_modules\expo-modules-core\android\build\20230716_15685416573772724949.compiler.options
java_class_path (initial): C:\Users\Anton\.gradle\caches\modules-2\files-2.1\org.jetbrains.kotlin\kotlin-compiler-embeddable\1.8.10\b0757fd774344d54ce93f5ad6c30ba1c1731c8ff\kotlin-compiler-embeddable-1.8.10.jar;C:\Users\Anton\.gradle\caches\modules-2\files-2.1\org.jetbrains.kotlin\kotlin-stdlib\1.8.10\6d5560a229477df9406943d5feda5618e98eb64c\kotlin-stdlib-1.8.10.jar;C:\Users\Anton\.gradle\caches\modules-2\files-2.1\org.jetbrains.kotlin\kotlin-script-runtime\1.8.10\b13ea9c7e46d589139e56086a878763290e20bd5\kotlin-script-runtime-1.8.10.jar;C:\Users\Anton\.gradle\caches\modules-2\files-2.1\org.jetbrains.kotlin\kotlin-reflect\1.6.10\1cbe9c92c12a94eea200d23c2bbaedaf3daf5132\kotlin-reflect-1.6.10.jar;C:\Users\Anton\.gradle\caches\modules-2\files-2.1\org.jetbrains.kotlin\kotlin-daemon-embeddable\1.8.10\ad8541d9bc1cf9e52c3204161247910c2cf601d4\kotlin-daemon-embeddable-1.8.10.jar;C:\Users\Anton\.gradle\caches\modules-2\files-2.1\org.jetbrains.intellij.deps\trove4j\1.0.20200330\3afb14d5f9ceb459d724e907a21145e8ff394f02\trove4j-1.0.20200330.jar;C:\Users\Anton\.gradle\caches\modules-2\files-2.1\net.java.dev.jna\jna\5.6.0\330f2244e9030119ab3030fc3fededc86713d9cc\jna-5.6.0.jar;C:\Users\Anton\.gradle\caches\modules-2\files-2.1\org.jetbrains.kotlin\kotlin-stdlib-common\1.8.10\a61b182458550492c12aee66157d7b524a63a5ec\kotlin-stdlib-common-1.8.10.jar;C:\Users\Anton\.gradle\caches\modules-2\files-2.1\org.jetbrains\annotations\13.0\919f0dfe192fb4e063e7dacadee7f8bb9a2672a9\annotations-13.0.jar
Launcher Type: SUN_STANDARD

[Global flags]
     intx CICompilerCount                          = 12                                        {product} {ergonomic}
     uint ConcGCThreads                            = 3                                         {product} {ergonomic}
     uint G1ConcRefinementThreads                  = 13                                        {product} {ergonomic}
   size_t G1HeapRegionSize                         = 1048576                                   {product} {ergonomic}
    uintx GCDrainStackTargetSize                   = 64                                        {product} {ergonomic}
   size_t InitialHeapSize                          = 257949696                                 {product} {ergonomic}
   size_t MarkStackSize                            = 4194304                                   {product} {ergonomic}
   size_t MaxHeapSize                              = 4120903680                                {product} {ergonomic}
   size_t MaxNewSize                               = 2472542208                                {product} {ergonomic}
   size_t MinHeapDeltaBytes                        = 1048576                                   {product} {ergonomic}
    uintx NonNMethodCodeHeapSize                   = 7594288                                {pd product} {ergonomic}
    uintx NonProfiledCodeHeapSize                  = 122031976                              {pd product} {ergonomic}
    uintx ProfiledCodeHeapSize                     = 122031976                              {pd product} {ergonomic}
    uintx ReservedCodeCacheSize                    = 251658240                              {pd product} {ergonomic}
     bool SegmentedCodeCache                       = true                                      {product} {ergonomic}
     bool UseCompressedClassPointers               = true                                 {lp64_product} {ergonomic}
     bool UseCompressedOops                        = true                                 {lp64_product} {ergonomic}
     bool UseG1GC                                  = true                                      {product} {ergonomic}
     bool UseLargePagesIndividualAllocation        = false                                  {pd product} {ergonomic}

Logging:
Log output configuration:
 #0: stdout all=warning uptime,level,tags
 #1: stderr all=off uptime,level,tags

Environment Variables:
JAVA_HOME=C:\Program Files\Microsoft\jdk-11.0.18.10-hotspot\
CLASSPATH=D:\MusinexFull\Frontend\android\\gradle\wrapper\gradle-wrapper.jar
PATH=C:\Program Files\Microsoft\jdk-11.0.18.10-hotspot\bin;C:\Program Files\Common Files\Oracle\Java\javapath;C:\Python311\Scripts\;C:\Python311\;C:\WINDOWS\system32;C:\WINDOWS;C:\WINDOWS\System32\Wbem;C:\WINDOWS\System32\WindowsPowerShell\v1.0\;C:\WINDOWS\System32\OpenSSH\;D:\Git\cmd;C:\Program Files\NVIDIA Corporation\NVIDIA NvDLISR;C:\Program Files\nodejs\;C:\ProgramData\chocolatey\bin;C:\Program Files (x86)\Yarn\bin\;C:\Program Files (x86)\NVIDIA Corporation\PhysX\Common;C:\Users\Anton\AppData\Local\Android\Sdk\platform-tools;D:\MusinexFull\Frontend\node_modules\.bin
USERNAME=Anton
OS=Windows_NT
PROCESSOR_IDENTIFIER=AMD64 Family 25 Model 80 Stepping 0, AuthenticAMD
TMP=C:\Users\Anton\AppData\Local\Temp
TEMP=C:\Users\Anton\AppData\Local\Temp



---------------  S Y S T E M  ---------------

OS: Windows 11 , 64 bit Build 22621 (10.0.22621.1928)
OS uptime: 0 days 10:18 hours

CPU:total 16 (initial active 16) (16 cores per cpu, 2 threads per core) family 25 model 80 stepping 0 microcode 0x0, cmov, cx8, fxsr, mmx, sse, sse2, sse3, ssse3, sse4.1, sse4.2, popcnt, avx, avx2, aes, clmul, erms, mmxext, 3dnowpref, lzcnt, sse4a, ht, tsc, tscinvbit, tscinv, bmi1, bmi2, adx, sha, fma

Memory: 4k page, system-wide physical 15716M (474M free)
TotalPageFile size 28457M (AvailPageFile size 32M)
current process WorkingSet (physical memory assigned to process): 441M, peak: 442M
current process commit charge ("private bytes"): 586M, peak: 646M

vm_info: OpenJDK 64-Bit Server VM (11.0.18+10-LTS) for windows-amd64 JRE (11.0.18+10-LTS), built on Jan 18 2023 15:56:47 by "MicrosoftCorporation" with MS VC++ 15.9 (VS2017)

END.
